[2025-12-06 00:01:23] [INFO ] TC_SeatTest - Before Suite executed
[2025-12-06 00:01:23] [INFO ] TestListener - >>> START TEST SUITE: register test
[2025-12-06 00:01:23] [INFO ] TestListener - >>> FINISH TEST SUITE: register test
[2025-12-06 00:01:23] [INFO ] TestListener - >>> START TEST SUITE: home test
[2025-12-06 00:01:23] [INFO ] TC_CinemaTest - Before class executed
[2025-12-06 00:01:26] [INFO ] TopBarNavigation - click: By.xpath: //h3[text()='Đăng Nhập']
[2025-12-06 00:01:26] [INFO ] TopBarNavigation - waitForElementToBeClickable: By.xpath: //h3[text()='Đăng Nhập']
[2025-12-06 00:01:27] [INFO ] LoginPage - enterAccount: cam0592
[2025-12-06 00:01:27] [INFO ] LoginPage - sendKeys: By.id: taiKhoan with cam0592
[2025-12-06 00:01:27] [INFO ] LoginPage - waitForVisibilityOfElementLocated: By.id: taiKhoan
[2025-12-06 00:01:27] [INFO ] LoginPage - enterPassword: Diqit0505@
[2025-12-06 00:01:27] [INFO ] LoginPage - sendKeys: By.id: matKhau with Diqit0505@
[2025-12-06 00:01:27] [INFO ] LoginPage - waitForVisibilityOfElementLocated: By.id: matKhau
[2025-12-06 00:01:27] [INFO ] LoginPage - clickLogin
[2025-12-06 00:01:27] [INFO ] LoginPage - click: By.xpath: //button[.='Đăng nhập']
[2025-12-06 00:01:27] [INFO ] LoginPage - waitForElementToBeClickable: By.xpath: //button[.='Đăng nhập']
[2025-12-06 00:01:27] [INFO ] TC_CinemaTest - Before Method executed
[2025-12-06 00:01:27] [INFO ] TestListener - ===== START TEST: TC05_verifyTicketAtSeatPageWhenUserBookTicketAtListCinema =====
[2025-12-06 00:01:27] [INFO ] HomePage - click: By.xpath: //button[.//img[contains(@alt, 'cgv')]]
[2025-12-06 00:01:27] [INFO ] HomePage - waitForElementToBeClickable: By.xpath: //button[.//img[contains(@alt, 'cgv')]]
[2025-12-06 00:01:30] [INFO ] HomePage - click: By.xpath: //button[.//h4[contains(text(),'CGV - Golden Plaza')]]
[2025-12-06 00:01:30] [INFO ] HomePage - waitForElementToBeClickable: By.xpath: //button[.//h4[contains(text(),'CGV - Golden Plaza')]]
[2025-12-06 00:01:31] [INFO ] HomePage - click: By.xpath: //h2[contains(., 'AVATAR 2')]/following-sibling::div//a[.//p[contains(text(),'15-10-2021')]and .//h3[contains(text(),'08:42')]]
[2025-12-06 00:01:31] [INFO ] HomePage - waitForElementToBeClickable: By.xpath: //h2[contains(., 'AVATAR 2')]/following-sibling::div//a[.//p[contains(text(),'15-10-2021')]and .//h3[contains(text(),'08:42')]]
[2025-12-06 00:01:31] [INFO ] SeatPage - getText: By.xpath: //div[h3[contains(text(),'Cụm Rạp:')]]
[2025-12-06 00:01:31] [INFO ] SeatPage - waitForVisibilityOfElementLocated: By.xpath: //div[h3[contains(text(),'Cụm Rạp:')]]
[2025-12-06 00:01:33] [INFO ] HomePage - getText: By.xpath: //div[@role='tabpanel']//button[contains(@aria-selected,'true')]//h4
[2025-12-06 00:01:33] [INFO ] HomePage - waitForVisibilityOfElementLocated: By.xpath: //div[@role='tabpanel']//button[contains(@aria-selected,'true')]//h4
[2025-12-06 00:03:13] [ERROR] TestListener - ===== FAILED TEST: TC05_verifyTicketAtSeatPageWhenUserBookTicketAtListCinema =====
org.openqa.selenium.TimeoutException: Expected condition failed: waiting for visibility of element located by By.xpath: //div[@role='tabpanel']//button[contains(@aria-selected,'true')]//h4 (tried for 100 second(s) with 500 milliseconds interval)
Build info: version: '4.35.0', revision: '1c58e5028b'
System info: os.name: 'Mac OS X', os.arch: 'aarch64', os.version: '15.6', java.version: '21.0.8'
Driver info: org.openqa.selenium.chrome.ChromeDriver
Capabilities {acceptInsecureCerts: false, browserName: chrome, browserVersion: 142.0.7444.177, chrome: {chromedriverVersion: 142.0.7444.175 (302067f14a4..., userDataDir: /var/folders/0n/zwyxq8hd4nl...}, fedcm:accounts: true, goog:chromeOptions: {debuggerAddress: localhost:51461}, goog:processID: 25769, networkConnectionEnabled: false, pageLoadStrategy: normal, platformName: mac, proxy: Proxy(), se:cdp: ws://localhost:51461/devtoo..., se:cdpVersion: 142.0.7444.177, setWindowRect: true, strictFileInteractability: false, timeouts: {implicit: 0, pageLoad: 300000, script: 30000}, unhandledPromptBehavior: dismiss and notify, webauthn:extension:credBlob: true, webauthn:extension:largeBlob: true, webauthn:extension:minPinLength: true, webauthn:extension:prf: true, webauthn:virtualAuthenticators: true}
Session ID: 6e103076692f49f44d55f6a00ebb62a3
	at org.openqa.selenium.support.ui.WebDriverWait.timeoutException(WebDriverWait.java:84)
	at org.openqa.selenium.support.ui.FluentWait.until(FluentWait.java:228)
	at base.BasePage.waitForVisibilityOfElementLocated(BasePage.java:27)
	at base.BasePage.getText(BasePage.java:54)
	at pages.HomePage.getNameCinemaBranch(HomePage.java:214)
	at testcases.home.TC_CinemaTest.TC05_verifyTicketAtSeatPageWhenUserBookTicketAtListCinema(TC_CinemaTest.java:95)
	at java.base/jdk.internal.reflect.DirectMethodHandleAccessor.invoke(DirectMethodHandleAccessor.java:103)
	at java.base/java.lang.reflect.Method.invoke(Method.java:580)
	at org.testng.internal.invokers.MethodInvocationHelper.invokeMethod(MethodInvocationHelper.java:141)
	at org.testng.internal.invokers.TestInvoker.invokeMethod(TestInvoker.java:687)
	at org.testng.internal.invokers.TestInvoker.invokeTestMethod(TestInvoker.java:230)
	at org.testng.internal.invokers.MethodRunner.runInSequence(MethodRunner.java:63)
	at org.testng.internal.invokers.TestInvoker$MethodInvocationAgent.invoke(TestInvoker.java:995)
	at org.testng.internal.invokers.TestInvoker.invokeTestMethods(TestInvoker.java:203)
	at org.testng.internal.invokers.TestMethodWorker.invokeTestMethods(TestMethodWorker.java:154)
	at org.testng.internal.invokers.TestMethodWorker.run(TestMethodWorker.java:134)
	at java.base/java.util.concurrent.Executors$RunnableAdapter.call(Executors.java:572)
	at java.base/java.util.concurrent.FutureTask.run(FutureTask.java:317)
	at org.testng.internal.thread.graph.TestNGFutureTask.run(TestNGFutureTask.java:22)
	at java.base/java.util.concurrent.ThreadPoolExecutor.runWorker(ThreadPoolExecutor.java:1144)
	at java.base/java.util.concurrent.ThreadPoolExecutor$Worker.run(ThreadPoolExecutor.java:642)
	at java.base/java.lang.Thread.run(Thread.java:1583)
[2025-12-06 00:03:13] [INFO ] TC_CinemaTest - After Method executed
[2025-12-06 00:03:13] [INFO ] TC_CinemaTest - After class executed
[2025-12-06 00:03:13] [INFO ] TestListener - >>> FINISH TEST SUITE: home test
[2025-12-06 00:03:13] [INFO ] TestListener - >>> START TEST SUITE: showtime test
[2025-12-06 00:03:13] [INFO ] TestListener - >>> FINISH TEST SUITE: showtime test
[2025-12-06 00:03:13] [INFO ] TestListener - >>> START TEST SUITE: seat test
[2025-12-06 00:03:13] [INFO ] TestListener - >>> FINISH TEST SUITE: seat test
[2025-12-06 00:03:13] [INFO ] TC_SeatTest - Test Suite completed
[2025-12-06 00:12:00] [INFO ] TC_SeatTest - Before Suite executed
[2025-12-06 00:12:00] [INFO ] TestListener - >>> START TEST SUITE: register test
[2025-12-06 00:12:00] [INFO ] TestListener - >>> FINISH TEST SUITE: register test
[2025-12-06 00:12:01] [INFO ] TestListener - >>> START TEST SUITE: home test
[2025-12-06 00:12:01] [INFO ] TC_CinemaTest - Before class executed
[2025-12-06 00:12:05] [INFO ] TopBarNavigation - click: By.xpath: //h3[text()='Đăng Nhập']
[2025-12-06 00:12:05] [INFO ] TopBarNavigation - waitForElementToBeClickable: By.xpath: //h3[text()='Đăng Nhập']
[2025-12-06 00:12:05] [INFO ] LoginPage - enterAccount: cam0592
[2025-12-06 00:12:05] [INFO ] LoginPage - sendKeys: By.id: taiKhoan with cam0592
[2025-12-06 00:12:05] [INFO ] LoginPage - waitForVisibilityOfElementLocated: By.id: taiKhoan
[2025-12-06 00:12:05] [INFO ] LoginPage - enterPassword: Diqit0505@
[2025-12-06 00:12:05] [INFO ] LoginPage - sendKeys: By.id: matKhau with Diqit0505@
[2025-12-06 00:12:05] [INFO ] LoginPage - waitForVisibilityOfElementLocated: By.id: matKhau
[2025-12-06 00:12:06] [INFO ] LoginPage - clickLogin
[2025-12-06 00:12:06] [INFO ] LoginPage - click: By.xpath: //button[.='Đăng nhập']
[2025-12-06 00:12:06] [INFO ] LoginPage - waitForElementToBeClickable: By.xpath: //button[.='Đăng nhập']
[2025-12-06 00:12:06] [INFO ] TC_CinemaTest - Before Method executed
[2025-12-06 00:12:06] [INFO ] TestListener - ===== START TEST: TC05_verifyTicketAtSeatPageWhenUserBookTicketAtListCinema =====
[2025-12-06 00:12:06] [INFO ] HomePage - click: By.xpath: //button[.//img[contains(@alt, 'cgv')]]
[2025-12-06 00:12:06] [INFO ] HomePage - waitForElementToBeClickable: By.xpath: //button[.//img[contains(@alt, 'cgv')]]
[2025-12-06 00:12:09] [INFO ] HomePage - click: By.xpath: //button[.//h4[contains(text(),'CGV - Golden Plaza')]]
[2025-12-06 00:12:09] [INFO ] HomePage - waitForElementToBeClickable: By.xpath: //button[.//h4[contains(text(),'CGV - Golden Plaza')]]
[2025-12-06 00:12:10] [INFO ] HomePage - click: By.xpath: //h2[contains(., 'AVATAR 2')]/following-sibling::div//a[.//p[contains(text(),'15-10-2021')]and .//h3[contains(text(),'08:42')]]
[2025-12-06 00:12:10] [INFO ] HomePage - waitForElementToBeClickable: By.xpath: //h2[contains(., 'AVATAR 2')]/following-sibling::div//a[.//p[contains(text(),'15-10-2021')]and .//h3[contains(text(),'08:42')]]
[2025-12-06 00:12:10] [INFO ] SeatPage - getText: By.xpath: //div[h3[contains(text(),'Cụm Rạp:')]]
[2025-12-06 00:12:10] [INFO ] SeatPage - waitForVisibilityOfElementLocated: By.xpath: //div[h3[contains(text(),'Cụm Rạp:')]]
[2025-12-06 00:12:12] [INFO ] SeatPage - getText: By.xpath: //div[h3[contains(text(),'Địa chỉ:')]]
[2025-12-06 00:12:12] [INFO ] SeatPage - waitForVisibilityOfElementLocated: By.xpath: //div[h3[contains(text(),'Địa chỉ:')]]
[2025-12-06 00:12:12] [INFO ] HomePage - getText: By.xpath: //div[@role='tabpanel']//div[h4[contains(text(),'CGV - Golden Plaza')]]/h6
[2025-12-06 00:12:12] [INFO ] HomePage - waitForVisibilityOfElementLocated: By.xpath: //div[@role='tabpanel']//div[h4[contains(text(),'CGV - Golden Plaza')]]/h6
[2025-12-06 00:13:53] [ERROR] TestListener - ===== FAILED TEST: TC05_verifyTicketAtSeatPageWhenUserBookTicketAtListCinema =====
org.openqa.selenium.TimeoutException: Expected condition failed: waiting for visibility of element located by By.xpath: //div[@role='tabpanel']//div[h4[contains(text(),'CGV - Golden Plaza')]]/h6 (tried for 100 second(s) with 500 milliseconds interval)
Build info: version: '4.35.0', revision: '1c58e5028b'
System info: os.name: 'Mac OS X', os.arch: 'aarch64', os.version: '15.6', java.version: '21.0.8'
Driver info: org.openqa.selenium.chrome.ChromeDriver
Capabilities {acceptInsecureCerts: false, browserName: chrome, browserVersion: 142.0.7444.177, chrome: {chromedriverVersion: 142.0.7444.175 (302067f14a4..., userDataDir: /var/folders/0n/zwyxq8hd4nl...}, fedcm:accounts: true, goog:chromeOptions: {debuggerAddress: localhost:54249}, goog:processID: 26140, networkConnectionEnabled: false, pageLoadStrategy: normal, platformName: mac, proxy: Proxy(), se:cdp: ws://localhost:54249/devtoo..., se:cdpVersion: 142.0.7444.177, setWindowRect: true, strictFileInteractability: false, timeouts: {implicit: 0, pageLoad: 300000, script: 30000}, unhandledPromptBehavior: dismiss and notify, webauthn:extension:credBlob: true, webauthn:extension:largeBlob: true, webauthn:extension:minPinLength: true, webauthn:extension:prf: true, webauthn:virtualAuthenticators: true}
Session ID: c0b553539c09330d886e8c1308694ca6
	at org.openqa.selenium.support.ui.WebDriverWait.timeoutException(WebDriverWait.java:84)
	at org.openqa.selenium.support.ui.FluentWait.until(FluentWait.java:228)
	at base.BasePage.waitForVisibilityOfElementLocated(BasePage.java:27)
	at base.BasePage.getText(BasePage.java:54)
	at pages.HomePage.getAddressCinemaBranch(HomePage.java:215)
	at testcases.home.TC_CinemaTest.TC05_verifyTicketAtSeatPageWhenUserBookTicketAtListCinema(TC_CinemaTest.java:97)
	at java.base/jdk.internal.reflect.DirectMethodHandleAccessor.invoke(DirectMethodHandleAccessor.java:103)
	at java.base/java.lang.reflect.Method.invoke(Method.java:580)
	at org.testng.internal.invokers.MethodInvocationHelper.invokeMethod(MethodInvocationHelper.java:141)
	at org.testng.internal.invokers.TestInvoker.invokeMethod(TestInvoker.java:687)
	at org.testng.internal.invokers.TestInvoker.invokeTestMethod(TestInvoker.java:230)
	at org.testng.internal.invokers.MethodRunner.runInSequence(MethodRunner.java:63)
	at org.testng.internal.invokers.TestInvoker$MethodInvocationAgent.invoke(TestInvoker.java:995)
	at org.testng.internal.invokers.TestInvoker.invokeTestMethods(TestInvoker.java:203)
	at org.testng.internal.invokers.TestMethodWorker.invokeTestMethods(TestMethodWorker.java:154)
	at org.testng.internal.invokers.TestMethodWorker.run(TestMethodWorker.java:134)
	at java.base/java.util.concurrent.Executors$RunnableAdapter.call(Executors.java:572)
	at java.base/java.util.concurrent.FutureTask.run(FutureTask.java:317)
	at org.testng.internal.thread.graph.TestNGFutureTask.run(TestNGFutureTask.java:22)
	at java.base/java.util.concurrent.ThreadPoolExecutor.runWorker(ThreadPoolExecutor.java:1144)
	at java.base/java.util.concurrent.ThreadPoolExecutor$Worker.run(ThreadPoolExecutor.java:642)
	at java.base/java.lang.Thread.run(Thread.java:1583)
[2025-12-06 00:13:53] [INFO ] TC_CinemaTest - After Method executed
[2025-12-06 00:13:53] [INFO ] TC_CinemaTest - After class executed
[2025-12-06 00:13:53] [INFO ] TestListener - >>> FINISH TEST SUITE: home test
[2025-12-06 00:13:53] [INFO ] TestListener - >>> START TEST SUITE: showtime test
[2025-12-06 00:13:53] [INFO ] TestListener - >>> FINISH TEST SUITE: showtime test
[2025-12-06 00:13:53] [INFO ] TestListener - >>> START TEST SUITE: seat test
[2025-12-06 00:13:53] [INFO ] TestListener - >>> FINISH TEST SUITE: seat test
[2025-12-06 00:13:54] [INFO ] TC_SeatTest - Test Suite completed
[2025-12-06 00:14:30] [INFO ] TC_SeatTest - Before Suite executed
[2025-12-06 00:14:30] [INFO ] TestListener - >>> START TEST SUITE: register test
[2025-12-06 00:14:30] [INFO ] TestListener - >>> FINISH TEST SUITE: register test
[2025-12-06 00:14:30] [INFO ] TestListener - >>> START TEST SUITE: home test
[2025-12-06 00:14:30] [INFO ] TC_CinemaTest - Before class executed
[2025-12-06 00:14:33] [INFO ] TopBarNavigation - click: By.xpath: //h3[text()='Đăng Nhập']
[2025-12-06 00:14:33] [INFO ] TopBarNavigation - waitForElementToBeClickable: By.xpath: //h3[text()='Đăng Nhập']
[2025-12-06 00:14:33] [INFO ] LoginPage - enterAccount: cam0592
[2025-12-06 00:14:33] [INFO ] LoginPage - sendKeys: By.id: taiKhoan with cam0592
[2025-12-06 00:14:33] [INFO ] LoginPage - waitForVisibilityOfElementLocated: By.id: taiKhoan
[2025-12-06 00:14:33] [INFO ] LoginPage - enterPassword: Diqit0505@
[2025-12-06 00:14:33] [INFO ] LoginPage - sendKeys: By.id: matKhau with Diqit0505@
[2025-12-06 00:14:33] [INFO ] LoginPage - waitForVisibilityOfElementLocated: By.id: matKhau
[2025-12-06 00:14:33] [INFO ] LoginPage - clickLogin
[2025-12-06 00:14:33] [INFO ] LoginPage - click: By.xpath: //button[.='Đăng nhập']
[2025-12-06 00:14:33] [INFO ] LoginPage - waitForElementToBeClickable: By.xpath: //button[.='Đăng nhập']
[2025-12-06 00:14:33] [INFO ] TC_CinemaTest - Before Method executed
[2025-12-06 00:14:33] [INFO ] TestListener - ===== START TEST: TC =====
[2025-12-06 00:14:33] [INFO ] HomePage - getText: By.xpath: //div[@role='tabpanel']//div[h4[contains(text(),'CGV - Golden Plaza')]]/h6
[2025-12-06 00:14:33] [INFO ] HomePage - waitForVisibilityOfElementLocated: By.xpath: //div[@role='tabpanel']//div[h4[contains(text(),'CGV - Golden Plaza')]]/h6
[2025-12-06 00:16:14] [ERROR] TestListener - ===== FAILED TEST: TC =====
org.openqa.selenium.TimeoutException: Expected condition failed: waiting for visibility of element located by By.xpath: //div[@role='tabpanel']//div[h4[contains(text(),'CGV - Golden Plaza')]]/h6 (tried for 100 second(s) with 500 milliseconds interval)
	at org.openqa.selenium.support.ui.WebDriverWait.timeoutException(WebDriverWait.java:84)
	at org.openqa.selenium.support.ui.FluentWait.until(FluentWait.java:228)
	at base.BasePage.waitForVisibilityOfElementLocated(BasePage.java:27)
	at base.BasePage.getText(BasePage.java:54)
	at pages.HomePage.getAddressCinemaBranch(HomePage.java:215)
	at testcases.home.TC_CinemaTest.TC(TC_CinemaTest.java:93)
	at java.base/jdk.internal.reflect.DirectMethodHandleAccessor.invoke(DirectMethodHandleAccessor.java:103)
	at java.base/java.lang.reflect.Method.invoke(Method.java:580)
	at org.testng.internal.invokers.MethodInvocationHelper.invokeMethod(MethodInvocationHelper.java:141)
	at org.testng.internal.invokers.TestInvoker.invokeMethod(TestInvoker.java:687)
	at org.testng.internal.invokers.TestInvoker.invokeTestMethod(TestInvoker.java:230)
	at org.testng.internal.invokers.MethodRunner.runInSequence(MethodRunner.java:63)
	at org.testng.internal.invokers.TestInvoker$MethodInvocationAgent.invoke(TestInvoker.java:995)
	at org.testng.internal.invokers.TestInvoker.invokeTestMethods(TestInvoker.java:203)
	at org.testng.internal.invokers.TestMethodWorker.invokeTestMethods(TestMethodWorker.java:154)
	at org.testng.internal.invokers.TestMethodWorker.run(TestMethodWorker.java:134)
	at java.base/java.util.concurrent.Executors$RunnableAdapter.call(Executors.java:572)
	at java.base/java.util.concurrent.FutureTask.run(FutureTask.java:317)
	at org.testng.internal.thread.graph.TestNGFutureTask.run(TestNGFutureTask.java:22)
	at java.base/java.util.concurrent.ThreadPoolExecutor.runWorker(ThreadPoolExecutor.java:1144)
	at java.base/java.util.concurrent.ThreadPoolExecutor$Worker.run(ThreadPoolExecutor.java:642)
	at java.base/java.lang.Thread.run(Thread.java:1583)
Caused by: org.openqa.selenium.NoSuchWindowException: no such window: target window already closed
from unknown error: web view not found
  (Session info: chrome=142.0.7444.177)
Build info: version: '4.35.0', revision: '1c58e5028b'
System info: os.name: 'Mac OS X', os.arch: 'aarch64', os.version: '15.6', java.version: '21.0.8'
Driver info: org.openqa.selenium.chrome.ChromeDriver
Command: [7a7a2c593f8f8ade6d72b82d11e27ffc, findElement {using=xpath, value=//div[@role='tabpanel']//div[h4[contains(text(),'CGV - Golden Plaza')]]/h6}]
Capabilities {acceptInsecureCerts: false, browserName: chrome, browserVersion: 142.0.7444.177, chrome: {chromedriverVersion: 142.0.7444.175 (302067f14a4..., userDataDir: /var/folders/0n/zwyxq8hd4nl...}, fedcm:accounts: true, goog:chromeOptions: {debuggerAddress: localhost:54925}, goog:processID: 26311, networkConnectionEnabled: false, pageLoadStrategy: normal, platformName: mac, proxy: Proxy(), se:cdp: ws://localhost:54925/devtoo..., se:cdpVersion: 142.0.7444.177, setWindowRect: true, strictFileInteractability: false, timeouts: {implicit: 0, pageLoad: 300000, script: 30000}, unhandledPromptBehavior: dismiss and notify, webauthn:extension:credBlob: true, webauthn:extension:largeBlob: true, webauthn:extension:minPinLength: true, webauthn:extension:prf: true, webauthn:virtualAuthenticators: true}
Session ID: 7a7a2c593f8f8ade6d72b82d11e27ffc
	at java.base/jdk.internal.reflect.DirectConstructorHandleAccessor.newInstance(DirectConstructorHandleAccessor.java:62)
	at java.base/java.lang.reflect.Constructor.newInstanceWithCaller(Constructor.java:502)
	at java.base/java.lang.reflect.Constructor.newInstance(Constructor.java:486)
	at org.openqa.selenium.remote.ErrorCodec.decode(ErrorCodec.java:167)
	at org.openqa.selenium.remote.codec.w3c.W3CHttpResponseCodec.decode(W3CHttpResponseCodec.java:138)
	at org.openqa.selenium.remote.codec.w3c.W3CHttpResponseCodec.decode(W3CHttpResponseCodec.java:50)
	at org.openqa.selenium.remote.HttpCommandExecutor.execute(HttpCommandExecutor.java:215)
	at org.openqa.selenium.remote.service.DriverCommandExecutor.invokeExecute(DriverCommandExecutor.java:216)
	at org.openqa.selenium.remote.service.DriverCommandExecutor.execute(DriverCommandExecutor.java:174)
	at org.openqa.selenium.remote.RemoteWebDriver.execute(RemoteWebDriver.java:557)
	at org.openqa.selenium.remote.ElementLocation$ElementFinder$2.findElement(ElementLocation.java:165)
	at org.openqa.selenium.remote.ElementLocation.findElement(ElementLocation.java:59)
	at org.openqa.selenium.remote.RemoteWebDriver.findElement(RemoteWebDriver.java:380)
	at org.openqa.selenium.remote.RemoteWebDriver.findElement(RemoteWebDriver.java:374)
	at org.openqa.selenium.support.ui.ExpectedConditions$7.apply(ExpectedConditions.java:194)
	at org.openqa.selenium.support.ui.ExpectedConditions$7.apply(ExpectedConditions.java:190)
	at org.openqa.selenium.support.ui.FluentWait.until(FluentWait.java:203)
	... 20 more
[2025-12-06 00:16:14] [INFO ] TC_CinemaTest - After Method executed
[2025-12-06 00:16:14] [INFO ] TestListener - >>> FINISH TEST SUITE: home test
[2025-12-06 00:16:14] [INFO ] TestListener - >>> START TEST SUITE: showtime test
[2025-12-06 00:16:14] [INFO ] TestListener - >>> FINISH TEST SUITE: showtime test
[2025-12-06 00:16:14] [INFO ] TestListener - >>> START TEST SUITE: seat test
[2025-12-06 00:16:14] [INFO ] TestListener - >>> FINISH TEST SUITE: seat test
[2025-12-06 00:16:14] [INFO ] TC_SeatTest - Test Suite completed
[2025-12-06 00:17:50] [INFO ] TC_SeatTest - Before Suite executed
[2025-12-06 00:17:50] [INFO ] TestListener - >>> START TEST SUITE: register test
[2025-12-06 00:17:50] [INFO ] TestListener - >>> FINISH TEST SUITE: register test
[2025-12-06 00:17:50] [INFO ] TestListener - >>> START TEST SUITE: home test
[2025-12-06 00:17:50] [INFO ] TC_CinemaTest - Before class executed
[2025-12-06 00:17:54] [INFO ] TopBarNavigation - click: By.xpath: //h3[text()='Đăng Nhập']
[2025-12-06 00:17:54] [INFO ] TopBarNavigation - waitForElementToBeClickable: By.xpath: //h3[text()='Đăng Nhập']
[2025-12-06 00:17:55] [INFO ] LoginPage - enterAccount: cam0592
[2025-12-06 00:17:55] [INFO ] LoginPage - sendKeys: By.id: taiKhoan with cam0592
[2025-12-06 00:17:55] [INFO ] LoginPage - waitForVisibilityOfElementLocated: By.id: taiKhoan
[2025-12-06 00:17:55] [INFO ] LoginPage - enterPassword: Diqit0505@
[2025-12-06 00:17:55] [INFO ] LoginPage - sendKeys: By.id: matKhau with Diqit0505@
[2025-12-06 00:17:55] [INFO ] LoginPage - waitForVisibilityOfElementLocated: By.id: matKhau
[2025-12-06 00:17:55] [INFO ] LoginPage - clickLogin
[2025-12-06 00:17:55] [INFO ] LoginPage - click: By.xpath: //button[.='Đăng nhập']
[2025-12-06 00:17:55] [INFO ] LoginPage - waitForElementToBeClickable: By.xpath: //button[.='Đăng nhập']
[2025-12-06 00:17:55] [INFO ] TC_CinemaTest - Before Method executed
[2025-12-06 00:17:55] [INFO ] TestListener - ===== START TEST: TC =====
[2025-12-06 00:17:55] [INFO ] HomePage - click: By.xpath: //button[.//img[contains(@alt, 'cgv')]]
[2025-12-06 00:17:55] [INFO ] HomePage - waitForElementToBeClickable: By.xpath: //button[.//img[contains(@alt, 'cgv')]]
[2025-12-06 00:17:59] [INFO ] HomePage - click: By.xpath: //button[.//h4[contains(text(),'CGV - Golden Plaza')]]
[2025-12-06 00:17:59] [INFO ] HomePage - waitForElementToBeClickable: By.xpath: //button[.//h4[contains(text(),'CGV - Golden Plaza')]]
[2025-12-06 00:17:59] [INFO ] HomePage - getText: By.xpath: //div[@role='tabpanel']//div[h4[contains(text(),'CGV - Golden Plaza')]]/h6
[2025-12-06 00:17:59] [INFO ] HomePage - waitForVisibilityOfElementLocated: By.xpath: //div[@role='tabpanel']//div[h4[contains(text(),'CGV - Golden Plaza')]]/h6
[2025-12-06 00:17:59] [INFO ] TestListener - ===== PASSED TEST: TC =====
[2025-12-06 00:17:59] [INFO ] TC_CinemaTest - After Method executed
[2025-12-06 00:17:59] [INFO ] TC_CinemaTest - After class executed
[2025-12-06 00:18:00] [INFO ] TestListener - >>> FINISH TEST SUITE: home test
[2025-12-06 00:18:00] [INFO ] TestListener - >>> START TEST SUITE: showtime test
[2025-12-06 00:18:00] [INFO ] TestListener - >>> FINISH TEST SUITE: showtime test
[2025-12-06 00:18:00] [INFO ] TestListener - >>> START TEST SUITE: seat test
[2025-12-06 00:18:00] [INFO ] TestListener - >>> FINISH TEST SUITE: seat test
[2025-12-06 00:18:00] [INFO ] TC_SeatTest - Test Suite completed
[2025-12-06 00:18:20] [INFO ] TC_SeatTest - Before Suite executed
[2025-12-06 00:18:20] [INFO ] TestListener - >>> START TEST SUITE: register test
[2025-12-06 00:18:20] [INFO ] TestListener - >>> FINISH TEST SUITE: register test
[2025-12-06 00:18:20] [INFO ] TestListener - >>> START TEST SUITE: home test
[2025-12-06 00:18:20] [INFO ] TC_CinemaTest - Before class executed
[2025-12-06 00:18:24] [INFO ] TopBarNavigation - click: By.xpath: //h3[text()='Đăng Nhập']
[2025-12-06 00:18:24] [INFO ] TopBarNavigation - waitForElementToBeClickable: By.xpath: //h3[text()='Đăng Nhập']
[2025-12-06 00:18:24] [INFO ] LoginPage - enterAccount: cam0592
[2025-12-06 00:18:24] [INFO ] LoginPage - sendKeys: By.id: taiKhoan with cam0592
[2025-12-06 00:18:24] [INFO ] LoginPage - waitForVisibilityOfElementLocated: By.id: taiKhoan
[2025-12-06 00:18:24] [INFO ] LoginPage - enterPassword: Diqit0505@
[2025-12-06 00:18:24] [INFO ] LoginPage - sendKeys: By.id: matKhau with Diqit0505@
[2025-12-06 00:18:24] [INFO ] LoginPage - waitForVisibilityOfElementLocated: By.id: matKhau
[2025-12-06 00:18:24] [INFO ] LoginPage - clickLogin
[2025-12-06 00:18:24] [INFO ] LoginPage - click: By.xpath: //button[.='Đăng nhập']
[2025-12-06 00:18:24] [INFO ] LoginPage - waitForElementToBeClickable: By.xpath: //button[.='Đăng nhập']
[2025-12-06 00:18:24] [INFO ] TC_CinemaTest - Before Method executed
[2025-12-06 00:18:24] [INFO ] TestListener - ===== START TEST: TC05_verifyTicketAtSeatPageWhenUserBookTicketAtListCinema =====
[2025-12-06 00:18:24] [INFO ] HomePage - click: By.xpath: //button[.//img[contains(@alt, 'cgv')]]
[2025-12-06 00:18:24] [INFO ] HomePage - waitForElementToBeClickable: By.xpath: //button[.//img[contains(@alt, 'cgv')]]
[2025-12-06 00:18:30] [INFO ] HomePage - click: By.xpath: //button[.//h4[contains(text(),'CGV - Golden Plaza')]]
[2025-12-06 00:18:30] [INFO ] HomePage - waitForElementToBeClickable: By.xpath: //button[.//h4[contains(text(),'CGV - Golden Plaza')]]
[2025-12-06 00:18:30] [INFO ] HomePage - click: By.xpath: //h2[contains(., 'AVATAR 2')]/following-sibling::div//a[.//p[contains(text(),'15-10-2021')]and .//h3[contains(text(),'08:42')]]
[2025-12-06 00:18:30] [INFO ] HomePage - waitForElementToBeClickable: By.xpath: //h2[contains(., 'AVATAR 2')]/following-sibling::div//a[.//p[contains(text(),'15-10-2021')]and .//h3[contains(text(),'08:42')]]
[2025-12-06 00:18:30] [INFO ] SeatPage - getText: By.xpath: //div[h3[contains(text(),'Cụm Rạp:')]]
[2025-12-06 00:18:30] [INFO ] SeatPage - waitForVisibilityOfElementLocated: By.xpath: //div[h3[contains(text(),'Cụm Rạp:')]]
[2025-12-06 00:18:32] [INFO ] TestListener - ===== PASSED TEST: TC05_verifyTicketAtSeatPageWhenUserBookTicketAtListCinema =====
[2025-12-06 00:18:32] [INFO ] TC_CinemaTest - After Method executed
[2025-12-06 00:18:32] [INFO ] TC_CinemaTest - After class executed
[2025-12-06 00:18:32] [INFO ] TestListener - >>> FINISH TEST SUITE: home test
[2025-12-06 00:18:32] [INFO ] TestListener - >>> START TEST SUITE: showtime test
[2025-12-06 00:18:32] [INFO ] TestListener - >>> FINISH TEST SUITE: showtime test
[2025-12-06 00:18:32] [INFO ] TestListener - >>> START TEST SUITE: seat test
[2025-12-06 00:18:32] [INFO ] TestListener - >>> FINISH TEST SUITE: seat test
[2025-12-06 00:18:32] [INFO ] TC_SeatTest - Test Suite completed
[2025-12-06 00:18:43] [INFO ] TC_SeatTest - Before Suite executed
[2025-12-06 00:18:43] [INFO ] TestListener - >>> START TEST SUITE: register test
[2025-12-06 00:18:43] [INFO ] TestListener - >>> FINISH TEST SUITE: register test
[2025-12-06 00:18:43] [INFO ] TestListener - >>> START TEST SUITE: home test
[2025-12-06 00:18:43] [INFO ] TC_CinemaTest - Before class executed
[2025-12-06 00:18:46] [INFO ] TopBarNavigation - click: By.xpath: //h3[text()='Đăng Nhập']
[2025-12-06 00:18:46] [INFO ] TopBarNavigation - waitForElementToBeClickable: By.xpath: //h3[text()='Đăng Nhập']
[2025-12-06 00:18:46] [INFO ] LoginPage - enterAccount: cam0592
[2025-12-06 00:18:46] [INFO ] LoginPage - sendKeys: By.id: taiKhoan with cam0592
[2025-12-06 00:18:46] [INFO ] LoginPage - waitForVisibilityOfElementLocated: By.id: taiKhoan
[2025-12-06 00:18:47] [INFO ] LoginPage - enterPassword: Diqit0505@
[2025-12-06 00:18:47] [INFO ] LoginPage - sendKeys: By.id: matKhau with Diqit0505@
[2025-12-06 00:18:47] [INFO ] LoginPage - waitForVisibilityOfElementLocated: By.id: matKhau
[2025-12-06 00:18:47] [INFO ] LoginPage - clickLogin
[2025-12-06 00:18:47] [INFO ] LoginPage - click: By.xpath: //button[.='Đăng nhập']
[2025-12-06 00:18:47] [INFO ] LoginPage - waitForElementToBeClickable: By.xpath: //button[.='Đăng nhập']
[2025-12-06 00:18:47] [INFO ] TC_CinemaTest - Before Method executed
[2025-12-06 00:18:47] [INFO ] TestListener - ===== START TEST: TC05_verifyTicketAtSeatPageWhenUserBookTicketAtListCinema =====
[2025-12-06 00:18:47] [INFO ] HomePage - click: By.xpath: //button[.//img[contains(@alt, 'cgv')]]
[2025-12-06 00:18:47] [INFO ] HomePage - waitForElementToBeClickable: By.xpath: //button[.//img[contains(@alt, 'cgv')]]
[2025-12-06 00:18:51] [INFO ] HomePage - click: By.xpath: //button[.//h4[contains(text(),'CGV - Golden Plaza')]]
[2025-12-06 00:18:51] [INFO ] HomePage - waitForElementToBeClickable: By.xpath: //button[.//h4[contains(text(),'CGV - Golden Plaza')]]
[2025-12-06 00:18:52] [INFO ] HomePage - click: By.xpath: //h2[contains(., 'AVATAR 2')]/following-sibling::div//a[.//p[contains(text(),'15-10-2021')]and .//h3[contains(text(),'08:42')]]
[2025-12-06 00:18:52] [INFO ] HomePage - waitForElementToBeClickable: By.xpath: //h2[contains(., 'AVATAR 2')]/following-sibling::div//a[.//p[contains(text(),'15-10-2021')]and .//h3[contains(text(),'08:42')]]
[2025-12-06 00:18:52] [INFO ] SeatPage - getText: By.xpath: //div[h3[contains(text(),'Cụm Rạp:')]]
[2025-12-06 00:18:52] [INFO ] SeatPage - waitForVisibilityOfElementLocated: By.xpath: //div[h3[contains(text(),'Cụm Rạp:')]]
[2025-12-06 00:18:55] [INFO ] SeatPage - getText: By.xpath: //div[h3[contains(text(),'Địa chỉ:')]]
[2025-12-06 00:18:55] [INFO ] SeatPage - waitForVisibilityOfElementLocated: By.xpath: //div[h3[contains(text(),'Địa chỉ:')]]
[2025-12-06 00:18:55] [INFO ] HomePage - getText: By.xpath: //div[@role='tabpanel']//div[h4[contains(text(),'CGV - Golden Plaza')]]/h6
[2025-12-06 00:18:55] [INFO ] HomePage - waitForVisibilityOfElementLocated: By.xpath: //div[@role='tabpanel']//div[h4[contains(text(),'CGV - Golden Plaza')]]/h6
[2025-12-06 00:20:19] [INFO ] TC_SeatTest - Before Suite executed
[2025-12-06 00:20:19] [INFO ] TestListener - >>> START TEST SUITE: register test
[2025-12-06 00:20:19] [INFO ] TestListener - >>> FINISH TEST SUITE: register test
[2025-12-06 00:20:19] [INFO ] TestListener - >>> START TEST SUITE: home test
[2025-12-06 00:20:19] [INFO ] TC_CinemaTest - Before class executed
[2025-12-06 00:20:23] [INFO ] TopBarNavigation - click: By.xpath: //h3[text()='Đăng Nhập']
[2025-12-06 00:20:23] [INFO ] TopBarNavigation - waitForElementToBeClickable: By.xpath: //h3[text()='Đăng Nhập']
[2025-12-06 00:20:25] [INFO ] LoginPage - enterAccount: cam0592
[2025-12-06 00:20:25] [INFO ] LoginPage - sendKeys: By.id: taiKhoan with cam0592
[2025-12-06 00:20:25] [INFO ] LoginPage - waitForVisibilityOfElementLocated: By.id: taiKhoan
[2025-12-06 00:20:25] [INFO ] LoginPage - enterPassword: Diqit0505@
[2025-12-06 00:20:25] [INFO ] LoginPage - sendKeys: By.id: matKhau with Diqit0505@
[2025-12-06 00:20:25] [INFO ] LoginPage - waitForVisibilityOfElementLocated: By.id: matKhau
[2025-12-06 00:20:25] [INFO ] LoginPage - clickLogin
[2025-12-06 00:20:25] [INFO ] LoginPage - click: By.xpath: //button[.='Đăng nhập']
[2025-12-06 00:20:25] [INFO ] LoginPage - waitForElementToBeClickable: By.xpath: //button[.='Đăng nhập']
[2025-12-06 00:20:25] [INFO ] TC_CinemaTest - Before Method executed
[2025-12-06 00:20:25] [INFO ] TestListener - ===== START TEST: TC05_verifyTicketAtSeatPageWhenUserBookTicketAtListCinema =====
[2025-12-06 00:20:25] [INFO ] HomePage - click: By.xpath: //button[.//img[contains(@alt, 'cgv')]]
[2025-12-06 00:20:25] [INFO ] HomePage - waitForElementToBeClickable: By.xpath: //button[.//img[contains(@alt, 'cgv')]]
[2025-12-06 00:20:30] [INFO ] HomePage - click: By.xpath: //button[.//h4[contains(text(),'CGV - Golden Plaza')]]
[2025-12-06 00:20:30] [INFO ] HomePage - waitForElementToBeClickable: By.xpath: //button[.//h4[contains(text(),'CGV - Golden Plaza')]]
[2025-12-06 00:20:31] [INFO ] HomePage - click: By.xpath: //h2[contains(., 'AVATAR 2')]/following-sibling::div//a[.//p[contains(text(),'15-10-2021')]and .//h3[contains(text(),'08:42')]]
[2025-12-06 00:20:31] [INFO ] HomePage - waitForElementToBeClickable: By.xpath: //h2[contains(., 'AVATAR 2')]/following-sibling::div//a[.//p[contains(text(),'15-10-2021')]and .//h3[contains(text(),'08:42')]]
[2025-12-06 00:20:31] [INFO ] SeatPage - getText: By.xpath: //div[h3[contains(text(),'Địa chỉ:')]]
[2025-12-06 00:20:31] [INFO ] SeatPage - waitForVisibilityOfElementLocated: By.xpath: //div[h3[contains(text(),'Địa chỉ:')]]
[2025-12-06 00:20:33] [INFO ] HomePage - getText: By.xpath: //div[@role='tabpanel']//div[h4[contains(text(),'CGV - Golden Plaza')]]/h6
[2025-12-06 00:20:33] [INFO ] HomePage - waitForVisibilityOfElementLocated: By.xpath: //div[@role='tabpanel']//div[h4[contains(text(),'CGV - Golden Plaza')]]/h6
[2025-12-06 00:22:13] [ERROR] TestListener - ===== FAILED TEST: TC05_verifyTicketAtSeatPageWhenUserBookTicketAtListCinema =====
org.openqa.selenium.TimeoutException: Expected condition failed: waiting for visibility of element located by By.xpath: //div[@role='tabpanel']//div[h4[contains(text(),'CGV - Golden Plaza')]]/h6 (tried for 100 second(s) with 500 milliseconds interval)
Build info: version: '4.35.0', revision: '1c58e5028b'
System info: os.name: 'Mac OS X', os.arch: 'aarch64', os.version: '15.6', java.version: '21.0.8'
Driver info: org.openqa.selenium.chrome.ChromeDriver
Capabilities {acceptInsecureCerts: false, browserName: chrome, browserVersion: 142.0.7444.177, chrome: {chromedriverVersion: 142.0.7444.175 (302067f14a4..., userDataDir: /var/folders/0n/zwyxq8hd4nl...}, fedcm:accounts: true, goog:chromeOptions: {debuggerAddress: localhost:56560}, goog:processID: 26880, networkConnectionEnabled: false, pageLoadStrategy: normal, platformName: mac, proxy: Proxy(), se:cdp: ws://localhost:56560/devtoo..., se:cdpVersion: 142.0.7444.177, setWindowRect: true, strictFileInteractability: false, timeouts: {implicit: 0, pageLoad: 300000, script: 30000}, unhandledPromptBehavior: dismiss and notify, webauthn:extension:credBlob: true, webauthn:extension:largeBlob: true, webauthn:extension:minPinLength: true, webauthn:extension:prf: true, webauthn:virtualAuthenticators: true}
Session ID: 34a7a8d5a7ab9228d4e3278942109c8b
	at org.openqa.selenium.support.ui.WebDriverWait.timeoutException(WebDriverWait.java:84)
	at org.openqa.selenium.support.ui.FluentWait.until(FluentWait.java:228)
	at base.BasePage.waitForVisibilityOfElementLocated(BasePage.java:27)
	at base.BasePage.getText(BasePage.java:54)
	at pages.HomePage.getAddressCinemaBranch(HomePage.java:215)
	at testcases.home.TC_CinemaTest.TC05_verifyTicketAtSeatPageWhenUserBookTicketAtListCinema(TC_CinemaTest.java:105)
	at java.base/jdk.internal.reflect.DirectMethodHandleAccessor.invoke(DirectMethodHandleAccessor.java:103)
	at java.base/java.lang.reflect.Method.invoke(Method.java:580)
	at org.testng.internal.invokers.MethodInvocationHelper.invokeMethod(MethodInvocationHelper.java:141)
	at org.testng.internal.invokers.TestInvoker.invokeMethod(TestInvoker.java:687)
	at org.testng.internal.invokers.TestInvoker.invokeTestMethod(TestInvoker.java:230)
	at org.testng.internal.invokers.MethodRunner.runInSequence(MethodRunner.java:63)
	at org.testng.internal.invokers.TestInvoker$MethodInvocationAgent.invoke(TestInvoker.java:995)
	at org.testng.internal.invokers.TestInvoker.invokeTestMethods(TestInvoker.java:203)
	at org.testng.internal.invokers.TestMethodWorker.invokeTestMethods(TestMethodWorker.java:154)
	at org.testng.internal.invokers.TestMethodWorker.run(TestMethodWorker.java:134)
	at java.base/java.util.concurrent.Executors$RunnableAdapter.call(Executors.java:572)
	at java.base/java.util.concurrent.FutureTask.run(FutureTask.java:317)
	at org.testng.internal.thread.graph.TestNGFutureTask.run(TestNGFutureTask.java:22)
	at java.base/java.util.concurrent.ThreadPoolExecutor.runWorker(ThreadPoolExecutor.java:1144)
	at java.base/java.util.concurrent.ThreadPoolExecutor$Worker.run(ThreadPoolExecutor.java:642)
	at java.base/java.lang.Thread.run(Thread.java:1583)
[2025-12-06 00:22:13] [INFO ] TC_CinemaTest - After Method executed
[2025-12-06 00:22:13] [INFO ] TestListener - >>> FINISH TEST SUITE: home test
[2025-12-06 00:22:13] [INFO ] TestListener - >>> START TEST SUITE: showtime test
[2025-12-06 00:22:13] [INFO ] TestListener - >>> FINISH TEST SUITE: showtime test
[2025-12-06 00:22:13] [INFO ] TestListener - >>> START TEST SUITE: seat test
[2025-12-06 00:22:13] [INFO ] TestListener - >>> FINISH TEST SUITE: seat test
[2025-12-06 00:22:14] [INFO ] TC_SeatTest - Test Suite completed
[2025-12-06 00:22:18] [INFO ] TC_SeatTest - Before Suite executed
[2025-12-06 00:22:18] [INFO ] TestListener - >>> START TEST SUITE: register test
[2025-12-06 00:22:18] [INFO ] TestListener - >>> FINISH TEST SUITE: register test
[2025-12-06 00:22:18] [INFO ] TestListener - >>> START TEST SUITE: home test
[2025-12-06 00:22:18] [INFO ] TestListener - >>> FINISH TEST SUITE: home test
[2025-12-06 00:22:18] [INFO ] TestListener - >>> START TEST SUITE: showtime test
[2025-12-06 00:22:18] [INFO ] TestListener - >>> FINISH TEST SUITE: showtime test
[2025-12-06 00:22:18] [INFO ] TestListener - >>> START TEST SUITE: seat test
[2025-12-06 00:22:18] [INFO ] TC_SeatTest - Before class executed
[2025-12-06 00:22:23] [INFO ] TopBarNavigation - click: By.xpath: //h3[text()='Đăng Nhập']
[2025-12-06 00:22:23] [INFO ] TopBarNavigation - waitForElementToBeClickable: By.xpath: //h3[text()='Đăng Nhập']
[2025-12-06 00:22:23] [INFO ] LoginPage - enterAccount: cam0592
[2025-12-06 00:22:23] [INFO ] LoginPage - sendKeys: By.id: taiKhoan with cam0592
[2025-12-06 00:22:23] [INFO ] LoginPage - waitForVisibilityOfElementLocated: By.id: taiKhoan
[2025-12-06 00:22:23] [INFO ] LoginPage - enterPassword: Diqit0505@
[2025-12-06 00:22:23] [INFO ] LoginPage - sendKeys: By.id: matKhau with Diqit0505@
[2025-12-06 00:22:23] [INFO ] LoginPage - waitForVisibilityOfElementLocated: By.id: matKhau
[2025-12-06 00:22:23] [INFO ] LoginPage - clickLogin
[2025-12-06 00:22:23] [INFO ] LoginPage - click: By.xpath: //button[.='Đăng nhập']
[2025-12-06 00:22:23] [INFO ] LoginPage - waitForElementToBeClickable: By.xpath: //button[.='Đăng nhập']
[2025-12-06 00:22:23] [INFO ] TC_SeatTest - Before Method executed
[2025-12-06 00:22:23] [INFO ] TestListener - ===== START TEST: TC =====
[2025-12-06 00:22:23] [INFO ] HomePage - waitOptionsDropDownLoaded: By.xpath: //select[@name='film']/option
[2025-12-06 00:22:28] [INFO ] HomePage - waitForElementToBeClickable: By.xpath: //select[@name='film']
[2025-12-06 00:22:28] [INFO ] HomePage - waitOptionsDropDownLoaded: By.xpath: //select[@name='cinema']/option
[2025-12-06 00:22:29] [INFO ] HomePage - waitForElementToBeClickable: By.xpath: //select[@name='cinema']
[2025-12-06 00:22:29] [INFO ] HomePage - waitOptionsDropDownLoaded: By.xpath: //select[@name='date']/option
[2025-12-06 00:22:29] [INFO ] HomePage - waitForElementToBeClickable: By.xpath: //select[@name='date']
[2025-12-06 00:22:29] [INFO ] HomePage - click: By.xpath: //button[.//span[text()='MUA VÉ NGAY']]
[2025-12-06 00:22:29] [INFO ] HomePage - waitForElementToBeClickable: By.xpath: //button[.//span[text()='MUA VÉ NGAY']]
[2025-12-06 00:22:29] [INFO ] SeatPage - getText: By.xpath: //div[h3[contains(text(),'Cụm Rạp:')]]
[2025-12-06 00:22:29] [INFO ] SeatPage - waitForVisibilityOfElementLocated: By.xpath: //div[h3[contains(text(),'Cụm Rạp:')]]
[2025-12-06 00:22:31] [INFO ] SeatPage - getText: By.xpath: //div[h3[contains(text(),'Địa chỉ:')]]
[2025-12-06 00:22:31] [INFO ] SeatPage - waitForVisibilityOfElementLocated: By.xpath: //div[h3[contains(text(),'Địa chỉ:')]]
[2025-12-06 00:22:31] [INFO ] SeatPage - getText: By.xpath: //div[h3[contains(text(),'Ngày giờ chiếu')]]//h3[contains(normalize-space(), ' -')]
[2025-12-06 00:22:31] [INFO ] SeatPage - waitForVisibilityOfElementLocated: By.xpath: //div[h3[contains(text(),'Ngày giờ chiếu')]]//h3[contains(normalize-space(), ' -')]
[2025-12-06 00:22:31] [INFO ] SeatPage - getText: By.xpath: //div[h3[contains(text(),'Ngày giờ chiếu')]]//span
[2025-12-06 00:22:31] [INFO ] SeatPage - waitForVisibilityOfElementLocated: By.xpath: //div[h3[contains(text(),'Ngày giờ chiếu')]]//span
[2025-12-06 00:22:31] [INFO ] SeatPage - getText: By.xpath: //div[h3[contains(text(),'Ngày giờ chiếu')]]//span
[2025-12-06 00:22:31] [INFO ] SeatPage - waitForVisibilityOfElementLocated: By.xpath: //div[h3[contains(text(),'Ngày giờ chiếu')]]//span
[2025-12-06 00:22:31] [INFO ] SeatPage - getText: By.xpath: //div[h3[contains(text(),'Tên Phim:')]]
[2025-12-06 00:22:31] [INFO ] SeatPage - waitForVisibilityOfElementLocated: By.xpath: //div[h3[contains(text(),'Tên Phim:')]]
[2025-12-06 00:22:31] [INFO ] TestListener - ===== PASSED TEST: TC =====
[2025-12-06 00:22:31] [INFO ] TC_SeatTest - After Method executed
[2025-12-06 00:22:31] [INFO ] TC_SeatTest - After class executed
[2025-12-06 00:22:32] [INFO ] TestListener - >>> FINISH TEST SUITE: seat test
[2025-12-06 00:22:35] [INFO ] TC_SeatTest - Test Suite completed
[2025-12-06 00:23:18] [INFO ] TC_SeatTest - Before Suite executed
[2025-12-06 00:23:18] [INFO ] TestListener - >>> START TEST SUITE: register test
[2025-12-06 00:23:18] [INFO ] TestListener - >>> FINISH TEST SUITE: register test
[2025-12-06 00:23:18] [INFO ] TestListener - >>> START TEST SUITE: home test
[2025-12-06 00:23:21] [INFO ] TC_CinemaTest - Before class executed
[2025-12-06 00:23:23] [INFO ] TopBarNavigation - click: By.xpath: //h3[text()='Đăng Nhập']
[2025-12-06 00:23:23] [INFO ] TopBarNavigation - waitForElementToBeClickable: By.xpath: //h3[text()='Đăng Nhập']
[2025-12-06 00:23:23] [INFO ] LoginPage - enterAccount: cam0592
[2025-12-06 00:23:23] [INFO ] LoginPage - sendKeys: By.id: taiKhoan with cam0592
[2025-12-06 00:23:23] [INFO ] LoginPage - waitForVisibilityOfElementLocated: By.id: taiKhoan
[2025-12-06 00:23:24] [INFO ] LoginPage - enterPassword: Diqit0505@
[2025-12-06 00:23:24] [INFO ] LoginPage - sendKeys: By.id: matKhau with Diqit0505@
[2025-12-06 00:23:24] [INFO ] LoginPage - waitForVisibilityOfElementLocated: By.id: matKhau
[2025-12-06 00:23:24] [INFO ] LoginPage - clickLogin
[2025-12-06 00:23:24] [INFO ] LoginPage - click: By.xpath: //button[.='Đăng nhập']
[2025-12-06 00:23:24] [INFO ] LoginPage - waitForElementToBeClickable: By.xpath: //button[.='Đăng nhập']
[2025-12-06 00:23:24] [INFO ] TC_CinemaTest - Before Method executed
[2025-12-06 00:23:24] [INFO ] TestListener - ===== START TEST: TC05_verifyTicketAtSeatPageWhenUserBookTicketAtListCinema =====
[2025-12-06 00:23:24] [INFO ] HomePage - click: By.xpath: //button[.//img[contains(@alt, 'cgv')]]
[2025-12-06 00:23:24] [INFO ] HomePage - waitForElementToBeClickable: By.xpath: //button[.//img[contains(@alt, 'cgv')]]
[2025-12-06 00:23:28] [INFO ] HomePage - click: By.xpath: //button[.//h4[contains(text(),'CGV - Golden Plaza')]]
[2025-12-06 00:23:28] [INFO ] HomePage - waitForElementToBeClickable: By.xpath: //button[.//h4[contains(text(),'CGV - Golden Plaza')]]
[2025-12-06 00:23:28] [INFO ] HomePage - click: By.xpath: //h2[contains(., 'AVATAR 2')]/following-sibling::div//a[.//p[contains(text(),'15-10-2021')]and .//h3[contains(text(),'08:42')]]
[2025-12-06 00:23:28] [INFO ] HomePage - waitForElementToBeClickable: By.xpath: //h2[contains(., 'AVATAR 2')]/following-sibling::div//a[.//p[contains(text(),'15-10-2021')]and .//h3[contains(text(),'08:42')]]
[2025-12-06 00:23:28] [INFO ] SeatPage - getText: By.xpath: //div[h3[contains(text(),'Địa chỉ:')]]
[2025-12-06 00:23:28] [INFO ] SeatPage - waitForVisibilityOfElementLocated: By.xpath: //div[h3[contains(text(),'Địa chỉ:')]]
[2025-12-06 00:23:30] [INFO ] TestListener - ===== PASSED TEST: TC05_verifyTicketAtSeatPageWhenUserBookTicketAtListCinema =====
[2025-12-06 00:23:30] [INFO ] TC_CinemaTest - After Method executed
[2025-12-06 00:23:30] [INFO ] TC_CinemaTest - After class executed
[2025-12-06 00:23:30] [INFO ] TestListener - >>> FINISH TEST SUITE: home test
[2025-12-06 00:23:30] [INFO ] TestListener - >>> START TEST SUITE: showtime test
[2025-12-06 00:23:30] [INFO ] TestListener - >>> FINISH TEST SUITE: showtime test
[2025-12-06 00:23:30] [INFO ] TestListener - >>> START TEST SUITE: seat test
[2025-12-06 00:23:30] [INFO ] TestListener - >>> FINISH TEST SUITE: seat test
[2025-12-06 00:23:31] [INFO ] TC_SeatTest - Test Suite completed
[2025-12-06 00:23:44] [INFO ] TC_SeatTest - Before Suite executed
[2025-12-06 00:23:44] [INFO ] TestListener - >>> START TEST SUITE: register test
[2025-12-06 00:23:44] [INFO ] TestListener - >>> FINISH TEST SUITE: register test
[2025-12-06 00:23:44] [INFO ] TestListener - >>> START TEST SUITE: home test
[2025-12-06 00:23:44] [INFO ] TC_CinemaTest - Before class executed
[2025-12-06 00:23:48] [INFO ] TopBarNavigation - click: By.xpath: //h3[text()='Đăng Nhập']
[2025-12-06 00:23:48] [INFO ] TopBarNavigation - waitForElementToBeClickable: By.xpath: //h3[text()='Đăng Nhập']
[2025-12-06 00:23:51] [INFO ] LoginPage - enterAccount: cam0592
[2025-12-06 00:23:51] [INFO ] LoginPage - sendKeys: By.id: taiKhoan with cam0592
[2025-12-06 00:23:51] [INFO ] LoginPage - waitForVisibilityOfElementLocated: By.id: taiKhoan
[2025-12-06 00:23:51] [INFO ] LoginPage - enterPassword: Diqit0505@
[2025-12-06 00:23:51] [INFO ] LoginPage - sendKeys: By.id: matKhau with Diqit0505@
[2025-12-06 00:23:51] [INFO ] LoginPage - waitForVisibilityOfElementLocated: By.id: matKhau
[2025-12-06 00:23:51] [INFO ] LoginPage - clickLogin
[2025-12-06 00:23:51] [INFO ] LoginPage - click: By.xpath: //button[.='Đăng nhập']
[2025-12-06 00:23:51] [INFO ] LoginPage - waitForElementToBeClickable: By.xpath: //button[.='Đăng nhập']
[2025-12-06 00:23:51] [INFO ] TC_CinemaTest - Before Method executed
[2025-12-06 00:23:51] [INFO ] TestListener - ===== START TEST: TC =====
[2025-12-06 00:23:51] [INFO ] HomePage - click: By.xpath: //button[.//img[contains(@alt, 'cgv')]]
[2025-12-06 00:23:51] [INFO ] HomePage - waitForElementToBeClickable: By.xpath: //button[.//img[contains(@alt, 'cgv')]]
[2025-12-06 00:23:55] [INFO ] HomePage - click: By.xpath: //button[.//h4[contains(text(),'CGV - Golden Plaza')]]
[2025-12-06 00:23:55] [INFO ] HomePage - waitForElementToBeClickable: By.xpath: //button[.//h4[contains(text(),'CGV - Golden Plaza')]]
[2025-12-06 00:23:55] [INFO ] HomePage - getText: By.xpath: //div[@role='tabpanel']//div[h4[contains(text(),'CGV - Golden Plaza')]]/h6
[2025-12-06 00:23:55] [INFO ] HomePage - waitForVisibilityOfElementLocated: By.xpath: //div[@role='tabpanel']//div[h4[contains(text(),'CGV - Golden Plaza')]]/h6
[2025-12-06 00:23:55] [INFO ] TestListener - ===== PASSED TEST: TC =====
[2025-12-06 00:23:55] [INFO ] TC_CinemaTest - After Method executed
[2025-12-06 00:23:55] [INFO ] TC_CinemaTest - After class executed
[2025-12-06 00:23:56] [INFO ] TestListener - >>> FINISH TEST SUITE: home test
[2025-12-06 00:23:56] [INFO ] TestListener - >>> START TEST SUITE: showtime test
[2025-12-06 00:23:56] [INFO ] TestListener - >>> FINISH TEST SUITE: showtime test
[2025-12-06 00:23:56] [INFO ] TestListener - >>> START TEST SUITE: seat test
[2025-12-06 00:23:56] [INFO ] TestListener - >>> FINISH TEST SUITE: seat test
[2025-12-06 00:23:56] [INFO ] TC_SeatTest - Test Suite completed
[2025-12-06 00:28:08] [INFO ] TC_SeatTest - Before Suite executed
[2025-12-06 00:28:08] [INFO ] TestListener - >>> START TEST SUITE: register test
[2025-12-06 00:28:08] [INFO ] TestListener - >>> FINISH TEST SUITE: register test
[2025-12-06 00:28:08] [INFO ] TestListener - >>> START TEST SUITE: home test
[2025-12-06 00:28:08] [INFO ] TC_CinemaTest - Before class executed
[2025-12-06 00:28:14] [INFO ] TopBarNavigation - click: By.xpath: //h3[text()='Đăng Nhập']
[2025-12-06 00:28:15] [INFO ] TopBarNavigation - waitForElementToBeClickable: By.xpath: //h3[text()='Đăng Nhập']
[2025-12-06 00:28:15] [INFO ] LoginPage - enterAccount: cam0592
[2025-12-06 00:28:16] [INFO ] LoginPage - sendKeys: By.id: taiKhoan with cam0592
[2025-12-06 00:28:16] [INFO ] LoginPage - waitForVisibilityOfElementLocated: By.id: taiKhoan
[2025-12-06 00:28:16] [INFO ] LoginPage - enterPassword: Diqit0505@
[2025-12-06 00:28:16] [INFO ] LoginPage - sendKeys: By.id: matKhau with Diqit0505@
[2025-12-06 00:28:16] [INFO ] LoginPage - waitForVisibilityOfElementLocated: By.id: matKhau
[2025-12-06 00:28:16] [INFO ] LoginPage - clickLogin
[2025-12-06 00:28:16] [INFO ] LoginPage - click: By.xpath: //button[.='Đăng nhập']
[2025-12-06 00:28:16] [INFO ] LoginPage - waitForElementToBeClickable: By.xpath: //button[.='Đăng nhập']
[2025-12-06 00:28:16] [INFO ] TC_CinemaTest - Before Method executed
[2025-12-06 00:28:17] [INFO ] TestListener - ===== START TEST: TC05_verifyTicketAtSeatPageWhenUserBookTicketAtListCinema =====
[2025-12-06 00:28:17] [INFO ] HomePage - click: By.xpath: //button[.//img[contains(@alt, 'cgv')]]
[2025-12-06 00:28:17] [INFO ] HomePage - waitForElementToBeClickable: By.xpath: //button[.//img[contains(@alt, 'cgv')]]
[2025-12-06 00:28:21] [INFO ] HomePage - click: By.xpath: //button[.//h4[contains(text(),'CGV - Golden Plaza')]]
[2025-12-06 00:28:21] [INFO ] HomePage - waitForElementToBeClickable: By.xpath: //button[.//h4[contains(text(),'CGV - Golden Plaza')]]
[2025-12-06 00:28:21] [INFO ] HomePage - click: By.xpath: //h2[contains(., 'AVATAR 2')]/following-sibling::div//a[.//p[contains(text(),'15-10-2021')]and .//h3[contains(text(),'08:42')]]
[2025-12-06 00:28:21] [INFO ] HomePage - waitForElementToBeClickable: By.xpath: //h2[contains(., 'AVATAR 2')]/following-sibling::div//a[.//p[contains(text(),'15-10-2021')]and .//h3[contains(text(),'08:42')]]
[2025-12-06 00:28:21] [INFO ] SeatPage - getText: By.xpath: //div[h3[contains(text(),'Địa chỉ:')]]
[2025-12-06 00:28:21] [INFO ] SeatPage - waitForVisibilityOfElementLocated: By.xpath: //div[h3[contains(text(),'Địa chỉ:')]]
[2025-12-06 00:28:23] [INFO ] HomePage - getText: By.xpath: //div[@role='tabpanel']//div[h4[contains(text(),'CGV - Golden Plaza')]]/h6
[2025-12-06 00:28:23] [INFO ] HomePage - waitForVisibilityOfElementLocated: By.xpath: //div[@role='tabpanel']//div[h4[contains(text(),'CGV - Golden Plaza')]]/h6
[2025-12-06 00:29:07] [INFO ] TC_SeatTest - Before Suite executed
[2025-12-06 00:29:07] [INFO ] TestListener - >>> START TEST SUITE: register test
[2025-12-06 00:29:07] [INFO ] TestListener - >>> FINISH TEST SUITE: register test
[2025-12-06 00:29:07] [INFO ] TestListener - >>> START TEST SUITE: home test
[2025-12-06 00:29:07] [INFO ] TC_CinemaTest - Before class executed
[2025-12-06 00:29:10] [INFO ] TopBarNavigation - click: By.xpath: //h3[text()='Đăng Nhập']
[2025-12-06 00:29:10] [INFO ] TopBarNavigation - waitForElementToBeClickable: By.xpath: //h3[text()='Đăng Nhập']
[2025-12-06 00:29:11] [INFO ] LoginPage - enterAccount: cam0592
[2025-12-06 00:29:11] [INFO ] LoginPage - sendKeys: By.id: taiKhoan with cam0592
[2025-12-06 00:29:11] [INFO ] LoginPage - waitForVisibilityOfElementLocated: By.id: taiKhoan
[2025-12-06 00:29:11] [INFO ] LoginPage - enterPassword: Diqit0505@
[2025-12-06 00:29:11] [INFO ] LoginPage - sendKeys: By.id: matKhau with Diqit0505@
[2025-12-06 00:29:11] [INFO ] LoginPage - waitForVisibilityOfElementLocated: By.id: matKhau
[2025-12-06 00:29:11] [INFO ] LoginPage - clickLogin
[2025-12-06 00:29:11] [INFO ] LoginPage - click: By.xpath: //button[.='Đăng nhập']
[2025-12-06 00:29:11] [INFO ] LoginPage - waitForElementToBeClickable: By.xpath: //button[.='Đăng nhập']
[2025-12-06 00:29:11] [INFO ] TC_CinemaTest - Before Method executed
[2025-12-06 00:29:11] [INFO ] TestListener - ===== START TEST: TC =====
[2025-12-06 00:29:11] [INFO ] HomePage - click: By.xpath: //button[.//img[contains(@alt, 'cgv')]]
[2025-12-06 00:29:11] [INFO ] HomePage - waitForElementToBeClickable: By.xpath: //button[.//img[contains(@alt, 'cgv')]]
[2025-12-06 00:29:14] [INFO ] HomePage - click: By.xpath: //button[.//h4[contains(text(),'CGV - Golden Plaza')]]
[2025-12-06 00:29:14] [INFO ] HomePage - waitForElementToBeClickable: By.xpath: //button[.//h4[contains(text(),'CGV - Golden Plaza')]]
[2025-12-06 00:29:15] [INFO ] HomePage - getText: By.xpath: //div[@role='tabpanel']//div[h4[contains(text(),'CGV - Golden Plaza')]]/h6
[2025-12-06 00:29:15] [INFO ] HomePage - waitForVisibilityOfElementLocated: By.xpath: //div[@role='tabpanel']//div[h4[contains(text(),'CGV - Golden Plaza')]]/h6
[2025-12-06 00:29:15] [INFO ] TestListener - ===== PASSED TEST: TC =====
[2025-12-06 00:29:15] [INFO ] TC_CinemaTest - After Method executed
[2025-12-06 00:29:15] [INFO ] TC_CinemaTest - After class executed
[2025-12-06 00:29:16] [INFO ] TestListener - >>> FINISH TEST SUITE: home test
[2025-12-06 00:29:16] [INFO ] TestListener - >>> START TEST SUITE: showtime test
[2025-12-06 00:29:16] [INFO ] TestListener - >>> FINISH TEST SUITE: showtime test
[2025-12-06 00:29:16] [INFO ] TestListener - >>> START TEST SUITE: seat test
[2025-12-06 00:29:16] [INFO ] TestListener - >>> FINISH TEST SUITE: seat test
[2025-12-06 00:29:17] [INFO ] TC_SeatTest - Test Suite completed
[2025-12-06 00:29:58] [INFO ] TC_SeatTest - Before Suite executed
[2025-12-06 00:29:58] [INFO ] TestListener - >>> START TEST SUITE: register test
[2025-12-06 00:29:58] [INFO ] TestListener - >>> FINISH TEST SUITE: register test
[2025-12-06 00:29:58] [INFO ] TestListener - >>> START TEST SUITE: home test
[2025-12-06 00:29:58] [INFO ] TestListener - >>> FINISH TEST SUITE: home test
[2025-12-06 00:29:58] [INFO ] TestListener - >>> START TEST SUITE: showtime test
[2025-12-06 00:29:58] [INFO ] TestListener - >>> FINISH TEST SUITE: showtime test
[2025-12-06 00:29:58] [INFO ] TestListener - >>> START TEST SUITE: seat test
[2025-12-06 00:29:58] [INFO ] TC_SeatTest - Before class executed
[2025-12-06 00:30:03] [INFO ] TopBarNavigation - click: By.xpath: //h3[text()='Đăng Nhập']
[2025-12-06 00:30:03] [INFO ] TopBarNavigation - waitForElementToBeClickable: By.xpath: //h3[text()='Đăng Nhập']
[2025-12-06 00:30:03] [INFO ] LoginPage - enterAccount: cam0592
[2025-12-06 00:30:03] [INFO ] LoginPage - sendKeys: By.id: taiKhoan with cam0592
[2025-12-06 00:30:03] [INFO ] LoginPage - waitForVisibilityOfElementLocated: By.id: taiKhoan
[2025-12-06 00:30:03] [INFO ] LoginPage - enterPassword: Diqit0505@
[2025-12-06 00:30:03] [INFO ] LoginPage - sendKeys: By.id: matKhau with Diqit0505@
[2025-12-06 00:30:03] [INFO ] LoginPage - waitForVisibilityOfElementLocated: By.id: matKhau
[2025-12-06 00:30:03] [INFO ] LoginPage - clickLogin
[2025-12-06 00:30:03] [INFO ] LoginPage - click: By.xpath: //button[.='Đăng nhập']
[2025-12-06 00:30:03] [INFO ] LoginPage - waitForElementToBeClickable: By.xpath: //button[.='Đăng nhập']
[2025-12-06 00:30:03] [INFO ] TC_SeatTest - Before Method executed
[2025-12-06 00:30:03] [INFO ] TestListener - ===== START TEST: TC =====
[2025-12-06 00:30:03] [INFO ] HomePage - waitOptionsDropDownLoaded: By.xpath: //select[@name='film']/option
[2025-12-06 00:30:07] [INFO ] HomePage - waitForElementToBeClickable: By.xpath: //select[@name='film']
[2025-12-06 00:30:07] [INFO ] HomePage - waitOptionsDropDownLoaded: By.xpath: //select[@name='cinema']/option
[2025-12-06 00:30:07] [INFO ] HomePage - waitForElementToBeClickable: By.xpath: //select[@name='cinema']
[2025-12-06 00:30:07] [INFO ] HomePage - waitOptionsDropDownLoaded: By.xpath: //select[@name='date']/option
[2025-12-06 00:30:07] [INFO ] HomePage - waitForElementToBeClickable: By.xpath: //select[@name='date']
[2025-12-06 00:30:07] [INFO ] HomePage - click: By.xpath: //button[.//span[text()='MUA VÉ NGAY']]
[2025-12-06 00:30:07] [INFO ] HomePage - waitForElementToBeClickable: By.xpath: //button[.//span[text()='MUA VÉ NGAY']]
[2025-12-06 00:30:07] [INFO ] SeatPage - getText: By.xpath: //div[h3[contains(text(),'Cụm Rạp:')]]
[2025-12-06 00:30:07] [INFO ] SeatPage - waitForVisibilityOfElementLocated: By.xpath: //div[h3[contains(text(),'Cụm Rạp:')]]
[2025-12-06 00:30:09] [INFO ] SeatPage - getText: By.xpath: //div[h3[contains(text(),'Địa chỉ:')]]
[2025-12-06 00:30:09] [INFO ] SeatPage - waitForVisibilityOfElementLocated: By.xpath: //div[h3[contains(text(),'Địa chỉ:')]]
[2025-12-06 00:30:09] [INFO ] SeatPage - getText: By.xpath: //div[h3[contains(text(),'Ngày giờ chiếu')]]//h3[contains(normalize-space(), ' -')]
[2025-12-06 00:30:09] [INFO ] SeatPage - waitForVisibilityOfElementLocated: By.xpath: //div[h3[contains(text(),'Ngày giờ chiếu')]]//h3[contains(normalize-space(), ' -')]
[2025-12-06 00:30:09] [INFO ] SeatPage - getText: By.xpath: //div[h3[contains(text(),'Ngày giờ chiếu')]]//span
[2025-12-06 00:30:09] [INFO ] SeatPage - waitForVisibilityOfElementLocated: By.xpath: //div[h3[contains(text(),'Ngày giờ chiếu')]]//span
[2025-12-06 00:30:09] [INFO ] SeatPage - getText: By.xpath: //div[h3[contains(text(),'Ngày giờ chiếu')]]//span
[2025-12-06 00:30:09] [INFO ] SeatPage - waitForVisibilityOfElementLocated: By.xpath: //div[h3[contains(text(),'Ngày giờ chiếu')]]//span
[2025-12-06 00:30:09] [INFO ] SeatPage - getText: By.xpath: //div[h3[contains(text(),'Tên Phim:')]]
[2025-12-06 00:30:09] [INFO ] SeatPage - waitForVisibilityOfElementLocated: By.xpath: //div[h3[contains(text(),'Tên Phim:')]]
[2025-12-06 00:30:09] [INFO ] TestListener - ===== PASSED TEST: TC =====
[2025-12-06 00:30:09] [INFO ] TC_SeatTest - After Method executed
[2025-12-06 00:30:09] [INFO ] TC_SeatTest - After class executed
[2025-12-06 00:30:09] [INFO ] TestListener - >>> FINISH TEST SUITE: seat test
[2025-12-06 00:30:10] [INFO ] TC_SeatTest - Test Suite completed
[2025-12-06 00:33:09] [INFO ] TC_SeatTest - Before Suite executed
[2025-12-06 00:33:09] [INFO ] TestListener - >>> START TEST SUITE: register test
[2025-12-06 00:33:09] [INFO ] TestListener - >>> FINISH TEST SUITE: register test
[2025-12-06 00:33:09] [INFO ] TestListener - >>> START TEST SUITE: home test
[2025-12-06 00:33:09] [INFO ] TC_CinemaTest - Before class executed
[2025-12-06 00:33:12] [INFO ] TopBarNavigation - click: By.xpath: //h3[text()='Đăng Nhập']
[2025-12-06 00:33:12] [INFO ] TopBarNavigation - waitForElementToBeClickable: By.xpath: //h3[text()='Đăng Nhập']
[2025-12-06 00:33:12] [INFO ] LoginPage - enterAccount: cam0592
[2025-12-06 00:33:12] [INFO ] LoginPage - sendKeys: By.id: taiKhoan with cam0592
[2025-12-06 00:33:12] [INFO ] LoginPage - waitForVisibilityOfElementLocated: By.id: taiKhoan
[2025-12-06 00:33:12] [INFO ] LoginPage - enterPassword: Diqit0505@
[2025-12-06 00:33:12] [INFO ] LoginPage - sendKeys: By.id: matKhau with Diqit0505@
[2025-12-06 00:33:12] [INFO ] LoginPage - waitForVisibilityOfElementLocated: By.id: matKhau
[2025-12-06 00:33:12] [INFO ] LoginPage - clickLogin
[2025-12-06 00:33:12] [INFO ] LoginPage - click: By.xpath: //button[.='Đăng nhập']
[2025-12-06 00:33:12] [INFO ] LoginPage - waitForElementToBeClickable: By.xpath: //button[.='Đăng nhập']
[2025-12-06 00:33:12] [INFO ] TC_CinemaTest - Before Method executed
[2025-12-06 00:33:12] [INFO ] TestListener - ===== START TEST: TC =====
[2025-12-06 00:33:12] [INFO ] HomePage - click: By.xpath: //button[.//img[contains(@alt, 'cgv')]]
[2025-12-06 00:33:12] [INFO ] HomePage - waitForElementToBeClickable: By.xpath: //button[.//img[contains(@alt, 'cgv')]]
[2025-12-06 00:33:17] [INFO ] HomePage - click: By.xpath: //button[.//h4[contains(text(),'CGV - Golden Plaza')]]
[2025-12-06 00:33:17] [INFO ] HomePage - waitForElementToBeClickable: By.xpath: //button[.//h4[contains(text(),'CGV - Golden Plaza')]]
[2025-12-06 00:33:17] [INFO ] HomePage - getText: By.xpath: //div[@role='tabpanel']//div[h4[contains(text(),'CGV - Golden Plaza')]]/h6
[2025-12-06 00:33:17] [INFO ] HomePage - waitForVisibilityOfElementLocated: By.xpath: //div[@role='tabpanel']//div[h4[contains(text(),'CGV - Golden Plaza')]]/h6
[2025-12-06 00:33:17] [INFO ] TestListener - ===== PASSED TEST: TC =====
[2025-12-06 00:33:17] [INFO ] TC_CinemaTest - After Method executed
[2025-12-06 00:33:17] [INFO ] TC_CinemaTest - After class executed
[2025-12-06 00:33:17] [INFO ] TestListener - >>> FINISH TEST SUITE: home test
[2025-12-06 00:33:18] [INFO ] TestListener - >>> START TEST SUITE: showtime test
[2025-12-06 00:33:18] [INFO ] TestListener - >>> FINISH TEST SUITE: showtime test
[2025-12-06 00:33:18] [INFO ] TestListener - >>> START TEST SUITE: seat test
[2025-12-06 00:33:18] [INFO ] TestListener - >>> FINISH TEST SUITE: seat test
[2025-12-06 00:33:18] [INFO ] TC_SeatTest - Test Suite completed
[2025-12-06 00:34:53] [INFO ] TC_SeatTest - Before Suite executed
[2025-12-06 00:34:54] [INFO ] TestListener - >>> START TEST SUITE: register test
[2025-12-06 00:34:54] [INFO ] TestListener - >>> FINISH TEST SUITE: register test
[2025-12-06 00:34:54] [INFO ] TestListener - >>> START TEST SUITE: home test
[2025-12-06 00:34:54] [INFO ] TC_CinemaTest - Before class executed
[2025-12-06 00:34:57] [INFO ] TopBarNavigation - click: By.xpath: //h3[text()='Đăng Nhập']
[2025-12-06 00:34:57] [INFO ] TopBarNavigation - waitForElementToBeClickable: By.xpath: //h3[text()='Đăng Nhập']
[2025-12-06 00:34:57] [INFO ] LoginPage - enterAccount: cam0592
[2025-12-06 00:34:57] [INFO ] LoginPage - sendKeys: By.id: taiKhoan with cam0592
[2025-12-06 00:34:57] [INFO ] LoginPage - waitForVisibilityOfElementLocated: By.id: taiKhoan
[2025-12-06 00:34:57] [INFO ] LoginPage - enterPassword: Diqit0505@
[2025-12-06 00:34:57] [INFO ] LoginPage - sendKeys: By.id: matKhau with Diqit0505@
[2025-12-06 00:34:57] [INFO ] LoginPage - waitForVisibilityOfElementLocated: By.id: matKhau
[2025-12-06 00:34:58] [INFO ] LoginPage - clickLogin
[2025-12-06 00:34:58] [INFO ] LoginPage - click: By.xpath: //button[.='Đăng nhập']
[2025-12-06 00:34:58] [INFO ] LoginPage - waitForElementToBeClickable: By.xpath: //button[.='Đăng nhập']
[2025-12-06 00:34:58] [INFO ] TC_CinemaTest - Before Method executed
[2025-12-06 00:34:58] [INFO ] TestListener - ===== START TEST: TC05_verifyTicketAtSeatPageWhenUserBookTicketAtListCinema =====
[2025-12-06 00:34:58] [INFO ] HomePage - click: By.xpath: //button[.//img[contains(@alt, 'cgv')]]
[2025-12-06 00:34:58] [INFO ] HomePage - waitForElementToBeClickable: By.xpath: //button[.//img[contains(@alt, 'cgv')]]
[2025-12-06 00:35:02] [INFO ] HomePage - click: By.xpath: //button[.//h4[contains(text(),'CGV - Golden Plaza')]]
[2025-12-06 00:35:02] [INFO ] HomePage - waitForElementToBeClickable: By.xpath: //button[.//h4[contains(text(),'CGV - Golden Plaza')]]
[2025-12-06 00:35:02] [INFO ] HomePage - click: By.xpath: //h2[contains(., 'AVATAR 2')]/following-sibling::div//a[.//p[contains(text(),'15-10-2021')]and .//h3[contains(text(),'08:42')]]
[2025-12-06 00:35:02] [INFO ] HomePage - waitForElementToBeClickable: By.xpath: //h2[contains(., 'AVATAR 2')]/following-sibling::div//a[.//p[contains(text(),'15-10-2021')]and .//h3[contains(text(),'08:42')]]
[2025-12-06 00:35:03] [INFO ] SeatPage - getText: By.xpath: //div[h3[contains(text(),'Địa chỉ:')]]
[2025-12-06 00:35:03] [INFO ] SeatPage - waitForVisibilityOfElementLocated: By.xpath: //div[h3[contains(text(),'Địa chỉ:')]]
[2025-12-06 00:35:04] [INFO ] HomePage - getText: By.xpath: //div[@role='tabpanel']//div[h4[contains(text(),'CGV - Golden Plaza')]]/h6
[2025-12-06 00:35:04] [INFO ] HomePage - waitForVisibilityOfElementLocated: By.xpath: //div[@role='tabpanel']//div[h4[contains(text(),'CGV - Golden Plaza')]]/h6
[2025-12-06 00:36:12] [INFO ] TC_SeatTest - Before Suite executed
[2025-12-06 00:36:12] [INFO ] TestListener - >>> START TEST SUITE: register test
[2025-12-06 00:36:12] [INFO ] TestListener - >>> FINISH TEST SUITE: register test
[2025-12-06 00:36:12] [INFO ] TestListener - >>> START TEST SUITE: home test
[2025-12-06 00:36:12] [INFO ] TC_CinemaTest - Before class executed
[2025-12-06 00:36:14] [INFO ] TopBarNavigation - click: By.xpath: //h3[text()='Đăng Nhập']
[2025-12-06 00:36:14] [INFO ] TopBarNavigation - waitForElementToBeClickable: By.xpath: //h3[text()='Đăng Nhập']
[2025-12-06 00:36:15] [INFO ] LoginPage - enterAccount: cam0592
[2025-12-06 00:36:15] [INFO ] LoginPage - sendKeys: By.id: taiKhoan with cam0592
[2025-12-06 00:36:15] [INFO ] LoginPage - waitForVisibilityOfElementLocated: By.id: taiKhoan
[2025-12-06 00:36:15] [INFO ] LoginPage - enterPassword: Diqit0505@
[2025-12-06 00:36:15] [INFO ] LoginPage - sendKeys: By.id: matKhau with Diqit0505@
[2025-12-06 00:36:15] [INFO ] LoginPage - waitForVisibilityOfElementLocated: By.id: matKhau
[2025-12-06 00:36:15] [INFO ] LoginPage - clickLogin
[2025-12-06 00:36:15] [INFO ] LoginPage - click: By.xpath: //button[.='Đăng nhập']
[2025-12-06 00:36:15] [INFO ] LoginPage - waitForElementToBeClickable: By.xpath: //button[.='Đăng nhập']
[2025-12-06 00:36:15] [INFO ] TC_CinemaTest - Before Method executed
[2025-12-06 00:36:15] [INFO ] TestListener - ===== START TEST: TC05_verifyTicketAtSeatPageWhenUserBookTicketAtListCinema =====
[2025-12-06 00:36:15] [INFO ] HomePage - click: By.xpath: //button[.//img[contains(@alt, 'cgv')]]
[2025-12-06 00:36:15] [INFO ] HomePage - waitForElementToBeClickable: By.xpath: //button[.//img[contains(@alt, 'cgv')]]
[2025-12-06 00:36:20] [INFO ] HomePage - click: By.xpath: //button[.//h4[contains(text(),'CGV - Golden Plaza')]]
[2025-12-06 00:36:20] [INFO ] HomePage - waitForElementToBeClickable: By.xpath: //button[.//h4[contains(text(),'CGV - Golden Plaza')]]
[2025-12-06 00:36:21] [INFO ] HomePage - click: By.xpath: //h2[contains(., 'AVATAR 2')]/following-sibling::div//a[.//p[contains(text(),'15-10-2021')]and .//h3[contains(text(),'08:42')]]
[2025-12-06 00:36:21] [INFO ] HomePage - waitForElementToBeClickable: By.xpath: //h2[contains(., 'AVATAR 2')]/following-sibling::div//a[.//p[contains(text(),'15-10-2021')]and .//h3[contains(text(),'08:42')]]
[2025-12-06 00:36:21] [INFO ] SeatPage - getText: By.xpath: //div[h3[contains(text(),'Địa chỉ:')]]
[2025-12-06 00:36:21] [INFO ] SeatPage - waitForVisibilityOfElementLocated: By.xpath: //div[h3[contains(text(),'Địa chỉ:')]]
[2025-12-06 00:36:22] [INFO ] HomePage - getText: By.xpath: //div[@role='tabpanel']//div[h4[contains(text(),'CGV - Golden Plaza')]]/h6
[2025-12-06 00:36:22] [INFO ] HomePage - waitForVisibilityOfElementLocated: By.xpath: //div[@role='tabpanel']//div[h4[contains(text(),'CGV - Golden Plaza')]]/h6
[2025-12-06 00:38:03] [ERROR] TestListener - ===== FAILED TEST: TC05_verifyTicketAtSeatPageWhenUserBookTicketAtListCinema =====
org.openqa.selenium.TimeoutException: Expected condition failed: waiting for visibility of element located by By.xpath: //div[@role='tabpanel']//div[h4[contains(text(),'CGV - Golden Plaza')]]/h6 (tried for 100 second(s) with 500 milliseconds interval)
Build info: version: '4.35.0', revision: '1c58e5028b'
System info: os.name: 'Mac OS X', os.arch: 'aarch64', os.version: '15.6', java.version: '21.0.8'
Driver info: org.openqa.selenium.chrome.ChromeDriver
Capabilities {acceptInsecureCerts: false, browserName: chrome, browserVersion: 142.0.7444.177, chrome: {chromedriverVersion: 142.0.7444.175 (302067f14a4..., userDataDir: /var/folders/0n/zwyxq8hd4nl...}, fedcm:accounts: true, goog:chromeOptions: {debuggerAddress: localhost:60861}, goog:processID: 28277, networkConnectionEnabled: false, pageLoadStrategy: normal, platformName: mac, proxy: Proxy(), se:cdp: ws://localhost:60861/devtoo..., se:cdpVersion: 142.0.7444.177, setWindowRect: true, strictFileInteractability: false, timeouts: {implicit: 0, pageLoad: 300000, script: 30000}, unhandledPromptBehavior: dismiss and notify, webauthn:extension:credBlob: true, webauthn:extension:largeBlob: true, webauthn:extension:minPinLength: true, webauthn:extension:prf: true, webauthn:virtualAuthenticators: true}
Session ID: e6734893ef4e074e43bf26337bfb8717
	at org.openqa.selenium.support.ui.WebDriverWait.timeoutException(WebDriverWait.java:84)
	at org.openqa.selenium.support.ui.FluentWait.until(FluentWait.java:228)
	at base.BasePage.waitForVisibilityOfElementLocated(BasePage.java:27)
	at base.BasePage.getText(BasePage.java:54)
	at pages.HomePage.getAddressCinemaBranch(HomePage.java:215)
	at testcases.home.TC_CinemaTest.TC05_verifyTicketAtSeatPageWhenUserBookTicketAtListCinema(TC_CinemaTest.java:109)
	at java.base/jdk.internal.reflect.DirectMethodHandleAccessor.invoke(DirectMethodHandleAccessor.java:103)
	at java.base/java.lang.reflect.Method.invoke(Method.java:580)
	at org.testng.internal.invokers.MethodInvocationHelper.invokeMethod(MethodInvocationHelper.java:141)
	at org.testng.internal.invokers.TestInvoker.invokeMethod(TestInvoker.java:687)
	at org.testng.internal.invokers.TestInvoker.invokeTestMethod(TestInvoker.java:230)
	at org.testng.internal.invokers.MethodRunner.runInSequence(MethodRunner.java:63)
	at org.testng.internal.invokers.TestInvoker$MethodInvocationAgent.invoke(TestInvoker.java:995)
	at org.testng.internal.invokers.TestInvoker.invokeTestMethods(TestInvoker.java:203)
	at org.testng.internal.invokers.TestMethodWorker.invokeTestMethods(TestMethodWorker.java:154)
	at org.testng.internal.invokers.TestMethodWorker.run(TestMethodWorker.java:134)
	at java.base/java.util.concurrent.Executors$RunnableAdapter.call(Executors.java:572)
	at java.base/java.util.concurrent.FutureTask.run(FutureTask.java:317)
	at org.testng.internal.thread.graph.TestNGFutureTask.run(TestNGFutureTask.java:22)
	at java.base/java.util.concurrent.ThreadPoolExecutor.runWorker(ThreadPoolExecutor.java:1144)
	at java.base/java.util.concurrent.ThreadPoolExecutor$Worker.run(ThreadPoolExecutor.java:642)
	at java.base/java.lang.Thread.run(Thread.java:1583)
[2025-12-06 00:38:04] [INFO ] TC_CinemaTest - After Method executed
[2025-12-06 00:38:04] [INFO ] TC_CinemaTest - After class executed
[2025-12-06 00:38:05] [INFO ] TestListener - >>> FINISH TEST SUITE: home test
[2025-12-06 00:38:05] [INFO ] TestListener - >>> START TEST SUITE: showtime test
[2025-12-06 00:38:05] [INFO ] TestListener - >>> FINISH TEST SUITE: showtime test
[2025-12-06 00:38:05] [INFO ] TestListener - >>> START TEST SUITE: seat test
[2025-12-06 00:38:05] [INFO ] TestListener - >>> FINISH TEST SUITE: seat test
[2025-12-06 00:38:05] [INFO ] TC_SeatTest - Test Suite completed
[2025-12-06 00:39:15] [INFO ] TC_SeatTest - Before Suite executed
[2025-12-06 00:39:15] [INFO ] TestListener - >>> START TEST SUITE: register test
[2025-12-06 00:39:15] [INFO ] TestListener - >>> FINISH TEST SUITE: register test
[2025-12-06 00:39:15] [INFO ] TestListener - >>> START TEST SUITE: home test
[2025-12-06 00:39:15] [INFO ] TC_CinemaTest - Before class executed
[2025-12-06 00:39:18] [INFO ] TopBarNavigation - click: By.xpath: //h3[text()='Đăng Nhập']
[2025-12-06 00:39:18] [INFO ] TopBarNavigation - waitForElementToBeClickable: By.xpath: //h3[text()='Đăng Nhập']
[2025-12-06 00:39:18] [INFO ] LoginPage - enterAccount: cam0592
[2025-12-06 00:39:18] [INFO ] LoginPage - sendKeys: By.id: taiKhoan with cam0592
[2025-12-06 00:39:18] [INFO ] LoginPage - waitForVisibilityOfElementLocated: By.id: taiKhoan
[2025-12-06 00:39:18] [INFO ] LoginPage - enterPassword: Diqit0505@
[2025-12-06 00:39:18] [INFO ] LoginPage - sendKeys: By.id: matKhau with Diqit0505@
[2025-12-06 00:39:18] [INFO ] LoginPage - waitForVisibilityOfElementLocated: By.id: matKhau
[2025-12-06 00:39:19] [INFO ] LoginPage - clickLogin
[2025-12-06 00:39:19] [INFO ] LoginPage - click: By.xpath: //button[.='Đăng nhập']
[2025-12-06 00:39:19] [INFO ] LoginPage - waitForElementToBeClickable: By.xpath: //button[.='Đăng nhập']
[2025-12-06 00:39:19] [INFO ] TC_CinemaTest - Before Method executed
[2025-12-06 00:39:19] [INFO ] TestListener - ===== START TEST: TC =====
[2025-12-06 00:39:19] [INFO ] HomePage - click: By.xpath: //button[.//img[contains(@alt, 'cgv')]]
[2025-12-06 00:39:19] [INFO ] HomePage - waitForElementToBeClickable: By.xpath: //button[.//img[contains(@alt, 'cgv')]]
[2025-12-06 00:39:23] [INFO ] HomePage - click: By.xpath: //button[.//h4[contains(text(),'CGV - Golden Plaza')]]
[2025-12-06 00:39:23] [INFO ] HomePage - waitForElementToBeClickable: By.xpath: //button[.//h4[contains(text(),'CGV - Golden Plaza')]]
[2025-12-06 00:39:23] [INFO ] HomePage - getText: By.xpath: //div[@role='tabpanel']//div[h4[contains(text(),'CGV - Golden Plaza')]]/h6
[2025-12-06 00:39:23] [INFO ] HomePage - waitForVisibilityOfElementLocated: By.xpath: //div[@role='tabpanel']//div[h4[contains(text(),'CGV - Golden Plaza')]]/h6
[2025-12-06 00:39:23] [INFO ] TestListener - ===== PASSED TEST: TC =====
[2025-12-06 00:39:23] [INFO ] TC_CinemaTest - After Method executed
[2025-12-06 00:39:23] [INFO ] TC_CinemaTest - After class executed
[2025-12-06 00:39:23] [INFO ] TestListener - >>> FINISH TEST SUITE: home test
[2025-12-06 00:39:23] [INFO ] TestListener - >>> START TEST SUITE: showtime test
[2025-12-06 00:39:23] [INFO ] TestListener - >>> FINISH TEST SUITE: showtime test
[2025-12-06 00:39:23] [INFO ] TestListener - >>> START TEST SUITE: seat test
[2025-12-06 00:39:23] [INFO ] TestListener - >>> FINISH TEST SUITE: seat test
[2025-12-06 00:39:24] [INFO ] TC_SeatTest - Test Suite completed
[2025-12-06 00:42:26] [INFO ] TC_SeatTest - Before Suite executed
[2025-12-06 00:42:26] [INFO ] TestListener - >>> START TEST SUITE: register test
[2025-12-06 00:42:26] [INFO ] TestListener - >>> FINISH TEST SUITE: register test
[2025-12-06 00:42:26] [INFO ] TestListener - >>> START TEST SUITE: home test
[2025-12-06 00:42:26] [INFO ] TC_CinemaTest - Before class executed
[2025-12-06 00:42:32] [INFO ] TopBarNavigation - click: By.xpath: //h3[text()='Đăng Nhập']
[2025-12-06 00:42:32] [INFO ] TopBarNavigation - waitForElementToBeClickable: By.xpath: //h3[text()='Đăng Nhập']
[2025-12-06 00:42:32] [INFO ] LoginPage - enterAccount: cam0592
[2025-12-06 00:42:32] [INFO ] LoginPage - sendKeys: By.id: taiKhoan with cam0592
[2025-12-06 00:42:32] [INFO ] LoginPage - waitForVisibilityOfElementLocated: By.id: taiKhoan
[2025-12-06 00:42:32] [INFO ] LoginPage - enterPassword: Diqit0505@
[2025-12-06 00:42:32] [INFO ] LoginPage - sendKeys: By.id: matKhau with Diqit0505@
[2025-12-06 00:42:32] [INFO ] LoginPage - waitForVisibilityOfElementLocated: By.id: matKhau
[2025-12-06 00:42:32] [INFO ] LoginPage - clickLogin
[2025-12-06 00:42:32] [INFO ] LoginPage - click: By.xpath: //button[.='Đăng nhập']
[2025-12-06 00:42:32] [INFO ] LoginPage - waitForElementToBeClickable: By.xpath: //button[.='Đăng nhập']
[2025-12-06 00:42:32] [INFO ] TC_CinemaTest - Before Method executed
[2025-12-06 00:42:32] [INFO ] TestListener - ===== START TEST: TC05_verifyTicketAtSeatPageWhenUserBookTicketAtListCinema =====
[2025-12-06 00:42:32] [INFO ] HomePage - click: By.xpath: //button[.//img[contains(@alt, 'cgv')]]
[2025-12-06 00:42:32] [INFO ] HomePage - waitForElementToBeClickable: By.xpath: //button[.//img[contains(@alt, 'cgv')]]
[2025-12-06 00:42:37] [INFO ] HomePage - click: By.xpath: //button[.//h4[contains(text(),'CGV - Golden Plaza')]]
[2025-12-06 00:42:37] [INFO ] HomePage - waitForElementToBeClickable: By.xpath: //button[.//h4[contains(text(),'CGV - Golden Plaza')]]
[2025-12-06 00:42:37] [INFO ] HomePage - click: By.xpath: //h2[contains(., 'AVATAR 2')]/following-sibling::div//a[.//p[contains(text(),'15-10-2021')]and .//h3[contains(text(),'08:42')]]
[2025-12-06 00:42:37] [INFO ] HomePage - waitForElementToBeClickable: By.xpath: //h2[contains(., 'AVATAR 2')]/following-sibling::div//a[.//p[contains(text(),'15-10-2021')]and .//h3[contains(text(),'08:42')]]
[2025-12-06 00:42:38] [INFO ] SeatPage - getText: By.xpath: //div[h3[contains(text(),'Địa chỉ:')]]
[2025-12-06 00:42:38] [INFO ] SeatPage - waitForVisibilityOfElementLocated: By.xpath: //div[h3[contains(text(),'Địa chỉ:')]]
[2025-12-06 00:42:39] [INFO ] HomePage - getText: By.xpath: //div[@role='tabpanel']//div[h4[contains(text(),'Golden Plaza')]]/h6
[2025-12-06 00:42:39] [INFO ] HomePage - waitForVisibilityOfElementLocated: By.xpath: //div[@role='tabpanel']//div[h4[contains(text(),'Golden Plaza')]]/h6
[2025-12-06 00:44:19] [ERROR] TestListener - ===== FAILED TEST: TC05_verifyTicketAtSeatPageWhenUserBookTicketAtListCinema =====
org.openqa.selenium.TimeoutException: Expected condition failed: waiting for visibility of element located by By.xpath: //div[@role='tabpanel']//div[h4[contains(text(),'Golden Plaza')]]/h6 (tried for 100 second(s) with 500 milliseconds interval)
Build info: version: '4.35.0', revision: '1c58e5028b'
System info: os.name: 'Mac OS X', os.arch: 'aarch64', os.version: '15.6', java.version: '21.0.8'
Driver info: org.openqa.selenium.chrome.ChromeDriver
Capabilities {acceptInsecureCerts: false, browserName: chrome, browserVersion: 142.0.7444.177, chrome: {chromedriverVersion: 142.0.7444.175 (302067f14a4..., userDataDir: /var/folders/0n/zwyxq8hd4nl...}, fedcm:accounts: true, goog:chromeOptions: {debuggerAddress: localhost:62484}, goog:processID: 28579, networkConnectionEnabled: false, pageLoadStrategy: normal, platformName: mac, proxy: Proxy(), se:cdp: ws://localhost:62484/devtoo..., se:cdpVersion: 142.0.7444.177, setWindowRect: true, strictFileInteractability: false, timeouts: {implicit: 0, pageLoad: 300000, script: 30000}, unhandledPromptBehavior: dismiss and notify, webauthn:extension:credBlob: true, webauthn:extension:largeBlob: true, webauthn:extension:minPinLength: true, webauthn:extension:prf: true, webauthn:virtualAuthenticators: true}
Session ID: 34f5d24dcfb77af3072487ce6e1c0ca4
	at org.openqa.selenium.support.ui.WebDriverWait.timeoutException(WebDriverWait.java:84)
	at org.openqa.selenium.support.ui.FluentWait.until(FluentWait.java:228)
	at base.BasePage.waitForVisibilityOfElementLocated(BasePage.java:27)
	at base.BasePage.getText(BasePage.java:54)
	at pages.HomePage.getAddressCinemaBranch(HomePage.java:215)
	at testcases.home.TC_CinemaTest.TC05_verifyTicketAtSeatPageWhenUserBookTicketAtListCinema(TC_CinemaTest.java:109)
	at java.base/jdk.internal.reflect.DirectMethodHandleAccessor.invoke(DirectMethodHandleAccessor.java:103)
	at java.base/java.lang.reflect.Method.invoke(Method.java:580)
	at org.testng.internal.invokers.MethodInvocationHelper.invokeMethod(MethodInvocationHelper.java:141)
	at org.testng.internal.invokers.TestInvoker.invokeMethod(TestInvoker.java:687)
	at org.testng.internal.invokers.TestInvoker.invokeTestMethod(TestInvoker.java:230)
	at org.testng.internal.invokers.MethodRunner.runInSequence(MethodRunner.java:63)
	at org.testng.internal.invokers.TestInvoker$MethodInvocationAgent.invoke(TestInvoker.java:995)
	at org.testng.internal.invokers.TestInvoker.invokeTestMethods(TestInvoker.java:203)
	at org.testng.internal.invokers.TestMethodWorker.invokeTestMethods(TestMethodWorker.java:154)
	at org.testng.internal.invokers.TestMethodWorker.run(TestMethodWorker.java:134)
	at java.base/java.util.concurrent.Executors$RunnableAdapter.call(Executors.java:572)
	at java.base/java.util.concurrent.FutureTask.run(FutureTask.java:317)
	at org.testng.internal.thread.graph.TestNGFutureTask.run(TestNGFutureTask.java:22)
	at java.base/java.util.concurrent.ThreadPoolExecutor.runWorker(ThreadPoolExecutor.java:1144)
	at java.base/java.util.concurrent.ThreadPoolExecutor$Worker.run(ThreadPoolExecutor.java:642)
	at java.base/java.lang.Thread.run(Thread.java:1583)
[2025-12-06 00:44:20] [INFO ] TC_CinemaTest - After Method executed
[2025-12-06 00:44:22] [INFO ] TC_CinemaTest - After class executed
[2025-12-06 00:44:22] [INFO ] TestListener - >>> FINISH TEST SUITE: home test
[2025-12-06 00:44:22] [INFO ] TestListener - >>> START TEST SUITE: showtime test
[2025-12-06 00:44:22] [INFO ] TestListener - >>> FINISH TEST SUITE: showtime test
[2025-12-06 00:44:22] [INFO ] TestListener - >>> START TEST SUITE: seat test
[2025-12-06 00:44:22] [INFO ] TestListener - >>> FINISH TEST SUITE: seat test
[2025-12-06 00:44:23] [INFO ] TC_SeatTest - Test Suite completed
[2025-12-06 00:49:28] [INFO ] TC_SeatTest - Before Suite executed
[2025-12-06 00:49:28] [INFO ] TestListener - >>> START TEST SUITE: register test
[2025-12-06 00:49:28] [INFO ] TestListener - >>> FINISH TEST SUITE: register test
[2025-12-06 00:49:28] [INFO ] TestListener - >>> START TEST SUITE: home test
[2025-12-06 00:49:28] [INFO ] TC_CinemaTest - Before class executed
[2025-12-06 00:49:33] [INFO ] TopBarNavigation - click: By.xpath: //h3[text()='Đăng Nhập']
[2025-12-06 00:49:33] [INFO ] TopBarNavigation - waitForElementToBeClickable: By.xpath: //h3[text()='Đăng Nhập']
[2025-12-06 00:49:34] [INFO ] LoginPage - enterAccount: cam0592
[2025-12-06 00:49:34] [INFO ] LoginPage - sendKeys: By.id: taiKhoan with cam0592
[2025-12-06 00:49:34] [INFO ] LoginPage - waitForVisibilityOfElementLocated: By.id: taiKhoan
[2025-12-06 00:49:34] [INFO ] LoginPage - enterPassword: Diqit0505@
[2025-12-06 00:49:34] [INFO ] LoginPage - sendKeys: By.id: matKhau with Diqit0505@
[2025-12-06 00:49:34] [INFO ] LoginPage - waitForVisibilityOfElementLocated: By.id: matKhau
[2025-12-06 00:49:34] [INFO ] LoginPage - clickLogin
[2025-12-06 00:49:34] [INFO ] LoginPage - click: By.xpath: //button[.='Đăng nhập']
[2025-12-06 00:49:34] [INFO ] LoginPage - waitForElementToBeClickable: By.xpath: //button[.='Đăng nhập']
[2025-12-06 00:49:34] [INFO ] TC_CinemaTest - Before Method executed
[2025-12-06 00:49:34] [INFO ] TestListener - ===== START TEST: TC05_verifyTicketAtSeatPageWhenUserBookTicketAtListCinema =====
[2025-12-06 00:49:34] [INFO ] HomePage - click: By.xpath: //button[.//img[contains(@alt, 'cgv')]]
[2025-12-06 00:49:34] [INFO ] HomePage - waitForElementToBeClickable: By.xpath: //button[.//img[contains(@alt, 'cgv')]]
[2025-12-06 00:49:38] [INFO ] HomePage - click: By.xpath: //button[.//h4[contains(text(),'CGV - Golden Plaza')]]
[2025-12-06 00:49:38] [INFO ] HomePage - waitForElementToBeClickable: By.xpath: //button[.//h4[contains(text(),'CGV - Golden Plaza')]]
[2025-12-06 00:49:39] [INFO ] HomePage - click: By.xpath: //h2[contains(., 'AVATAR 2')]/following-sibling::div//a[.//p[contains(text(),'15-10-2021')]and .//h3[contains(text(),'08:42')]]
[2025-12-06 00:49:39] [INFO ] HomePage - waitForElementToBeClickable: By.xpath: //h2[contains(., 'AVATAR 2')]/following-sibling::div//a[.//p[contains(text(),'15-10-2021')]and .//h3[contains(text(),'08:42')]]
[2025-12-06 00:49:40] [INFO ] SeatPage - getText: By.xpath: //div[h3[contains(text(),'Địa chỉ:')]]
[2025-12-06 00:49:40] [INFO ] SeatPage - waitForVisibilityOfElementLocated: By.xpath: //div[h3[contains(text(),'Địa chỉ:')]]
[2025-12-06 00:49:42] [INFO ] HomePage - getText: By.xpath: //div[@role='tabpanel']//div[h4[contains(text(),'Golden Plaza')]]/h6
[2025-12-06 00:49:42] [INFO ] HomePage - waitForVisibilityOfElementLocated: By.xpath: //div[@role='tabpanel']//div[h4[contains(text(),'Golden Plaza')]]/h6
[2025-12-06 00:50:24] [INFO ] TC_SeatTest - Before Suite executed
[2025-12-06 00:50:24] [INFO ] TestListener - >>> START TEST SUITE: register test
[2025-12-06 00:50:24] [INFO ] TestListener - >>> FINISH TEST SUITE: register test
[2025-12-06 00:50:24] [INFO ] TestListener - >>> START TEST SUITE: home test
[2025-12-06 00:50:24] [INFO ] TC_CinemaTest - Before class executed
[2025-12-06 00:50:27] [INFO ] TopBarNavigation - click: By.xpath: //h3[text()='Đăng Nhập']
[2025-12-06 00:50:28] [INFO ] TopBarNavigation - waitForElementToBeClickable: By.xpath: //h3[text()='Đăng Nhập']
[2025-12-06 00:50:29] [INFO ] LoginPage - enterAccount: cam0592
[2025-12-06 00:50:29] [INFO ] LoginPage - sendKeys: By.id: taiKhoan with cam0592
[2025-12-06 00:50:29] [INFO ] LoginPage - waitForVisibilityOfElementLocated: By.id: taiKhoan
[2025-12-06 00:50:29] [INFO ] LoginPage - enterPassword: Diqit0505@
[2025-12-06 00:50:29] [INFO ] LoginPage - sendKeys: By.id: matKhau with Diqit0505@
[2025-12-06 00:50:29] [INFO ] LoginPage - waitForVisibilityOfElementLocated: By.id: matKhau
[2025-12-06 00:50:29] [INFO ] LoginPage - clickLogin
[2025-12-06 00:50:29] [INFO ] LoginPage - click: By.xpath: //button[.='Đăng nhập']
[2025-12-06 00:50:29] [INFO ] LoginPage - waitForElementToBeClickable: By.xpath: //button[.='Đăng nhập']
[2025-12-06 00:50:29] [INFO ] TC_CinemaTest - Before Method executed
[2025-12-06 00:50:29] [INFO ] TestListener - ===== START TEST: TC =====
[2025-12-06 00:50:29] [INFO ] HomePage - click: By.xpath: //button[.//img[contains(@alt, 'cgv')]]
[2025-12-06 00:50:29] [INFO ] HomePage - waitForElementToBeClickable: By.xpath: //button[.//img[contains(@alt, 'cgv')]]
[2025-12-06 00:50:35] [INFO ] HomePage - click: By.xpath: //button[.//h4[contains(text(),'CGV - Golden Plaza')]]
[2025-12-06 00:50:35] [INFO ] HomePage - waitForElementToBeClickable: By.xpath: //button[.//h4[contains(text(),'CGV - Golden Plaza')]]
[2025-12-06 00:50:35] [INFO ] HomePage - getText: By.xpath: //div[@role='tabpanel']//div[h4[contains(text(),'CGV - Golden Plaza')]]/h6
[2025-12-06 00:50:35] [INFO ] HomePage - waitForVisibilityOfElementLocated: By.xpath: //div[@role='tabpanel']//div[h4[contains(text(),'CGV - Golden Plaza')]]/h6
[2025-12-06 00:50:35] [INFO ] TestListener - ===== PASSED TEST: TC =====
[2025-12-06 00:50:35] [INFO ] TC_CinemaTest - After Method executed
[2025-12-06 00:50:35] [INFO ] TC_CinemaTest - After class executed
[2025-12-06 00:50:35] [INFO ] TestListener - >>> FINISH TEST SUITE: home test
[2025-12-06 00:50:35] [INFO ] TestListener - >>> START TEST SUITE: showtime test
[2025-12-06 00:50:35] [INFO ] TestListener - >>> FINISH TEST SUITE: showtime test
[2025-12-06 00:50:35] [INFO ] TestListener - >>> START TEST SUITE: seat test
[2025-12-06 00:50:35] [INFO ] TestListener - >>> FINISH TEST SUITE: seat test
[2025-12-06 00:50:36] [INFO ] TC_SeatTest - Test Suite completed
[2025-12-06 00:51:14] [INFO ] TC_SeatTest - Before Suite executed
[2025-12-06 00:51:14] [INFO ] TestListener - >>> START TEST SUITE: register test
[2025-12-06 00:51:14] [INFO ] TestListener - >>> FINISH TEST SUITE: register test
[2025-12-06 00:51:14] [INFO ] TestListener - >>> START TEST SUITE: home test
[2025-12-06 00:51:14] [INFO ] TestListener - >>> FINISH TEST SUITE: home test
[2025-12-06 00:51:14] [INFO ] TestListener - >>> START TEST SUITE: showtime test
[2025-12-06 00:51:14] [INFO ] TestListener - >>> FINISH TEST SUITE: showtime test
[2025-12-06 00:51:14] [INFO ] TestListener - >>> START TEST SUITE: seat test
[2025-12-06 00:51:14] [INFO ] TC_SeatTest - Before class executed
[2025-12-06 00:51:17] [INFO ] TopBarNavigation - click: By.xpath: //h3[text()='Đăng Nhập']
[2025-12-06 00:51:17] [INFO ] TopBarNavigation - waitForElementToBeClickable: By.xpath: //h3[text()='Đăng Nhập']
[2025-12-06 00:51:17] [INFO ] LoginPage - enterAccount: cam0592
[2025-12-06 00:51:17] [INFO ] LoginPage - sendKeys: By.id: taiKhoan with cam0592
[2025-12-06 00:51:17] [INFO ] LoginPage - waitForVisibilityOfElementLocated: By.id: taiKhoan
[2025-12-06 00:51:17] [INFO ] LoginPage - enterPassword: Diqit0505@
[2025-12-06 00:51:17] [INFO ] LoginPage - sendKeys: By.id: matKhau with Diqit0505@
[2025-12-06 00:51:17] [INFO ] LoginPage - waitForVisibilityOfElementLocated: By.id: matKhau
[2025-12-06 00:51:17] [INFO ] LoginPage - clickLogin
[2025-12-06 00:51:17] [INFO ] LoginPage - click: By.xpath: //button[.='Đăng nhập']
[2025-12-06 00:51:17] [INFO ] LoginPage - waitForElementToBeClickable: By.xpath: //button[.='Đăng nhập']
[2025-12-06 00:51:17] [INFO ] TC_SeatTest - Before Method executed
[2025-12-06 00:51:17] [INFO ] TestListener - ===== START TEST: TC =====
[2025-12-06 00:51:17] [INFO ] HomePage - waitOptionsDropDownLoaded: By.xpath: //select[@name='film']/option
[2025-12-06 00:51:21] [INFO ] HomePage - waitForElementToBeClickable: By.xpath: //select[@name='film']
[2025-12-06 00:51:21] [INFO ] HomePage - waitOptionsDropDownLoaded: By.xpath: //select[@name='cinema']/option
[2025-12-06 00:51:22] [INFO ] HomePage - waitForElementToBeClickable: By.xpath: //select[@name='cinema']
[2025-12-06 00:51:22] [ERROR] TestListener - ===== FAILED TEST: TC05_verifyTicketAtSeatPageWhenUserBookTicketAtListCinema =====
org.openqa.selenium.TimeoutException: Expected condition failed: waiting for visibility of element located by By.xpath: //div[@role='tabpanel']//div[h4[contains(text(),'Golden Plaza')]]/h6 (tried for 100 second(s) with 500 milliseconds interval)
	at org.openqa.selenium.support.ui.WebDriverWait.timeoutException(WebDriverWait.java:84)
	at org.openqa.selenium.support.ui.FluentWait.until(FluentWait.java:228)
	at base.BasePage.waitForVisibilityOfElementLocated(BasePage.java:28)
	at base.BasePage.getText(BasePage.java:55)
	at pages.HomePage.getAddressCinemaBranch(HomePage.java:216)
	at testcases.home.TC_CinemaTest.TC05_verifyTicketAtSeatPageWhenUserBookTicketAtListCinema(TC_CinemaTest.java:109)
	at java.base/jdk.internal.reflect.DirectMethodHandleAccessor.invoke(DirectMethodHandleAccessor.java:103)
	at java.base/java.lang.reflect.Method.invoke(Method.java:580)
	at org.testng.internal.invokers.MethodInvocationHelper.invokeMethod(MethodInvocationHelper.java:141)
	at org.testng.internal.invokers.TestInvoker.invokeMethod(TestInvoker.java:687)
	at org.testng.internal.invokers.TestInvoker.invokeTestMethod(TestInvoker.java:230)
	at org.testng.internal.invokers.MethodRunner.runInSequence(MethodRunner.java:63)
	at org.testng.internal.invokers.TestInvoker$MethodInvocationAgent.invoke(TestInvoker.java:995)
	at org.testng.internal.invokers.TestInvoker.invokeTestMethods(TestInvoker.java:203)
	at org.testng.internal.invokers.TestMethodWorker.invokeTestMethods(TestMethodWorker.java:154)
	at org.testng.internal.invokers.TestMethodWorker.run(TestMethodWorker.java:134)
	at java.base/java.util.concurrent.Executors$RunnableAdapter.call(Executors.java:572)
	at java.base/java.util.concurrent.FutureTask.run(FutureTask.java:317)
	at org.testng.internal.thread.graph.TestNGFutureTask.run(TestNGFutureTask.java:22)
	at java.base/java.util.concurrent.ThreadPoolExecutor.runWorker(ThreadPoolExecutor.java:1144)
	at java.base/java.util.concurrent.ThreadPoolExecutor$Worker.run(ThreadPoolExecutor.java:642)
	at java.base/java.lang.Thread.run(Thread.java:1583)
Caused by: org.openqa.selenium.NoSuchWindowException: no such window: target window already closed
from unknown error: web view not found
  (Session info: chrome=142.0.7444.177)
Build info: version: '4.35.0', revision: '1c58e5028b'
System info: os.name: 'Mac OS X', os.arch: 'aarch64', os.version: '15.6', java.version: '21.0.8'
Driver info: org.openqa.selenium.chrome.ChromeDriver
Command: [2b79bf63c15f4979c711b6d8014924e9, findElement {using=xpath, value=//div[@role='tabpanel']//div[h4[contains(text(),'Golden Plaza')]]/h6}]
Capabilities {acceptInsecureCerts: false, browserName: chrome, browserVersion: 142.0.7444.177, chrome: {chromedriverVersion: 142.0.7444.175 (302067f14a4..., userDataDir: /var/folders/0n/zwyxq8hd4nl...}, fedcm:accounts: true, goog:chromeOptions: {debuggerAddress: localhost:64287}, goog:processID: 28833, networkConnectionEnabled: false, pageLoadStrategy: normal, platformName: mac, proxy: Proxy(), se:cdp: ws://localhost:64287/devtoo..., se:cdpVersion: 142.0.7444.177, setWindowRect: true, strictFileInteractability: false, timeouts: {implicit: 0, pageLoad: 300000, script: 30000}, unhandledPromptBehavior: dismiss and notify, webauthn:extension:credBlob: true, webauthn:extension:largeBlob: true, webauthn:extension:minPinLength: true, webauthn:extension:prf: true, webauthn:virtualAuthenticators: true}
Session ID: 2b79bf63c15f4979c711b6d8014924e9
	at java.base/jdk.internal.reflect.DirectConstructorHandleAccessor.newInstance(DirectConstructorHandleAccessor.java:62)
	at java.base/java.lang.reflect.Constructor.newInstanceWithCaller(Constructor.java:502)
	at java.base/java.lang.reflect.Constructor.newInstance(Constructor.java:486)
	at org.openqa.selenium.remote.ErrorCodec.decode(ErrorCodec.java:167)
	at org.openqa.selenium.remote.codec.w3c.W3CHttpResponseCodec.decode(W3CHttpResponseCodec.java:138)
	at org.openqa.selenium.remote.codec.w3c.W3CHttpResponseCodec.decode(W3CHttpResponseCodec.java:50)
	at org.openqa.selenium.remote.HttpCommandExecutor.execute(HttpCommandExecutor.java:215)
	at org.openqa.selenium.remote.service.DriverCommandExecutor.invokeExecute(DriverCommandExecutor.java:216)
	at org.openqa.selenium.remote.service.DriverCommandExecutor.execute(DriverCommandExecutor.java:174)
	at org.openqa.selenium.remote.RemoteWebDriver.execute(RemoteWebDriver.java:557)
	at org.openqa.selenium.remote.ElementLocation$ElementFinder$2.findElement(ElementLocation.java:165)
	at org.openqa.selenium.remote.ElementLocation.findElement(ElementLocation.java:59)
	at org.openqa.selenium.remote.RemoteWebDriver.findElement(RemoteWebDriver.java:380)
	at org.openqa.selenium.remote.RemoteWebDriver.findElement(RemoteWebDriver.java:374)
	at org.openqa.selenium.support.ui.ExpectedConditions$7.apply(ExpectedConditions.java:194)
	at org.openqa.selenium.support.ui.ExpectedConditions$7.apply(ExpectedConditions.java:190)
	at org.openqa.selenium.support.ui.FluentWait.until(FluentWait.java:203)
	... 20 more
[2025-12-06 00:51:22] [INFO ] TC_CinemaTest - After Method executed
[2025-12-06 00:51:22] [INFO ] TestListener - >>> FINISH TEST SUITE: home test
[2025-12-06 00:51:22] [INFO ] HomePage - waitOptionsDropDownLoaded: By.xpath: //select[@name='date']/option
[2025-12-06 00:51:22] [INFO ] HomePage - waitForElementToBeClickable: By.xpath: //select[@name='date']
[2025-12-06 00:51:22] [INFO ] TestListener - >>> START TEST SUITE: showtime test
[2025-12-06 00:51:22] [INFO ] TestListener - >>> FINISH TEST SUITE: showtime test
[2025-12-06 00:51:22] [INFO ] TestListener - >>> START TEST SUITE: seat test
[2025-12-06 00:51:22] [INFO ] TestListener - >>> FINISH TEST SUITE: seat test
[2025-12-06 00:51:22] [INFO ] HomePage - click: By.xpath: //button[.//span[text()='MUA VÉ NGAY']]
[2025-12-06 00:51:22] [INFO ] HomePage - waitForElementToBeClickable: By.xpath: //button[.//span[text()='MUA VÉ NGAY']]
[2025-12-06 00:51:22] [INFO ] SeatPage - getText: By.xpath: //div[h3[contains(text(),'Cụm Rạp:')]]
[2025-12-06 00:51:22] [INFO ] SeatPage - waitForVisibilityOfElementLocated: By.xpath: //div[h3[contains(text(),'Cụm Rạp:')]]
[2025-12-06 00:51:22] [INFO ] TC_SeatTest - Test Suite completed
[2025-12-06 00:51:24] [INFO ] SeatPage - getText: By.xpath: //div[h3[contains(text(),'Địa chỉ:')]]
[2025-12-06 00:51:24] [INFO ] SeatPage - waitForVisibilityOfElementLocated: By.xpath: //div[h3[contains(text(),'Địa chỉ:')]]
[2025-12-06 00:51:24] [INFO ] SeatPage - getText: By.xpath: //div[h3[contains(text(),'Ngày giờ chiếu')]]//h3[contains(normalize-space(), ' -')]
[2025-12-06 00:51:24] [INFO ] SeatPage - waitForVisibilityOfElementLocated: By.xpath: //div[h3[contains(text(),'Ngày giờ chiếu')]]//h3[contains(normalize-space(), ' -')]
[2025-12-06 00:51:24] [INFO ] SeatPage - getText: By.xpath: //div[h3[contains(text(),'Ngày giờ chiếu')]]//span
[2025-12-06 00:51:24] [INFO ] SeatPage - waitForVisibilityOfElementLocated: By.xpath: //div[h3[contains(text(),'Ngày giờ chiếu')]]//span
[2025-12-06 00:51:24] [INFO ] SeatPage - getText: By.xpath: //div[h3[contains(text(),'Ngày giờ chiếu')]]//span
[2025-12-06 00:51:24] [INFO ] SeatPage - waitForVisibilityOfElementLocated: By.xpath: //div[h3[contains(text(),'Ngày giờ chiếu')]]//span
[2025-12-06 00:51:24] [INFO ] SeatPage - getText: By.xpath: //div[h3[contains(text(),'Tên Phim:')]]
[2025-12-06 00:51:24] [INFO ] SeatPage - waitForVisibilityOfElementLocated: By.xpath: //div[h3[contains(text(),'Tên Phim:')]]
[2025-12-06 00:51:24] [INFO ] TestListener - ===== PASSED TEST: TC =====
[2025-12-06 00:51:24] [INFO ] TC_SeatTest - After Method executed
[2025-12-06 00:51:24] [INFO ] TC_SeatTest - After class executed
[2025-12-06 00:51:24] [INFO ] TestListener - >>> FINISH TEST SUITE: seat test
[2025-12-06 00:51:24] [INFO ] TC_SeatTest - Test Suite completed
[2025-12-06 00:53:09] [INFO ] TC_SeatTest - Before Suite executed
[2025-12-06 00:53:09] [INFO ] TestListener - >>> START TEST SUITE: register test
[2025-12-06 00:53:09] [INFO ] TestListener - >>> FINISH TEST SUITE: register test
[2025-12-06 00:53:09] [INFO ] TestListener - >>> START TEST SUITE: home test
[2025-12-06 00:53:09] [INFO ] TC_CinemaTest - Before class executed
[2025-12-06 00:53:12] [INFO ] TopBarNavigation - click: By.xpath: //h3[text()='Đăng Nhập']
[2025-12-06 00:53:12] [INFO ] TopBarNavigation - waitForElementToBeClickable: By.xpath: //h3[text()='Đăng Nhập']
[2025-12-06 00:53:12] [INFO ] LoginPage - enterAccount: cam0592
[2025-12-06 00:53:12] [INFO ] LoginPage - sendKeys: By.id: taiKhoan with cam0592
[2025-12-06 00:53:12] [INFO ] LoginPage - waitForVisibilityOfElementLocated: By.id: taiKhoan
[2025-12-06 00:53:12] [INFO ] LoginPage - enterPassword: Diqit0505@
[2025-12-06 00:53:12] [INFO ] LoginPage - sendKeys: By.id: matKhau with Diqit0505@
[2025-12-06 00:53:12] [INFO ] LoginPage - waitForVisibilityOfElementLocated: By.id: matKhau
[2025-12-06 00:53:12] [INFO ] LoginPage - clickLogin
[2025-12-06 00:53:12] [INFO ] LoginPage - click: By.xpath: //button[.='Đăng nhập']
[2025-12-06 00:53:12] [INFO ] LoginPage - waitForElementToBeClickable: By.xpath: //button[.='Đăng nhập']
[2025-12-06 00:53:12] [INFO ] TC_CinemaTest - Before Method executed
[2025-12-06 00:53:12] [INFO ] TestListener - ===== START TEST: TC05_verifyTicketAtSeatPageWhenUserBookTicketAtListCinema =====
[2025-12-06 00:53:12] [INFO ] HomePage - click: By.xpath: //button[.//img[contains(@alt, 'cgv')]]
[2025-12-06 00:53:12] [INFO ] HomePage - waitForElementToBeClickable: By.xpath: //button[.//img[contains(@alt, 'cgv')]]
[2025-12-06 00:53:16] [INFO ] HomePage - click: By.xpath: //button[.//h4[contains(text(),'CGV - Golden Plaza')]]
[2025-12-06 00:53:16] [INFO ] HomePage - waitForElementToBeClickable: By.xpath: //button[.//h4[contains(text(),'CGV - Golden Plaza')]]
[2025-12-06 00:53:17] [INFO ] HomePage - click: By.xpath: //h2[contains(., 'AVATAR 2')]/following-sibling::div//a[.//p[contains(text(),'15-10-2021')]and .//h3[contains(text(),'08:42')]]
[2025-12-06 00:53:17] [INFO ] HomePage - waitForElementToBeClickable: By.xpath: //h2[contains(., 'AVATAR 2')]/following-sibling::div//a[.//p[contains(text(),'15-10-2021')]and .//h3[contains(text(),'08:42')]]
[2025-12-06 00:53:17] [INFO ] SeatPage - getText: By.xpath: //div[h3[contains(text(),'Địa chỉ:')]]
[2025-12-06 00:53:17] [INFO ] SeatPage - waitForVisibilityOfElementLocated: By.xpath: //div[h3[contains(text(),'Địa chỉ:')]]
[2025-12-06 00:53:18] [INFO ] HomePage - getText: By.xpath: //div[@role='tabpanel']//div[h4[contains(text(),'CGV - Golden Plaza')]]/h6
[2025-12-06 00:53:18] [INFO ] HomePage - waitForVisibilityOfElementLocated: By.xpath: //div[@role='tabpanel']//div[h4[contains(text(),'CGV - Golden Plaza')]]/h6
[2025-12-06 00:54:17] [INFO ] TC_SeatTest - Before Suite executed
[2025-12-06 00:54:18] [INFO ] TestListener - >>> START TEST SUITE: register test
[2025-12-06 00:54:18] [INFO ] TestListener - >>> FINISH TEST SUITE: register test
[2025-12-06 00:54:18] [INFO ] TestListener - >>> START TEST SUITE: home test
[2025-12-06 00:54:18] [INFO ] TC_CinemaTest - Before class executed
[2025-12-06 00:54:21] [INFO ] TopBarNavigation - click: By.xpath: //h3[text()='Đăng Nhập']
[2025-12-06 00:54:21] [INFO ] TopBarNavigation - waitForElementToBeClickable: By.xpath: //h3[text()='Đăng Nhập']
[2025-12-06 00:54:21] [INFO ] LoginPage - enterAccount: cam0592
[2025-12-06 00:54:21] [INFO ] LoginPage - sendKeys: By.id: taiKhoan with cam0592
[2025-12-06 00:54:21] [INFO ] LoginPage - waitForVisibilityOfElementLocated: By.id: taiKhoan
[2025-12-06 00:54:21] [INFO ] LoginPage - enterPassword: Diqit0505@
[2025-12-06 00:54:21] [INFO ] LoginPage - sendKeys: By.id: matKhau with Diqit0505@
[2025-12-06 00:54:21] [INFO ] LoginPage - waitForVisibilityOfElementLocated: By.id: matKhau
[2025-12-06 00:54:21] [INFO ] LoginPage - clickLogin
[2025-12-06 00:54:21] [INFO ] LoginPage - click: By.xpath: //button[.='Đăng nhập']
[2025-12-06 00:54:21] [INFO ] LoginPage - waitForElementToBeClickable: By.xpath: //button[.='Đăng nhập']
[2025-12-06 00:54:21] [INFO ] TC_CinemaTest - Before Method executed
[2025-12-06 00:54:21] [INFO ] TestListener - ===== START TEST: TC05_verifyTicketAtSeatPageWhenUserBookTicketAtListCinema =====
[2025-12-06 00:54:21] [INFO ] HomePage - click: By.xpath: //button[.//img[contains(@alt, 'cgv')]]
[2025-12-06 00:54:21] [INFO ] HomePage - waitForElementToBeClickable: By.xpath: //button[.//img[contains(@alt, 'cgv')]]
[2025-12-06 00:54:25] [INFO ] HomePage - click: By.xpath: //button[.//h4[contains(text(),'CGV - Golden Plaza')]]
[2025-12-06 00:54:25] [INFO ] HomePage - waitForElementToBeClickable: By.xpath: //button[.//h4[contains(text(),'CGV - Golden Plaza')]]
[2025-12-06 00:54:26] [INFO ] HomePage - click: By.xpath: //h2[contains(., 'AVATAR 2')]/following-sibling::div//a[.//p[contains(text(),'15-10-2021')]and .//h3[contains(text(),'08:42')]]
[2025-12-06 00:54:26] [INFO ] HomePage - waitForElementToBeClickable: By.xpath: //h2[contains(., 'AVATAR 2')]/following-sibling::div//a[.//p[contains(text(),'15-10-2021')]and .//h3[contains(text(),'08:42')]]
[2025-12-06 00:54:26] [INFO ] SeatPage - getText: By.xpath: //div[h3[contains(text(),'Địa chỉ:')]]
[2025-12-06 00:54:26] [INFO ] SeatPage - waitForVisibilityOfElementLocated: By.xpath: //div[h3[contains(text(),'Địa chỉ:')]]
[2025-12-06 00:54:28] [INFO ] HomePage - waitForPresentOfElementLocatedBy.xpath: //div[@role='tabpanel']//div[h4[contains(text(),'CGV - Golden Plaza')]]/h6
[2025-12-06 00:56:08] [ERROR] TestListener - ===== FAILED TEST: TC05_verifyTicketAtSeatPageWhenUserBookTicketAtListCinema =====
org.openqa.selenium.TimeoutException: Expected condition failed: waiting for presence of element located by: By.xpath: //div[@role='tabpanel']//div[h4[contains(text(),'CGV - Golden Plaza')]]/h6 (tried for 100 second(s) with 500 milliseconds interval)
	at org.openqa.selenium.support.ui.WebDriverWait.timeoutException(WebDriverWait.java:84)
	at org.openqa.selenium.support.ui.FluentWait.until(FluentWait.java:228)
	at base.BasePage.waitForPresentOfElementLocated(BasePage.java:33)
	at pages.HomePage.getAddressCinemaBranch(HomePage.java:217)
	at testcases.home.TC_CinemaTest.TC05_verifyTicketAtSeatPageWhenUserBookTicketAtListCinema(TC_CinemaTest.java:109)
	at java.base/jdk.internal.reflect.DirectMethodHandleAccessor.invoke(DirectMethodHandleAccessor.java:103)
	at java.base/java.lang.reflect.Method.invoke(Method.java:580)
	at org.testng.internal.invokers.MethodInvocationHelper.invokeMethod(MethodInvocationHelper.java:141)
	at org.testng.internal.invokers.TestInvoker.invokeMethod(TestInvoker.java:687)
	at org.testng.internal.invokers.TestInvoker.invokeTestMethod(TestInvoker.java:230)
	at org.testng.internal.invokers.MethodRunner.runInSequence(MethodRunner.java:63)
	at org.testng.internal.invokers.TestInvoker$MethodInvocationAgent.invoke(TestInvoker.java:995)
	at org.testng.internal.invokers.TestInvoker.invokeTestMethods(TestInvoker.java:203)
	at org.testng.internal.invokers.TestMethodWorker.invokeTestMethods(TestMethodWorker.java:154)
	at org.testng.internal.invokers.TestMethodWorker.run(TestMethodWorker.java:134)
	at java.base/java.util.concurrent.Executors$RunnableAdapter.call(Executors.java:572)
	at java.base/java.util.concurrent.FutureTask.run(FutureTask.java:317)
	at org.testng.internal.thread.graph.TestNGFutureTask.run(TestNGFutureTask.java:22)
	at java.base/java.util.concurrent.ThreadPoolExecutor.runWorker(ThreadPoolExecutor.java:1144)
	at java.base/java.util.concurrent.ThreadPoolExecutor$Worker.run(ThreadPoolExecutor.java:642)
	at java.base/java.lang.Thread.run(Thread.java:1583)
Caused by: org.openqa.selenium.NoSuchWindowException: no such window: target window already closed
from unknown error: web view not found
  (Session info: chrome=142.0.7444.177)
Build info: version: '4.35.0', revision: '1c58e5028b'
System info: os.name: 'Mac OS X', os.arch: 'aarch64', os.version: '15.6', java.version: '21.0.8'
Driver info: org.openqa.selenium.chrome.ChromeDriver
Command: [6b63ad8b2b803a5ee18b604ec6babf72, findElement {using=xpath, value=//div[@role='tabpanel']//div[h4[contains(text(),'CGV - Golden Plaza')]]/h6}]
Capabilities {acceptInsecureCerts: false, browserName: chrome, browserVersion: 142.0.7444.177, chrome: {chromedriverVersion: 142.0.7444.175 (302067f14a4..., userDataDir: /var/folders/0n/zwyxq8hd4nl...}, fedcm:accounts: true, goog:chromeOptions: {debuggerAddress: localhost:49281}, goog:processID: 29314, networkConnectionEnabled: false, pageLoadStrategy: normal, platformName: mac, proxy: Proxy(), se:cdp: ws://localhost:49281/devtoo..., se:cdpVersion: 142.0.7444.177, setWindowRect: true, strictFileInteractability: false, timeouts: {implicit: 0, pageLoad: 300000, script: 30000}, unhandledPromptBehavior: dismiss and notify, webauthn:extension:credBlob: true, webauthn:extension:largeBlob: true, webauthn:extension:minPinLength: true, webauthn:extension:prf: true, webauthn:virtualAuthenticators: true}
Session ID: 6b63ad8b2b803a5ee18b604ec6babf72
	at java.base/jdk.internal.reflect.DirectConstructorHandleAccessor.newInstance(DirectConstructorHandleAccessor.java:62)
	at java.base/java.lang.reflect.Constructor.newInstanceWithCaller(Constructor.java:502)
	at java.base/java.lang.reflect.Constructor.newInstance(Constructor.java:486)
	at org.openqa.selenium.remote.ErrorCodec.decode(ErrorCodec.java:167)
	at org.openqa.selenium.remote.codec.w3c.W3CHttpResponseCodec.decode(W3CHttpResponseCodec.java:138)
	at org.openqa.selenium.remote.codec.w3c.W3CHttpResponseCodec.decode(W3CHttpResponseCodec.java:50)
	at org.openqa.selenium.remote.HttpCommandExecutor.execute(HttpCommandExecutor.java:215)
	at org.openqa.selenium.remote.service.DriverCommandExecutor.invokeExecute(DriverCommandExecutor.java:216)
	at org.openqa.selenium.remote.service.DriverCommandExecutor.execute(DriverCommandExecutor.java:174)
	at org.openqa.selenium.remote.RemoteWebDriver.execute(RemoteWebDriver.java:557)
	at org.openqa.selenium.remote.ElementLocation$ElementFinder$2.findElement(ElementLocation.java:165)
	at org.openqa.selenium.remote.ElementLocation.findElement(ElementLocation.java:59)
	at org.openqa.selenium.remote.RemoteWebDriver.findElement(RemoteWebDriver.java:380)
	at org.openqa.selenium.remote.RemoteWebDriver.findElement(RemoteWebDriver.java:374)
	at org.openqa.selenium.support.ui.ExpectedConditions$6.apply(ExpectedConditions.java:171)
	at org.openqa.selenium.support.ui.ExpectedConditions$6.apply(ExpectedConditions.java:168)
	at org.openqa.selenium.support.ui.FluentWait.until(FluentWait.java:203)
	... 19 more
[2025-12-06 00:56:08] [INFO ] TC_CinemaTest - After Method executed
[2025-12-06 00:56:08] [INFO ] TestListener - >>> FINISH TEST SUITE: home test
[2025-12-06 00:56:08] [INFO ] TestListener - >>> START TEST SUITE: showtime test
[2025-12-06 00:56:08] [INFO ] TestListener - >>> FINISH TEST SUITE: showtime test
[2025-12-06 00:56:08] [INFO ] TestListener - >>> START TEST SUITE: seat test
[2025-12-06 00:56:08] [INFO ] TestListener - >>> FINISH TEST SUITE: seat test
[2025-12-06 00:56:08] [INFO ] TC_SeatTest - Test Suite completed
[2025-12-06 00:56:35] [INFO ] TC_SeatTest - Before Suite executed
[2025-12-06 00:56:35] [INFO ] TestListener - >>> START TEST SUITE: register test
[2025-12-06 00:56:35] [INFO ] TestListener - >>> FINISH TEST SUITE: register test
[2025-12-06 00:56:35] [INFO ] TestListener - >>> START TEST SUITE: home test
[2025-12-06 00:56:35] [INFO ] TC_CinemaTest - Before class executed
[2025-12-06 00:56:38] [INFO ] TopBarNavigation - click: By.xpath: //h3[text()='Đăng Nhập']
[2025-12-06 00:56:38] [INFO ] TopBarNavigation - waitForElementToBeClickable: By.xpath: //h3[text()='Đăng Nhập']
[2025-12-06 00:56:38] [INFO ] LoginPage - enterAccount: cam0592
[2025-12-06 00:56:38] [INFO ] LoginPage - sendKeys: By.id: taiKhoan with cam0592
[2025-12-06 00:56:38] [INFO ] LoginPage - waitForVisibilityOfElementLocated: By.id: taiKhoan
[2025-12-06 00:56:38] [INFO ] LoginPage - enterPassword: Diqit0505@
[2025-12-06 00:56:38] [INFO ] LoginPage - sendKeys: By.id: matKhau with Diqit0505@
[2025-12-06 00:56:38] [INFO ] LoginPage - waitForVisibilityOfElementLocated: By.id: matKhau
[2025-12-06 00:56:38] [INFO ] LoginPage - clickLogin
[2025-12-06 00:56:38] [INFO ] LoginPage - click: By.xpath: //button[.='Đăng nhập']
[2025-12-06 00:56:38] [INFO ] LoginPage - waitForElementToBeClickable: By.xpath: //button[.='Đăng nhập']
[2025-12-06 00:56:38] [INFO ] TC_CinemaTest - Before Method executed
[2025-12-06 00:56:38] [INFO ] TestListener - ===== START TEST: TC05_verifyTicketAtSeatPageWhenUserBookTicketAtListCinema =====
[2025-12-06 00:56:38] [INFO ] HomePage - click: By.xpath: //button[.//img[contains(@alt, 'cgv')]]
[2025-12-06 00:56:38] [INFO ] HomePage - waitForElementToBeClickable: By.xpath: //button[.//img[contains(@alt, 'cgv')]]
[2025-12-06 00:56:42] [INFO ] HomePage - click: By.xpath: //button[.//h4[contains(text(),'CGV - Golden Plaza')]]
[2025-12-06 00:56:42] [INFO ] HomePage - waitForElementToBeClickable: By.xpath: //button[.//h4[contains(text(),'CGV - Golden Plaza')]]
[2025-12-06 00:56:42] [INFO ] HomePage - click: By.xpath: //h2[contains(., 'AVATAR 2')]/following-sibling::div//a[.//p[contains(text(),'15-10-2021')]and .//h3[contains(text(),'08:42')]]
[2025-12-06 00:56:42] [INFO ] HomePage - waitForElementToBeClickable: By.xpath: //h2[contains(., 'AVATAR 2')]/following-sibling::div//a[.//p[contains(text(),'15-10-2021')]and .//h3[contains(text(),'08:42')]]
[2025-12-06 00:56:42] [INFO ] SeatPage - getText: By.xpath: //div[h3[contains(text(),'Địa chỉ:')]]
[2025-12-06 00:56:42] [INFO ] SeatPage - waitForVisibilityOfElementLocated: By.xpath: //div[h3[contains(text(),'Địa chỉ:')]]
[2025-12-06 00:56:44] [ERROR] TestListener - ===== FAILED TEST: TC05_verifyTicketAtSeatPageWhenUserBookTicketAtListCinema =====
java.lang.AssertionError: Không hiển thị đúng địa chỉ cụm rạp expected [Tầng 4, Trung tâm thương mại Golden Plaza, 922 Nguyễn Trãi, P. 14, Q. 5] but found [tang 4, trung tam thuong mai golden plaza, 922 nguyen trai, p. 14, q. 5]
	at org.testng.Assert.fail(Assert.java:111)
	at org.testng.Assert.failNotEquals(Assert.java:1590)
	at org.testng.Assert.assertEqualsImpl(Assert.java:150)
	at org.testng.Assert.assertEquals(Assert.java:132)
	at org.testng.Assert.assertEquals(Assert.java:656)
	at testcases.home.TC_CinemaTest.TC05_verifyTicketAtSeatPageWhenUserBookTicketAtListCinema(TC_CinemaTest.java:109)
	at java.base/jdk.internal.reflect.DirectMethodHandleAccessor.invoke(DirectMethodHandleAccessor.java:103)
	at java.base/java.lang.reflect.Method.invoke(Method.java:580)
	at org.testng.internal.invokers.MethodInvocationHelper.invokeMethod(MethodInvocationHelper.java:141)
	at org.testng.internal.invokers.TestInvoker.invokeMethod(TestInvoker.java:687)
	at org.testng.internal.invokers.TestInvoker.invokeTestMethod(TestInvoker.java:230)
	at org.testng.internal.invokers.MethodRunner.runInSequence(MethodRunner.java:63)
	at org.testng.internal.invokers.TestInvoker$MethodInvocationAgent.invoke(TestInvoker.java:995)
	at org.testng.internal.invokers.TestInvoker.invokeTestMethods(TestInvoker.java:203)
	at org.testng.internal.invokers.TestMethodWorker.invokeTestMethods(TestMethodWorker.java:154)
	at org.testng.internal.invokers.TestMethodWorker.run(TestMethodWorker.java:134)
	at java.base/java.util.concurrent.Executors$RunnableAdapter.call(Executors.java:572)
	at java.base/java.util.concurrent.FutureTask.run(FutureTask.java:317)
	at org.testng.internal.thread.graph.TestNGFutureTask.run(TestNGFutureTask.java:22)
	at java.base/java.util.concurrent.ThreadPoolExecutor.runWorker(ThreadPoolExecutor.java:1144)
	at java.base/java.util.concurrent.ThreadPoolExecutor$Worker.run(ThreadPoolExecutor.java:642)
	at java.base/java.lang.Thread.run(Thread.java:1583)
[2025-12-06 00:56:44] [INFO ] TC_CinemaTest - After Method executed
[2025-12-06 00:56:44] [INFO ] TC_CinemaTest - After class executed
[2025-12-06 00:56:44] [INFO ] TestListener - >>> FINISH TEST SUITE: home test
[2025-12-06 00:56:44] [INFO ] TestListener - >>> START TEST SUITE: showtime test
[2025-12-06 00:56:44] [INFO ] TestListener - >>> FINISH TEST SUITE: showtime test
[2025-12-06 00:56:44] [INFO ] TestListener - >>> START TEST SUITE: seat test
[2025-12-06 00:56:44] [INFO ] TestListener - >>> FINISH TEST SUITE: seat test
[2025-12-06 00:56:45] [INFO ] TC_SeatTest - Test Suite completed
[2025-12-06 00:58:26] [INFO ] TC_SeatTest - Before Suite executed
[2025-12-06 00:58:26] [INFO ] TestListener - >>> START TEST SUITE: register test
[2025-12-06 00:58:26] [INFO ] TestListener - >>> FINISH TEST SUITE: register test
[2025-12-06 00:58:26] [INFO ] TestListener - >>> START TEST SUITE: home test
[2025-12-06 00:58:26] [INFO ] TC_CinemaTest - Before class executed
[2025-12-06 00:58:31] [INFO ] TopBarNavigation - click: By.xpath: //h3[text()='Đăng Nhập']
[2025-12-06 00:58:31] [INFO ] TopBarNavigation - waitForElementToBeClickable: By.xpath: //h3[text()='Đăng Nhập']
[2025-12-06 00:58:31] [INFO ] LoginPage - enterAccount: cam0592
[2025-12-06 00:58:31] [INFO ] LoginPage - sendKeys: By.id: taiKhoan with cam0592
[2025-12-06 00:58:31] [INFO ] LoginPage - waitForVisibilityOfElementLocated: By.id: taiKhoan
[2025-12-06 00:58:31] [INFO ] LoginPage - enterPassword: Diqit0505@
[2025-12-06 00:58:31] [INFO ] LoginPage - sendKeys: By.id: matKhau with Diqit0505@
[2025-12-06 00:58:31] [INFO ] LoginPage - waitForVisibilityOfElementLocated: By.id: matKhau
[2025-12-06 00:58:31] [INFO ] LoginPage - clickLogin
[2025-12-06 00:58:31] [INFO ] LoginPage - click: By.xpath: //button[.='Đăng nhập']
[2025-12-06 00:58:31] [INFO ] LoginPage - waitForElementToBeClickable: By.xpath: //button[.='Đăng nhập']
[2025-12-06 00:58:32] [INFO ] TC_CinemaTest - Before Method executed
[2025-12-06 00:58:32] [INFO ] TestListener - ===== START TEST: TC05_verifyTicketAtSeatPageWhenUserBookTicketAtListCinema =====
[2025-12-06 00:58:32] [INFO ] HomePage - click: By.xpath: //button[.//img[contains(@alt, 'cgv')]]
[2025-12-06 00:58:32] [INFO ] HomePage - waitForElementToBeClickable: By.xpath: //button[.//img[contains(@alt, 'cgv')]]
[2025-12-06 00:58:37] [INFO ] HomePage - click: By.xpath: //button[.//h4[contains(text(),'CGV - Golden Plaza')]]
[2025-12-06 00:58:37] [INFO ] HomePage - waitForElementToBeClickable: By.xpath: //button[.//h4[contains(text(),'CGV - Golden Plaza')]]
[2025-12-06 00:58:37] [INFO ] HomePage - click: By.xpath: //h2[contains(., 'AVATAR 2')]/following-sibling::div//a[.//p[contains(text(),'15-10-2021')]and .//h3[contains(text(),'08:42')]]
[2025-12-06 00:58:37] [INFO ] HomePage - waitForElementToBeClickable: By.xpath: //h2[contains(., 'AVATAR 2')]/following-sibling::div//a[.//p[contains(text(),'15-10-2021')]and .//h3[contains(text(),'08:42')]]
[2025-12-06 00:58:37] [INFO ] SeatPage - getText: By.xpath: //div[h3[contains(text(),'Cụm Rạp:')]]
[2025-12-06 00:58:37] [INFO ] SeatPage - waitForVisibilityOfElementLocated: By.xpath: //div[h3[contains(text(),'Cụm Rạp:')]]
[2025-12-06 00:58:39] [INFO ] SeatPage - getText: By.xpath: //div[h3[contains(text(),'Địa chỉ:')]]
[2025-12-06 00:58:39] [INFO ] SeatPage - waitForVisibilityOfElementLocated: By.xpath: //div[h3[contains(text(),'Địa chỉ:')]]
[2025-12-06 00:58:39] [INFO ] SeatPage - getText: By.xpath: //div[h3[contains(text(),'Ngày giờ chiếu')]]//h3[contains(normalize-space(), ' -')]
[2025-12-06 00:58:39] [INFO ] SeatPage - waitForVisibilityOfElementLocated: By.xpath: //div[h3[contains(text(),'Ngày giờ chiếu')]]//h3[contains(normalize-space(), ' -')]
[2025-12-06 00:58:39] [INFO ] SeatPage - getText: By.xpath: //div[h3[contains(text(),'Ngày giờ chiếu')]]//span
[2025-12-06 00:58:39] [INFO ] SeatPage - waitForVisibilityOfElementLocated: By.xpath: //div[h3[contains(text(),'Ngày giờ chiếu')]]//span
[2025-12-06 00:58:39] [INFO ] SeatPage - getText: By.xpath: //div[h3[contains(text(),'Ngày giờ chiếu')]]//span
[2025-12-06 00:58:39] [INFO ] SeatPage - waitForVisibilityOfElementLocated: By.xpath: //div[h3[contains(text(),'Ngày giờ chiếu')]]//span
[2025-12-06 00:58:39] [ERROR] TestListener - ===== FAILED TEST: TC05_verifyTicketAtSeatPageWhenUserBookTicketAtListCinema =====
java.lang.AssertionError: Không hiển thị đúng giờ chiếu expected [08:42] but found [08:10]
	at org.testng.Assert.fail(Assert.java:111)
	at org.testng.Assert.failNotEquals(Assert.java:1590)
	at org.testng.Assert.assertEqualsImpl(Assert.java:150)
	at org.testng.Assert.assertEquals(Assert.java:132)
	at org.testng.Assert.assertEquals(Assert.java:656)
	at testcases.home.TC_CinemaTest.TC05_verifyTicketAtSeatPageWhenUserBookTicketAtListCinema(TC_CinemaTest.java:106)
	at java.base/jdk.internal.reflect.DirectMethodHandleAccessor.invoke(DirectMethodHandleAccessor.java:103)
	at java.base/java.lang.reflect.Method.invoke(Method.java:580)
	at org.testng.internal.invokers.MethodInvocationHelper.invokeMethod(MethodInvocationHelper.java:141)
	at org.testng.internal.invokers.TestInvoker.invokeMethod(TestInvoker.java:687)
	at org.testng.internal.invokers.TestInvoker.invokeTestMethod(TestInvoker.java:230)
	at org.testng.internal.invokers.MethodRunner.runInSequence(MethodRunner.java:63)
	at org.testng.internal.invokers.TestInvoker$MethodInvocationAgent.invoke(TestInvoker.java:995)
	at org.testng.internal.invokers.TestInvoker.invokeTestMethods(TestInvoker.java:203)
	at org.testng.internal.invokers.TestMethodWorker.invokeTestMethods(TestMethodWorker.java:154)
	at org.testng.internal.invokers.TestMethodWorker.run(TestMethodWorker.java:134)
	at java.base/java.util.concurrent.Executors$RunnableAdapter.call(Executors.java:572)
	at java.base/java.util.concurrent.FutureTask.run(FutureTask.java:317)
	at org.testng.internal.thread.graph.TestNGFutureTask.run(TestNGFutureTask.java:22)
	at java.base/java.util.concurrent.ThreadPoolExecutor.runWorker(ThreadPoolExecutor.java:1144)
	at java.base/java.util.concurrent.ThreadPoolExecutor$Worker.run(ThreadPoolExecutor.java:642)
	at java.base/java.lang.Thread.run(Thread.java:1583)
[2025-12-06 00:58:39] [INFO ] TC_CinemaTest - After Method executed
[2025-12-06 00:58:39] [INFO ] TC_CinemaTest - After class executed
[2025-12-06 00:58:39] [INFO ] TestListener - >>> FINISH TEST SUITE: home test
[2025-12-06 00:58:39] [INFO ] TestListener - >>> START TEST SUITE: showtime test
[2025-12-06 00:58:39] [INFO ] TestListener - >>> FINISH TEST SUITE: showtime test
[2025-12-06 00:58:39] [INFO ] TestListener - >>> START TEST SUITE: seat test
[2025-12-06 00:58:39] [INFO ] TestListener - >>> FINISH TEST SUITE: seat test
[2025-12-06 00:58:40] [INFO ] TC_SeatTest - Test Suite completed
[2025-12-06 01:25:50] [INFO ] TC_SeatTest - Before Suite executed
[2025-12-06 01:25:50] [INFO ] TestListener - >>> START TEST SUITE: register test
[2025-12-06 01:25:50] [INFO ] TestListener - >>> FINISH TEST SUITE: register test
[2025-12-06 01:25:50] [INFO ] TestListener - >>> START TEST SUITE: home test
[2025-12-06 01:25:50] [INFO ] TestListener - >>> FINISH TEST SUITE: home test
[2025-12-06 01:25:50] [INFO ] TestListener - >>> START TEST SUITE: showtime test
[2025-12-06 01:25:50] [INFO ] TestListener - >>> FINISH TEST SUITE: showtime test
[2025-12-06 01:25:50] [INFO ] TestListener - >>> START TEST SUITE: seat test
[2025-12-06 01:25:50] [INFO ] TC_SeatTest - Before class executed
[2025-12-06 01:25:54] [INFO ] TopBarNavigation - click: By.xpath: //h3[text()='Đăng Nhập']
[2025-12-06 01:25:54] [INFO ] TopBarNavigation - waitForElementToBeClickable: By.xpath: //h3[text()='Đăng Nhập']
[2025-12-06 01:25:54] [INFO ] LoginPage - enterAccount: cam0592
[2025-12-06 01:25:54] [INFO ] LoginPage - sendKeys: By.id: taiKhoan with cam0592
[2025-12-06 01:25:54] [INFO ] LoginPage - waitForVisibilityOfElementLocated: By.id: taiKhoan
[2025-12-06 01:25:54] [INFO ] LoginPage - enterPassword: Diqit0505@
[2025-12-06 01:25:54] [INFO ] LoginPage - sendKeys: By.id: matKhau with Diqit0505@
[2025-12-06 01:25:54] [INFO ] LoginPage - waitForVisibilityOfElementLocated: By.id: matKhau
[2025-12-06 01:25:54] [INFO ] LoginPage - clickLogin
[2025-12-06 01:25:54] [INFO ] LoginPage - click: By.xpath: //button[.='Đăng nhập']
[2025-12-06 01:25:54] [INFO ] LoginPage - waitForElementToBeClickable: By.xpath: //button[.='Đăng nhập']
[2025-12-06 01:25:54] [INFO ] TC_SeatTest - Before Method executed
[2025-12-06 01:25:55] [INFO ] TestListener - ===== START TEST: TC03_verifySeatIDAtInformationTicket =====
[2025-12-06 01:25:55] [INFO ] HomePage - waitOptionsDropDownLoaded: By.xpath: //select[@name='film']/option
[2025-12-06 01:25:58] [INFO ] HomePage - waitForElementToBeClickable: By.xpath: //select[@name='film']
[2025-12-06 01:25:58] [INFO ] HomePage - waitOptionsDropDownLoaded: By.xpath: //select[@name='cinema']/option
[2025-12-06 01:25:59] [INFO ] HomePage - waitForElementToBeClickable: By.xpath: //select[@name='cinema']
[2025-12-06 01:25:59] [INFO ] HomePage - waitOptionsDropDownLoaded: By.xpath: //select[@name='date']/option
[2025-12-06 01:25:59] [INFO ] HomePage - waitForElementToBeClickable: By.xpath: //select[@name='date']
[2025-12-06 01:25:59] [INFO ] HomePage - click: By.xpath: //button[.//span[text()='MUA VÉ NGAY']]
[2025-12-06 01:25:59] [INFO ] HomePage - waitForElementToBeClickable: By.xpath: //button[.//span[text()='MUA VÉ NGAY']]
[2025-12-06 01:25:59] [INFO ] SeatPage - waitForElementToBeClickable: By.xpath: //button[@type='button' and not(@disabled)]/span[text()='90']
[2025-12-06 01:26:00] [INFO ] SeatPage - click: By.xpath: //button[@type='button' and not(@disabled)]/span[text()='90']
[2025-12-06 01:26:00] [INFO ] SeatPage - waitForElementToBeClickable: By.xpath: //button[@type='button' and not(@disabled)]/span[text()='90']
[2025-12-06 01:26:01] [INFO ] SeatPage - getText: By.xpath: //h3[span[contains(text(),'Ghế ')]]
[2025-12-06 01:26:01] [INFO ] SeatPage - waitForVisibilityOfElementLocated: By.xpath: //h3[span[contains(text(),'Ghế ')]]
[2025-12-06 01:26:01] [INFO ] TestListener - ===== PASSED TEST: TC03_verifySeatIDAtInformationTicket =====
[2025-12-06 01:26:01] [INFO ] TC_SeatTest - After Method executed
[2025-12-06 01:26:01] [INFO ] TC_SeatTest - After class executed
[2025-12-06 01:26:01] [INFO ] TestListener - >>> FINISH TEST SUITE: seat test
[2025-12-06 01:26:01] [INFO ] TC_SeatTest - Test Suite completed
[2025-12-06 01:44:00] [INFO ] TC_SeatTest - Before Suite executed
[2025-12-06 01:44:01] [INFO ] TestListener - >>> START TEST SUITE: register test
[2025-12-06 01:44:01] [INFO ] TestListener - >>> FINISH TEST SUITE: register test
[2025-12-06 01:44:01] [INFO ] TestListener - >>> START TEST SUITE: home test
[2025-12-06 01:44:01] [INFO ] TestListener - >>> FINISH TEST SUITE: home test
[2025-12-06 01:44:01] [INFO ] TestListener - >>> START TEST SUITE: showtime test
[2025-12-06 01:44:01] [INFO ] TestListener - >>> FINISH TEST SUITE: showtime test
[2025-12-06 01:44:01] [INFO ] TestListener - >>> START TEST SUITE: seat test
[2025-12-06 01:44:01] [INFO ] TC_SeatTest - Before class executed
[2025-12-06 01:44:07] [INFO ] TopBarNavigation - click: By.xpath: //h3[text()='Đăng Nhập']
[2025-12-06 01:44:07] [INFO ] TopBarNavigation - waitForElementToBeClickable: By.xpath: //h3[text()='Đăng Nhập']
[2025-12-06 01:44:07] [INFO ] LoginPage - enterAccount: cam0592
[2025-12-06 01:44:07] [INFO ] LoginPage - sendKeys: By.id: taiKhoan with cam0592
[2025-12-06 01:44:07] [INFO ] LoginPage - waitForVisibilityOfElementLocated: By.id: taiKhoan
[2025-12-06 01:44:07] [INFO ] LoginPage - enterPassword: Diqit0505@
[2025-12-06 01:44:07] [INFO ] LoginPage - sendKeys: By.id: matKhau with Diqit0505@
[2025-12-06 01:44:07] [INFO ] LoginPage - waitForVisibilityOfElementLocated: By.id: matKhau
[2025-12-06 01:44:07] [INFO ] LoginPage - clickLogin
[2025-12-06 01:44:07] [INFO ] LoginPage - click: By.xpath: //button[.='Đăng nhập']
[2025-12-06 01:44:07] [INFO ] LoginPage - waitForElementToBeClickable: By.xpath: //button[.='Đăng nhập']
[2025-12-06 01:44:07] [INFO ] TC_SeatTest - Before Method executed
[2025-12-06 01:44:07] [INFO ] TestListener - ===== START TEST: TC03_verifySelectedSeatShowsOnTicket =====
[2025-12-06 01:44:07] [INFO ] HomePage - waitOptionsDropDownLoaded: By.xpath: //select[@name='film']/option
[2025-12-06 01:44:11] [INFO ] HomePage - waitForElementToBeClickable: By.xpath: //select[@name='film']
[2025-12-06 01:44:11] [INFO ] HomePage - waitOptionsDropDownLoaded: By.xpath: //select[@name='cinema']/option
[2025-12-06 01:44:12] [INFO ] HomePage - waitForElementToBeClickable: By.xpath: //select[@name='cinema']
[2025-12-06 01:44:12] [INFO ] HomePage - waitOptionsDropDownLoaded: By.xpath: //select[@name='date']/option
[2025-12-06 01:44:12] [INFO ] HomePage - waitForElementToBeClickable: By.xpath: //select[@name='date']
[2025-12-06 01:44:12] [INFO ] HomePage - click: By.xpath: //button[.//span[text()='MUA VÉ NGAY']]
[2025-12-06 01:44:12] [INFO ] HomePage - waitForElementToBeClickable: By.xpath: //button[.//span[text()='MUA VÉ NGAY']]
[2025-12-06 01:44:12] [INFO ] SeatPage - waitForElementToBeClickable: By.xpath: //button[@type='button' and not(@disabled)]/span[text()='90']
[2025-12-06 01:44:13] [INFO ] SeatPage - click: By.xpath: //button[@type='button' and not(@disabled)]/span[text()='90']
[2025-12-06 01:44:13] [INFO ] SeatPage - waitForElementToBeClickable: By.xpath: //button[@type='button' and not(@disabled)]/span[text()='90']
[2025-12-06 01:44:13] [INFO ] SeatPage - waitForElementToBeClickable: By.xpath: //button[@type='button' and not(@disabled)]/span[text()='91']
[2025-12-06 01:44:14] [INFO ] SeatPage - click: By.xpath: //button[@type='button' and not(@disabled)]/span[text()='91']
[2025-12-06 01:44:14] [INFO ] SeatPage - waitForElementToBeClickable: By.xpath: //button[@type='button' and not(@disabled)]/span[text()='91']
[2025-12-06 01:44:14] [INFO ] SeatPage - waitForElementToBeClickable: By.xpath: //button[@type='button' and not(@disabled)]/span[text()='93']
[2025-12-06 01:44:14] [INFO ] SeatPage - click: By.xpath: //button[@type='button' and not(@disabled)]/span[text()='93']
[2025-12-06 01:44:14] [INFO ] SeatPage - waitForElementToBeClickable: By.xpath: //button[@type='button' and not(@disabled)]/span[text()='93']
[2025-12-06 01:44:14] [INFO ] TestListener - ===== PASSED TEST: TC03_verifySelectedSeatShowsOnTicket =====
[2025-12-06 01:44:14] [INFO ] TC_SeatTest - After Method executed
[2025-12-06 01:44:14] [INFO ] TC_SeatTest - After class executed
[2025-12-06 01:44:14] [INFO ] TestListener - >>> FINISH TEST SUITE: seat test
[2025-12-06 01:44:15] [INFO ] TC_SeatTest - Test Suite completed
[2025-12-06 02:10:14] [INFO ] TC_SeatTest - Before Suite executed
[2025-12-06 02:10:14] [INFO ] TestListener - >>> START TEST SUITE: register test
[2025-12-06 02:10:14] [INFO ] TestListener - >>> FINISH TEST SUITE: register test
[2025-12-06 02:10:14] [INFO ] TestListener - >>> START TEST SUITE: home test
[2025-12-06 02:10:14] [INFO ] TestListener - >>> FINISH TEST SUITE: home test
[2025-12-06 02:10:14] [INFO ] TestListener - >>> START TEST SUITE: showtime test
[2025-12-06 02:10:14] [INFO ] TestListener - >>> FINISH TEST SUITE: showtime test
[2025-12-06 02:10:14] [INFO ] TestListener - >>> START TEST SUITE: seat test
[2025-12-06 02:10:14] [INFO ] TC_SeatTest - Before class executed
[2025-12-06 02:10:20] [INFO ] TopBarNavigation - click: By.xpath: //h3[text()='Đăng Nhập']
[2025-12-06 02:10:20] [INFO ] TopBarNavigation - waitForElementToBeClickable: By.xpath: //h3[text()='Đăng Nhập']
[2025-12-06 02:10:20] [INFO ] LoginPage - enterAccount: cam0592
[2025-12-06 02:10:20] [INFO ] LoginPage - sendKeys: By.id: taiKhoan with cam0592
[2025-12-06 02:10:20] [INFO ] LoginPage - waitForVisibilityOfElementLocated: By.id: taiKhoan
[2025-12-06 02:10:20] [INFO ] LoginPage - enterPassword: Diqit0505@
[2025-12-06 02:10:20] [INFO ] LoginPage - sendKeys: By.id: matKhau with Diqit0505@
[2025-12-06 02:10:20] [INFO ] LoginPage - waitForVisibilityOfElementLocated: By.id: matKhau
[2025-12-06 02:10:20] [INFO ] LoginPage - clickLogin
[2025-12-06 02:10:20] [INFO ] LoginPage - click: By.xpath: //button[.='Đăng nhập']
[2025-12-06 02:10:20] [INFO ] LoginPage - waitForElementToBeClickable: By.xpath: //button[.='Đăng nhập']
[2025-12-06 02:10:20] [INFO ] TC_SeatTest - Before Method executed
[2025-12-06 02:10:20] [INFO ] TestListener - ===== START TEST: TC =====
[2025-12-06 02:10:20] [INFO ] HomePage - waitOptionsDropDownLoaded: By.xpath: //select[@name='film']/option
[2025-12-06 02:10:24] [INFO ] HomePage - waitForElementToBeClickable: By.xpath: //select[@name='film']
[2025-12-06 02:10:24] [INFO ] HomePage - waitOptionsDropDownLoaded: By.xpath: //select[@name='cinema']/option
[2025-12-06 02:10:25] [INFO ] HomePage - waitForElementToBeClickable: By.xpath: //select[@name='cinema']
[2025-12-06 02:10:25] [INFO ] HomePage - waitOptionsDropDownLoaded: By.xpath: //select[@name='date']/option
[2025-12-06 02:10:25] [INFO ] HomePage - waitForElementToBeClickable: By.xpath: //select[@name='date']
[2025-12-06 02:10:25] [INFO ] HomePage - click: By.xpath: //button[.//span[text()='MUA VÉ NGAY']]
[2025-12-06 02:10:25] [INFO ] HomePage - waitForElementToBeClickable: By.xpath: //button[.//span[text()='MUA VÉ NGAY']]
[2025-12-06 02:10:25] [INFO ] TestListener - ===== PASSED TEST: TC =====
[2025-12-06 02:10:25] [INFO ] TC_SeatTest - After Method executed
[2025-12-06 02:10:25] [INFO ] TC_SeatTest - After class executed
[2025-12-06 02:10:25] [INFO ] TestListener - >>> FINISH TEST SUITE: seat test
[2025-12-06 02:10:26] [INFO ] TC_SeatTest - Test Suite completed
[2025-12-06 02:10:33] [INFO ] TC_SeatTest - Before Suite executed
[2025-12-06 02:10:33] [INFO ] TestListener - >>> START TEST SUITE: register test
[2025-12-06 02:10:33] [INFO ] TestListener - >>> FINISH TEST SUITE: register test
[2025-12-06 02:10:33] [INFO ] TestListener - >>> START TEST SUITE: home test
[2025-12-06 02:10:33] [INFO ] TestListener - >>> FINISH TEST SUITE: home test
[2025-12-06 02:10:33] [INFO ] TestListener - >>> START TEST SUITE: showtime test
[2025-12-06 02:10:33] [INFO ] TestListener - >>> FINISH TEST SUITE: showtime test
[2025-12-06 02:10:33] [INFO ] TestListener - >>> START TEST SUITE: seat test
[2025-12-06 02:10:33] [INFO ] TC_SeatTest - Before class executed
[2025-12-06 02:10:36] [INFO ] TopBarNavigation - click: By.xpath: //h3[text()='Đăng Nhập']
[2025-12-06 02:10:36] [INFO ] TopBarNavigation - waitForElementToBeClickable: By.xpath: //h3[text()='Đăng Nhập']
[2025-12-06 02:10:36] [INFO ] LoginPage - enterAccount: cam0592
[2025-12-06 02:10:36] [INFO ] LoginPage - sendKeys: By.id: taiKhoan with cam0592
[2025-12-06 02:10:36] [INFO ] LoginPage - waitForVisibilityOfElementLocated: By.id: taiKhoan
[2025-12-06 02:10:36] [INFO ] LoginPage - enterPassword: Diqit0505@
[2025-12-06 02:10:36] [INFO ] LoginPage - sendKeys: By.id: matKhau with Diqit0505@
[2025-12-06 02:10:36] [INFO ] LoginPage - waitForVisibilityOfElementLocated: By.id: matKhau
[2025-12-06 02:10:36] [INFO ] LoginPage - clickLogin
[2025-12-06 02:10:36] [INFO ] LoginPage - click: By.xpath: //button[.='Đăng nhập']
[2025-12-06 02:10:36] [INFO ] LoginPage - waitForElementToBeClickable: By.xpath: //button[.='Đăng nhập']
[2025-12-06 02:10:36] [INFO ] TC_SeatTest - Before Method executed
[2025-12-06 02:10:36] [INFO ] TestListener - ===== START TEST: TC =====
[2025-12-06 02:10:36] [INFO ] HomePage - waitOptionsDropDownLoaded: By.xpath: //select[@name='film']/option
[2025-12-06 02:10:40] [INFO ] HomePage - waitForElementToBeClickable: By.xpath: //select[@name='film']
[2025-12-06 02:10:40] [INFO ] HomePage - waitOptionsDropDownLoaded: By.xpath: //select[@name='cinema']/option
[2025-12-06 02:10:41] [INFO ] HomePage - waitForElementToBeClickable: By.xpath: //select[@name='cinema']
[2025-12-06 02:10:41] [INFO ] HomePage - waitOptionsDropDownLoaded: By.xpath: //select[@name='date']/option
[2025-12-06 02:10:41] [INFO ] HomePage - waitForElementToBeClickable: By.xpath: //select[@name='date']
[2025-12-06 02:10:41] [INFO ] HomePage - click: By.xpath: //button[.//span[text()='MUA VÉ NGAY']]
[2025-12-06 02:10:41] [INFO ] HomePage - waitForElementToBeClickable: By.xpath: //button[.//span[text()='MUA VÉ NGAY']]
[2025-12-06 02:10:41] [INFO ] TestListener - ===== PASSED TEST: TC =====
[2025-12-06 02:10:41] [INFO ] TC_SeatTest - After Method executed
[2025-12-06 02:10:41] [INFO ] TC_SeatTest - After class executed
[2025-12-06 02:10:43] [INFO ] TestListener - >>> FINISH TEST SUITE: seat test
[2025-12-06 02:10:43] [INFO ] TC_SeatTest - Test Suite completed
[2025-12-06 02:11:27] [INFO ] TC_SeatTest - Before Suite executed
[2025-12-06 02:11:27] [INFO ] TestListener - >>> START TEST SUITE: register test
[2025-12-06 02:11:27] [INFO ] TestListener - >>> FINISH TEST SUITE: register test
[2025-12-06 02:11:27] [INFO ] TestListener - >>> START TEST SUITE: home test
[2025-12-06 02:11:27] [INFO ] TestListener - >>> FINISH TEST SUITE: home test
[2025-12-06 02:11:27] [INFO ] TestListener - >>> START TEST SUITE: showtime test
[2025-12-06 02:11:27] [INFO ] TestListener - >>> FINISH TEST SUITE: showtime test
[2025-12-06 02:11:27] [INFO ] TestListener - >>> START TEST SUITE: seat test
[2025-12-06 02:11:27] [INFO ] TC_SeatTest - Before class executed
[2025-12-06 02:11:30] [INFO ] TopBarNavigation - click: By.xpath: //h3[text()='Đăng Nhập']
[2025-12-06 02:11:30] [INFO ] TopBarNavigation - waitForElementToBeClickable: By.xpath: //h3[text()='Đăng Nhập']
[2025-12-06 02:11:30] [INFO ] LoginPage - enterAccount: cam0592
[2025-12-06 02:11:30] [INFO ] LoginPage - sendKeys: By.id: taiKhoan with cam0592
[2025-12-06 02:11:30] [INFO ] LoginPage - waitForVisibilityOfElementLocated: By.id: taiKhoan
[2025-12-06 02:11:30] [INFO ] LoginPage - enterPassword: Diqit0505@
[2025-12-06 02:11:30] [INFO ] LoginPage - sendKeys: By.id: matKhau with Diqit0505@
[2025-12-06 02:11:30] [INFO ] LoginPage - waitForVisibilityOfElementLocated: By.id: matKhau
[2025-12-06 02:11:30] [INFO ] LoginPage - clickLogin
[2025-12-06 02:11:30] [INFO ] LoginPage - click: By.xpath: //button[.='Đăng nhập']
[2025-12-06 02:11:30] [INFO ] LoginPage - waitForElementToBeClickable: By.xpath: //button[.='Đăng nhập']
[2025-12-06 02:11:33] [INFO ] TC_SeatTest - Before Method executed
[2025-12-06 02:11:33] [INFO ] TestListener - ===== START TEST: TC =====
[2025-12-06 02:11:33] [INFO ] HomePage - waitOptionsDropDownLoaded: By.xpath: //select[@name='film']/option
[2025-12-06 02:11:35] [INFO ] HomePage - waitForElementToBeClickable: By.xpath: //select[@name='film']
[2025-12-06 02:11:35] [INFO ] HomePage - waitOptionsDropDownLoaded: By.xpath: //select[@name='cinema']/option
[2025-12-06 02:11:36] [INFO ] HomePage - waitForElementToBeClickable: By.xpath: //select[@name='cinema']
[2025-12-06 02:11:36] [INFO ] HomePage - waitOptionsDropDownLoaded: By.xpath: //select[@name='date']/option
[2025-12-06 02:11:36] [INFO ] HomePage - waitForElementToBeClickable: By.xpath: //select[@name='date']
[2025-12-06 02:11:36] [INFO ] HomePage - click: By.xpath: //button[.//span[text()='MUA VÉ NGAY']]
[2025-12-06 02:11:36] [INFO ] HomePage - waitForElementToBeClickable: By.xpath: //button[.//span[text()='MUA VÉ NGAY']]
[2025-12-06 02:11:36] [INFO ] SeatPage - waitForElementToBeClickable: By.xpath: //button[@type='button' and not(@disabled)]/span[text()='90']
[2025-12-06 02:11:38] [INFO ] SeatPage - click: By.xpath: //button[@type='button' and not(@disabled)]/span[text()='90']
[2025-12-06 02:11:38] [INFO ] SeatPage - waitForElementToBeClickable: By.xpath: //button[@type='button' and not(@disabled)]/span[text()='90']
[2025-12-06 02:11:39] [INFO ] SeatPage - waitForElementToBeClickable: By.xpath: //button[@type='button' and not(@disabled)]/span[text()='91']
[2025-12-06 02:11:39] [INFO ] SeatPage - click: By.xpath: //button[@type='button' and not(@disabled)]/span[text()='91']
[2025-12-06 02:11:39] [INFO ] SeatPage - waitForElementToBeClickable: By.xpath: //button[@type='button' and not(@disabled)]/span[text()='91']
[2025-12-06 02:11:39] [INFO ] HomePage - waitOptionsDropDownLoaded: By.xpath: //select[@name='film']/option
[2025-12-06 02:11:41] [INFO ] HomePage - waitForElementToBeClickable: By.xpath: //select[@name='film']
[2025-12-06 02:11:41] [INFO ] HomePage - waitOptionsDropDownLoaded: By.xpath: //select[@name='cinema']/option
[2025-12-06 02:11:42] [INFO ] HomePage - waitForElementToBeClickable: By.xpath: //select[@name='cinema']
[2025-12-06 02:11:42] [INFO ] HomePage - waitOptionsDropDownLoaded: By.xpath: //select[@name='date']/option
[2025-12-06 02:11:42] [INFO ] HomePage - waitForElementToBeClickable: By.xpath: //select[@name='date']
[2025-12-06 02:11:43] [INFO ] HomePage - click: By.xpath: //button[.//span[text()='MUA VÉ NGAY']]
[2025-12-06 02:11:43] [INFO ] HomePage - waitForElementToBeClickable: By.xpath: //button[.//span[text()='MUA VÉ NGAY']]
[2025-12-06 02:11:44] [INFO ] TestListener - ===== PASSED TEST: TC =====
[2025-12-06 02:11:44] [INFO ] TC_SeatTest - After Method executed
[2025-12-06 02:11:44] [INFO ] TC_SeatTest - After class executed
[2025-12-06 02:11:44] [INFO ] TestListener - >>> FINISH TEST SUITE: seat test
[2025-12-06 02:11:44] [INFO ] TC_SeatTest - Test Suite completed
[2025-12-06 02:12:56] [INFO ] TC_SeatTest - Before Suite executed
[2025-12-06 02:12:56] [INFO ] TestListener - >>> START TEST SUITE: register test
[2025-12-06 02:12:56] [INFO ] TestListener - >>> FINISH TEST SUITE: register test
[2025-12-06 02:12:56] [INFO ] TestListener - >>> START TEST SUITE: home test
[2025-12-06 02:12:56] [INFO ] TestListener - >>> FINISH TEST SUITE: home test
[2025-12-06 02:12:56] [INFO ] TestListener - >>> START TEST SUITE: showtime test
[2025-12-06 02:12:56] [INFO ] TestListener - >>> FINISH TEST SUITE: showtime test
[2025-12-06 02:12:56] [INFO ] TestListener - >>> START TEST SUITE: seat test
[2025-12-06 02:12:56] [INFO ] TC_SeatTest - Before class executed
[2025-12-06 02:12:59] [INFO ] TopBarNavigation - click: By.xpath: //h3[text()='Đăng Nhập']
[2025-12-06 02:12:59] [INFO ] TopBarNavigation - waitForElementToBeClickable: By.xpath: //h3[text()='Đăng Nhập']
[2025-12-06 02:12:59] [INFO ] LoginPage - enterAccount: cam0592
[2025-12-06 02:12:59] [INFO ] LoginPage - sendKeys: By.id: taiKhoan with cam0592
[2025-12-06 02:12:59] [INFO ] LoginPage - waitForVisibilityOfElementLocated: By.id: taiKhoan
[2025-12-06 02:12:59] [INFO ] LoginPage - enterPassword: Diqit0505@
[2025-12-06 02:12:59] [INFO ] LoginPage - sendKeys: By.id: matKhau with Diqit0505@
[2025-12-06 02:12:59] [INFO ] LoginPage - waitForVisibilityOfElementLocated: By.id: matKhau
[2025-12-06 02:12:59] [INFO ] LoginPage - clickLogin
[2025-12-06 02:12:59] [INFO ] LoginPage - click: By.xpath: //button[.='Đăng nhập']
[2025-12-06 02:12:59] [INFO ] LoginPage - waitForElementToBeClickable: By.xpath: //button[.='Đăng nhập']
[2025-12-06 02:12:59] [INFO ] TC_SeatTest - Before Method executed
[2025-12-06 02:12:59] [INFO ] TestListener - ===== START TEST: TC =====
[2025-12-06 02:12:59] [INFO ] HomePage - waitOptionsDropDownLoaded: By.xpath: //select[@name='film']/option
[2025-12-06 02:13:04] [INFO ] HomePage - waitForElementToBeClickable: By.xpath: //select[@name='film']
[2025-12-06 02:13:04] [INFO ] HomePage - waitOptionsDropDownLoaded: By.xpath: //select[@name='cinema']/option
[2025-12-06 02:13:04] [INFO ] HomePage - waitForElementToBeClickable: By.xpath: //select[@name='cinema']
[2025-12-06 02:13:04] [INFO ] HomePage - waitOptionsDropDownLoaded: By.xpath: //select[@name='date']/option
[2025-12-06 02:13:04] [INFO ] HomePage - waitForElementToBeClickable: By.xpath: //select[@name='date']
[2025-12-06 02:13:04] [INFO ] HomePage - click: By.xpath: //button[.//span[text()='MUA VÉ NGAY']]
[2025-12-06 02:13:04] [INFO ] HomePage - waitForElementToBeClickable: By.xpath: //button[.//span[text()='MUA VÉ NGAY']]
[2025-12-06 02:13:04] [INFO ] SeatPage - waitForElementToBeClickable: By.xpath: //button[@type='button' and not(@disabled)]/span[text()='90']
[2025-12-06 02:13:06] [INFO ] SeatPage - click: By.xpath: //button[@type='button' and not(@disabled)]/span[text()='90']
[2025-12-06 02:13:06] [INFO ] SeatPage - waitForElementToBeClickable: By.xpath: //button[@type='button' and not(@disabled)]/span[text()='90']
[2025-12-06 02:13:06] [INFO ] SeatPage - waitForElementToBeClickable: By.xpath: //button[@type='button' and not(@disabled)]/span[text()='91']
[2025-12-06 02:13:06] [INFO ] SeatPage - click: By.xpath: //button[@type='button' and not(@disabled)]/span[text()='91']
[2025-12-06 02:13:06] [INFO ] SeatPage - waitForElementToBeClickable: By.xpath: //button[@type='button' and not(@disabled)]/span[text()='91']
[2025-12-06 02:13:06] [INFO ] HomePage - waitOptionsDropDownLoaded: By.xpath: //select[@name='film']/option
[2025-12-06 02:13:08] [INFO ] HomePage - waitForElementToBeClickable: By.xpath: //select[@name='film']
[2025-12-06 02:13:09] [INFO ] HomePage - waitOptionsDropDownLoaded: By.xpath: //select[@name='cinema']/option
[2025-12-06 02:13:09] [INFO ] HomePage - waitForElementToBeClickable: By.xpath: //select[@name='cinema']
[2025-12-06 02:13:10] [INFO ] HomePage - waitOptionsDropDownLoaded: By.xpath: //select[@name='date']/option
[2025-12-06 02:13:10] [INFO ] HomePage - waitForElementToBeClickable: By.xpath: //select[@name='date']
[2025-12-06 02:13:10] [INFO ] HomePage - click: By.xpath: //button[.//span[text()='MUA VÉ NGAY']]
[2025-12-06 02:13:10] [INFO ] HomePage - waitForElementToBeClickable: By.xpath: //button[.//span[text()='MUA VÉ NGAY']]
[2025-12-06 02:13:10] [INFO ] TestListener - ===== PASSED TEST: TC =====
[2025-12-06 02:13:10] [INFO ] TC_SeatTest - After Method executed
[2025-12-06 02:13:10] [INFO ] TC_SeatTest - After class executed
[2025-12-06 02:13:10] [INFO ] TestListener - >>> FINISH TEST SUITE: seat test
[2025-12-06 02:13:10] [INFO ] TC_SeatTest - Test Suite completed
