[2025-12-05 11:26:25] [INFO ] TC_SeatTest - Before Suite executed
[2025-12-05 11:26:25] [INFO ] TestListener - >>> START TEST SUITE: register test
[2025-12-05 11:26:25] [INFO ] TestListener - >>> FINISH TEST SUITE: register test
[2025-12-05 11:26:25] [INFO ] TestListener - >>> START TEST SUITE: home test
[2025-12-05 11:26:25] [INFO ] TestListener - >>> FINISH TEST SUITE: home test
[2025-12-05 11:26:25] [INFO ] TestListener - >>> START TEST SUITE: showtime test
[2025-12-05 11:26:25] [INFO ] TestListener - >>> FINISH TEST SUITE: showtime test
[2025-12-05 11:26:25] [INFO ] TestListener - >>> START TEST SUITE: seat test
[2025-12-05 11:26:25] [INFO ] TC_SeatTest - Before class executed
[2025-12-05 11:26:31] [INFO ] TopBarNavigation - click: By.xpath: //h3[text()='Đăng Nhập']
[2025-12-05 11:26:31] [INFO ] TopBarNavigation - waitForElementToBeClickable: By.xpath: //h3[text()='Đăng Nhập']
[2025-12-05 11:26:34] [INFO ] LoginPage - enterAccount: cam0592
[2025-12-05 11:26:34] [INFO ] LoginPage - sendKeys: By.id: taiKhoan with cam0592
[2025-12-05 11:26:34] [INFO ] LoginPage - waitForVisibilityOfElementLocated: By.id: taiKhoan
[2025-12-05 11:26:34] [INFO ] LoginPage - enterPassword: Diqit0505@
[2025-12-05 11:26:34] [INFO ] LoginPage - sendKeys: By.id: matKhau with Diqit0505@
[2025-12-05 11:26:34] [INFO ] LoginPage - waitForVisibilityOfElementLocated: By.id: matKhau
[2025-12-05 11:26:34] [INFO ] LoginPage - clickLogin
[2025-12-05 11:26:34] [INFO ] LoginPage - click: By.xpath: //button[.='Đăng nhập']
[2025-12-05 11:26:34] [INFO ] LoginPage - waitForElementToBeClickable: By.xpath: //button[.='Đăng nhập']
[2025-12-05 11:26:34] [INFO ] TC_SeatTest - Before Method executed
[2025-12-05 11:26:34] [INFO ] TestListener - ===== START TEST: TC05_verifyDisplayCorrectPriceAtInformationOfTicket =====
[2025-12-05 11:26:34] [INFO ] HomePage - waitOptionsDropDownLoaded: By.xpath: //select[@name='film']/option
[2025-12-05 11:26:38] [INFO ] HomePage - waitForElementToBeClickable: By.xpath: //select[@name='film']
[2025-12-05 11:26:39] [INFO ] HomePage - waitOptionsDropDownLoaded: By.xpath: //select[@name='cinema']/option
[2025-12-05 11:26:39] [INFO ] HomePage - waitForElementToBeClickable: By.xpath: //select[@name='cinema']
[2025-12-05 11:26:39] [INFO ] HomePage - waitOptionsDropDownLoaded: By.xpath: //select[@name='date']/option
[2025-12-05 11:26:39] [INFO ] HomePage - waitForElementToBeClickable: By.xpath: //select[@name='date']
[2025-12-05 11:26:39] [INFO ] HomePage - click: By.xpath: //button[.//span[text()='MUA VÉ NGAY']]
[2025-12-05 11:26:39] [INFO ] HomePage - waitForElementToBeClickable: By.xpath: //button[.//span[text()='MUA VÉ NGAY']]
[2025-12-05 11:26:39] [INFO ] SeatPage - waitForVisibilityOfElementLocated: By.xpath:  //p[contains(normalize-space(), 'VND')]
[2025-12-05 11:26:42] [INFO ] SeatPage - getText: By.xpath:  //p[contains(normalize-space(), 'VND')]
[2025-12-05 11:26:42] [INFO ] SeatPage - waitForVisibilityOfElementLocated: By.xpath:  //p[contains(normalize-space(), 'VND')]
[2025-12-05 11:26:42] [INFO ] SeatPage - waitForElementToBeClickable: By.xpath: //button[@type='button' and not(@disabled)]/span[text()='90']
[2025-12-05 11:26:42] [INFO ] SeatPage - click: By.xpath: //button[@type='button' and not(@disabled)]/span[text()='90']
[2025-12-05 11:26:42] [INFO ] SeatPage - waitForElementToBeClickable: By.xpath: //button[@type='button' and not(@disabled)]/span[text()='90']
[2025-12-05 11:26:42] [INFO ] SeatPage - waitForVisibilityOfElementLocated: By.xpath:  //p[contains(normalize-space(), 'VND')]
[2025-12-05 11:26:42] [INFO ] SeatPage - getText: By.xpath:  //p[contains(normalize-space(), 'VND')]
[2025-12-05 11:26:42] [INFO ] SeatPage - waitForVisibilityOfElementLocated: By.xpath:  //p[contains(normalize-space(), 'VND')]
[2025-12-05 11:26:44] [INFO ] SeatPage - waitForElementToBeClickable: By.xpath: //button[@type='button' and not(@disabled)]/span[text()='02']
[2025-12-05 11:26:44] [INFO ] SeatPage - click: By.xpath: //button[@type='button' and not(@disabled)]/span[text()='02']
[2025-12-05 11:26:44] [INFO ] SeatPage - waitForElementToBeClickable: By.xpath: //button[@type='button' and not(@disabled)]/span[text()='02']
[2025-12-05 11:26:44] [INFO ] SeatPage - waitForVisibilityOfElementLocated: By.xpath:  //p[contains(normalize-space(), 'VND')]
[2025-12-05 11:26:44] [INFO ] SeatPage - getText: By.xpath:  //p[contains(normalize-space(), 'VND')]
[2025-12-05 11:26:44] [INFO ] SeatPage - waitForVisibilityOfElementLocated: By.xpath:  //p[contains(normalize-space(), 'VND')]
[2025-12-05 11:26:46] [INFO ] TestListener - ===== PASSED TEST: TC05_verifyDisplayCorrectPriceAtInformationOfTicket =====
[2025-12-05 11:26:46] [INFO ] TC_SeatTest - After Method executed
[2025-12-05 11:26:46] [INFO ] TC_SeatTest - After class executed
[2025-12-05 11:26:46] [INFO ] TestListener - >>> FINISH TEST SUITE: seat test
[2025-12-05 11:26:47] [INFO ] TC_SeatTest - Test Suite completed
[2025-12-05 11:29:02] [INFO ] TC_SeatTest - Before Suite executed
[2025-12-05 11:29:03] [INFO ] TestListener - >>> START TEST SUITE: register test
[2025-12-05 11:29:03] [INFO ] TestListener - >>> FINISH TEST SUITE: register test
[2025-12-05 11:29:03] [INFO ] TestListener - >>> START TEST SUITE: home test
[2025-12-05 11:29:03] [INFO ] TestListener - >>> FINISH TEST SUITE: home test
[2025-12-05 11:29:03] [INFO ] TestListener - >>> START TEST SUITE: showtime test
[2025-12-05 11:29:03] [INFO ] TestListener - >>> FINISH TEST SUITE: showtime test
[2025-12-05 11:29:03] [INFO ] TestListener - >>> START TEST SUITE: seat test
[2025-12-05 11:29:03] [INFO ] TC_SeatTest - Before class executed
[2025-12-05 11:29:05] [INFO ] TopBarNavigation - click: By.xpath: //h3[text()='Đăng Nhập']
[2025-12-05 11:29:05] [INFO ] TopBarNavigation - waitForElementToBeClickable: By.xpath: //h3[text()='Đăng Nhập']
[2025-12-05 11:29:05] [INFO ] LoginPage - enterAccount: cam0592
[2025-12-05 11:29:05] [INFO ] LoginPage - sendKeys: By.id: taiKhoan with cam0592
[2025-12-05 11:29:05] [INFO ] LoginPage - waitForVisibilityOfElementLocated: By.id: taiKhoan
[2025-12-05 11:29:05] [INFO ] LoginPage - enterPassword: Diqit0505@
[2025-12-05 11:29:05] [INFO ] LoginPage - sendKeys: By.id: matKhau with Diqit0505@
[2025-12-05 11:29:05] [INFO ] LoginPage - waitForVisibilityOfElementLocated: By.id: matKhau
[2025-12-05 11:29:06] [INFO ] LoginPage - clickLogin
[2025-12-05 11:29:06] [INFO ] LoginPage - click: By.xpath: //button[.='Đăng nhập']
[2025-12-05 11:29:06] [INFO ] LoginPage - waitForElementToBeClickable: By.xpath: //button[.='Đăng nhập']
[2025-12-05 11:29:06] [INFO ] TC_SeatTest - Before Method executed
[2025-12-05 11:29:06] [INFO ] TestListener - ===== START TEST: TC05_verifyDisplayCorrectPriceAtInformationOfTicket =====
[2025-12-05 11:29:06] [INFO ] HomePage - waitOptionsDropDownLoaded: By.xpath: //select[@name='film']/option
[2025-12-05 11:29:10] [INFO ] HomePage - waitForElementToBeClickable: By.xpath: //select[@name='film']
[2025-12-05 11:29:10] [INFO ] HomePage - waitOptionsDropDownLoaded: By.xpath: //select[@name='cinema']/option
[2025-12-05 11:29:11] [INFO ] HomePage - waitForElementToBeClickable: By.xpath: //select[@name='cinema']
[2025-12-05 11:29:11] [INFO ] HomePage - waitOptionsDropDownLoaded: By.xpath: //select[@name='date']/option
[2025-12-05 11:29:11] [INFO ] HomePage - waitForElementToBeClickable: By.xpath: //select[@name='date']
[2025-12-05 11:29:11] [INFO ] HomePage - click: By.xpath: //button[.//span[text()='MUA VÉ NGAY']]
[2025-12-05 11:29:11] [INFO ] HomePage - waitForElementToBeClickable: By.xpath: //button[.//span[text()='MUA VÉ NGAY']]
[2025-12-05 11:29:11] [INFO ] SeatPage - waitForElementToBeClickable: By.xpath: //button[@type='button' and not(@disabled)]/span[text()='90']
[2025-12-05 11:29:13] [INFO ] SeatPage - click: By.xpath: //button[@type='button' and not(@disabled)]/span[text()='90']
[2025-12-05 11:29:13] [INFO ] SeatPage - waitForElementToBeClickable: By.xpath: //button[@type='button' and not(@disabled)]/span[text()='90']
[2025-12-05 11:29:13] [INFO ] SeatPage - waitForElementToBeClickable: By.xpath: //button[@type='button' and not(@disabled)]/span[text()='02']
[2025-12-05 11:29:13] [INFO ] SeatPage - click: By.xpath: //button[@type='button' and not(@disabled)]/span[text()='02']
[2025-12-05 11:29:13] [INFO ] SeatPage - waitForElementToBeClickable: By.xpath: //button[@type='button' and not(@disabled)]/span[text()='02']
[2025-12-05 11:29:13] [INFO ] SeatPage - waitForVisibilityOfElementLocated: By.xpath:  //p[contains(normalize-space(), 'VND')]
[2025-12-05 11:29:13] [INFO ] SeatPage - getText: By.xpath:  //p[contains(normalize-space(), 'VND')]
[2025-12-05 11:29:13] [INFO ] SeatPage - waitForVisibilityOfElementLocated: By.xpath:  //p[contains(normalize-space(), 'VND')]
[2025-12-05 11:29:14] [INFO ] SeatPage - waitForVisibilityOfElementLocated: By.xpath:  //p[contains(normalize-space(), 'VND')]
[2025-12-05 11:29:14] [INFO ] SeatPage - getText: By.xpath:  //p[contains(normalize-space(), 'VND')]
[2025-12-05 11:29:14] [INFO ] SeatPage - waitForVisibilityOfElementLocated: By.xpath:  //p[contains(normalize-space(), 'VND')]
[2025-12-05 11:29:16] [INFO ] TestListener - ===== PASSED TEST: TC05_verifyDisplayCorrectPriceAtInformationOfTicket =====
[2025-12-05 11:29:16] [INFO ] TC_SeatTest - After Method executed
[2025-12-05 11:29:16] [INFO ] TC_SeatTest - After class executed
[2025-12-05 11:29:16] [INFO ] TestListener - >>> FINISH TEST SUITE: seat test
[2025-12-05 11:29:17] [INFO ] TC_SeatTest - Test Suite completed
[2025-12-05 16:15:34] [INFO ] TC_SeatTest - Before Suite executed
[2025-12-05 16:15:34] [INFO ] TestListener - >>> START TEST SUITE: register test
[2025-12-05 16:15:34] [INFO ] TestListener - >>> FINISH TEST SUITE: register test
[2025-12-05 16:15:34] [INFO ] TestListener - >>> START TEST SUITE: home test
[2025-12-05 16:15:34] [INFO ] TestListener - >>> FINISH TEST SUITE: home test
[2025-12-05 16:15:34] [INFO ] TestListener - >>> START TEST SUITE: showtime test
[2025-12-05 16:15:34] [INFO ] TestListener - >>> FINISH TEST SUITE: showtime test
[2025-12-05 16:15:34] [INFO ] TestListener - >>> START TEST SUITE: seat test
[2025-12-05 16:15:34] [INFO ] TC_SeatTest - Before class executed
[2025-12-05 16:15:38] [INFO ] TopBarNavigation - click: By.xpath: //h3[text()='Đăng Nhập']
[2025-12-05 16:15:38] [INFO ] TopBarNavigation - waitForElementToBeClickable: By.xpath: //h3[text()='Đăng Nhập']
[2025-12-05 16:15:38] [INFO ] LoginPage - enterAccount: cam0592
[2025-12-05 16:15:38] [INFO ] LoginPage - sendKeys: By.id: taiKhoan with cam0592
[2025-12-05 16:15:38] [INFO ] LoginPage - waitForVisibilityOfElementLocated: By.id: taiKhoan
[2025-12-05 16:15:38] [INFO ] LoginPage - enterPassword: Diqit0505@
[2025-12-05 16:15:38] [INFO ] LoginPage - sendKeys: By.id: matKhau with Diqit0505@
[2025-12-05 16:15:38] [INFO ] LoginPage - waitForVisibilityOfElementLocated: By.id: matKhau
[2025-12-05 16:15:38] [INFO ] LoginPage - clickLogin
[2025-12-05 16:15:38] [INFO ] LoginPage - click: By.xpath: //button[.='Đăng nhập']
[2025-12-05 16:15:38] [INFO ] LoginPage - waitForElementToBeClickable: By.xpath: //button[.='Đăng nhập']
[2025-12-05 16:15:38] [INFO ] TC_SeatTest - Before Method executed
[2025-12-05 16:15:38] [INFO ] TestListener - ===== START TEST: TC =====
[2025-12-05 16:15:38] [INFO ] HomePage - waitOptionsDropDownLoaded: By.xpath: //select[@name='film']/option
[2025-12-05 16:15:43] [INFO ] HomePage - waitForElementToBeClickable: By.xpath: //select[@name='film']
[2025-12-05 16:15:43] [INFO ] HomePage - waitOptionsDropDownLoaded: By.xpath: //select[@name='cinema']/option
[2025-12-05 16:15:43] [INFO ] HomePage - waitForElementToBeClickable: By.xpath: //select[@name='cinema']
[2025-12-05 16:15:44] [INFO ] HomePage - waitOptionsDropDownLoaded: By.xpath: //select[@name='date']/option
[2025-12-05 16:15:44] [INFO ] HomePage - waitForElementToBeClickable: By.xpath: //select[@name='date']
[2025-12-05 16:15:44] [INFO ] HomePage - click: By.xpath: //button[.//span[text()='MUA VÉ NGAY']]
[2025-12-05 16:15:44] [INFO ] HomePage - waitForElementToBeClickable: By.xpath: //button[.//span[text()='MUA VÉ NGAY']]
[2025-12-05 16:15:44] [INFO ] SeatPage - getText: By.xpath: //div[h3[contains(text(),'Cụm Rạp:')]]
[2025-12-05 16:15:44] [INFO ] SeatPage - waitForVisibilityOfElementLocated: By.xpath: //div[h3[contains(text(),'Cụm Rạp:')]]
[2025-12-05 16:15:46] [INFO ] SeatPage - getText: By.xpath: //div[h3[contains(text(),'Địa chỉ:')]]
[2025-12-05 16:15:46] [INFO ] SeatPage - waitForVisibilityOfElementLocated: By.xpath: //div[h3[contains(text(),'Địa chỉ:')]]
[2025-12-05 16:15:46] [INFO ] SeatPage - getText: By.xpath: //div[h3[contains(text(),'Ngày giờ chiếu')]]//h3[contains(normalize-space(), ' -')]
[2025-12-05 16:15:46] [INFO ] SeatPage - waitForVisibilityOfElementLocated: By.xpath: //div[h3[contains(text(),'Ngày giờ chiếu')]]//h3[contains(normalize-space(), ' -')]
[2025-12-05 16:15:46] [ERROR] TestListener - ===== FAILED TEST: TC =====
java.time.format.DateTimeParseException: Text '15/10/202108:10' could not be parsed at index 2
	at java.base/java.time.format.DateTimeFormatter.parseResolved0(DateTimeFormatter.java:2108)
	at java.base/java.time.format.DateTimeFormatter.parse(DateTimeFormatter.java:2010)
	at java.base/java.time.LocalDateTime.parse(LocalDateTime.java:494)
	at pages.SeatPage.getDateOfShowTime(SeatPage.java:121)
	at testcases.seat.TC_SeatTest.TC(TC_SeatTest.java:96)
	at java.base/jdk.internal.reflect.DirectMethodHandleAccessor.invoke(DirectMethodHandleAccessor.java:103)
	at java.base/java.lang.reflect.Method.invoke(Method.java:580)
	at org.testng.internal.invokers.MethodInvocationHelper.invokeMethod(MethodInvocationHelper.java:141)
	at org.testng.internal.invokers.TestInvoker.invokeMethod(TestInvoker.java:687)
	at org.testng.internal.invokers.TestInvoker.invokeTestMethod(TestInvoker.java:230)
	at org.testng.internal.invokers.MethodRunner.runInSequence(MethodRunner.java:63)
	at org.testng.internal.invokers.TestInvoker$MethodInvocationAgent.invoke(TestInvoker.java:995)
	at org.testng.internal.invokers.TestInvoker.invokeTestMethods(TestInvoker.java:203)
	at org.testng.internal.invokers.TestMethodWorker.invokeTestMethods(TestMethodWorker.java:154)
	at org.testng.internal.invokers.TestMethodWorker.run(TestMethodWorker.java:134)
	at java.base/java.util.concurrent.Executors$RunnableAdapter.call(Executors.java:572)
	at java.base/java.util.concurrent.FutureTask.run(FutureTask.java:317)
	at org.testng.internal.thread.graph.TestNGFutureTask.run(TestNGFutureTask.java:22)
	at java.base/java.util.concurrent.ThreadPoolExecutor.runWorker(ThreadPoolExecutor.java:1144)
	at java.base/java.util.concurrent.ThreadPoolExecutor$Worker.run(ThreadPoolExecutor.java:642)
	at java.base/java.lang.Thread.run(Thread.java:1583)
[2025-12-05 16:15:46] [INFO ] TC_SeatTest - After Method executed
[2025-12-05 16:15:46] [INFO ] TC_SeatTest - After class executed
[2025-12-05 16:15:47] [INFO ] TestListener - >>> FINISH TEST SUITE: seat test
[2025-12-05 16:15:48] [INFO ] TC_SeatTest - Test Suite completed
[2025-12-05 16:18:14] [INFO ] TC_SeatTest - Before Suite executed
[2025-12-05 16:18:14] [INFO ] TestListener - >>> START TEST SUITE: register test
[2025-12-05 16:18:14] [INFO ] TestListener - >>> FINISH TEST SUITE: register test
[2025-12-05 16:18:14] [INFO ] TestListener - >>> START TEST SUITE: home test
[2025-12-05 16:18:14] [INFO ] TestListener - >>> FINISH TEST SUITE: home test
[2025-12-05 16:18:14] [INFO ] TestListener - >>> START TEST SUITE: showtime test
[2025-12-05 16:18:14] [INFO ] TestListener - >>> FINISH TEST SUITE: showtime test
[2025-12-05 16:18:14] [INFO ] TestListener - >>> START TEST SUITE: seat test
[2025-12-05 16:18:14] [INFO ] TC_SeatTest - Before class executed
[2025-12-05 16:18:17] [INFO ] TopBarNavigation - click: By.xpath: //h3[text()='Đăng Nhập']
[2025-12-05 16:18:17] [INFO ] TopBarNavigation - waitForElementToBeClickable: By.xpath: //h3[text()='Đăng Nhập']
[2025-12-05 16:18:17] [INFO ] LoginPage - enterAccount: cam0592
[2025-12-05 16:18:17] [INFO ] LoginPage - sendKeys: By.id: taiKhoan with cam0592
[2025-12-05 16:18:17] [INFO ] LoginPage - waitForVisibilityOfElementLocated: By.id: taiKhoan
[2025-12-05 16:18:17] [INFO ] LoginPage - enterPassword: Diqit0505@
[2025-12-05 16:18:17] [INFO ] LoginPage - sendKeys: By.id: matKhau with Diqit0505@
[2025-12-05 16:18:17] [INFO ] LoginPage - waitForVisibilityOfElementLocated: By.id: matKhau
[2025-12-05 16:18:17] [INFO ] LoginPage - clickLogin
[2025-12-05 16:18:17] [INFO ] LoginPage - click: By.xpath: //button[.='Đăng nhập']
[2025-12-05 16:18:17] [INFO ] LoginPage - waitForElementToBeClickable: By.xpath: //button[.='Đăng nhập']
[2025-12-05 16:18:18] [INFO ] TC_SeatTest - Before Method executed
[2025-12-05 16:18:18] [INFO ] TestListener - ===== START TEST: TC =====
[2025-12-05 16:18:18] [INFO ] HomePage - waitOptionsDropDownLoaded: By.xpath: //select[@name='film']/option
[2025-12-05 16:18:22] [INFO ] HomePage - waitForElementToBeClickable: By.xpath: //select[@name='film']
[2025-12-05 16:18:22] [INFO ] HomePage - waitOptionsDropDownLoaded: By.xpath: //select[@name='cinema']/option
[2025-12-05 16:18:23] [INFO ] HomePage - waitForElementToBeClickable: By.xpath: //select[@name='cinema']
[2025-12-05 16:18:23] [INFO ] HomePage - waitOptionsDropDownLoaded: By.xpath: //select[@name='date']/option
[2025-12-05 16:18:23] [INFO ] HomePage - waitForElementToBeClickable: By.xpath: //select[@name='date']
[2025-12-05 16:18:23] [INFO ] HomePage - click: By.xpath: //button[.//span[text()='MUA VÉ NGAY']]
[2025-12-05 16:18:23] [INFO ] HomePage - waitForElementToBeClickable: By.xpath: //button[.//span[text()='MUA VÉ NGAY']]
[2025-12-05 16:18:23] [INFO ] SeatPage - getText: By.xpath: //div[h3[contains(text(),'Cụm Rạp:')]]
[2025-12-05 16:18:23] [INFO ] SeatPage - waitForVisibilityOfElementLocated: By.xpath: //div[h3[contains(text(),'Cụm Rạp:')]]
[2025-12-05 16:18:25] [INFO ] SeatPage - getText: By.xpath: //div[h3[contains(text(),'Địa chỉ:')]]
[2025-12-05 16:18:25] [INFO ] SeatPage - waitForVisibilityOfElementLocated: By.xpath: //div[h3[contains(text(),'Địa chỉ:')]]
[2025-12-05 16:18:25] [INFO ] SeatPage - getText: By.xpath: //div[h3[contains(text(),'Ngày giờ chiếu')]]//h3[contains(normalize-space(), ' -')]
[2025-12-05 16:18:25] [INFO ] SeatPage - waitForVisibilityOfElementLocated: By.xpath: //div[h3[contains(text(),'Ngày giờ chiếu')]]//h3[contains(normalize-space(), ' -')]
[2025-12-05 16:18:25] [ERROR] TestListener - ===== FAILED TEST: TC =====
java.time.format.DateTimeParseException: Text '15/10/202108:10' could not be parsed at index 2
	at java.base/java.time.format.DateTimeFormatter.parseResolved0(DateTimeFormatter.java:2108)
	at java.base/java.time.format.DateTimeFormatter.parse(DateTimeFormatter.java:2010)
	at java.base/java.time.LocalDateTime.parse(LocalDateTime.java:494)
	at pages.SeatPage.getDateOfShowTime(SeatPage.java:121)
	at testcases.seat.TC_SeatTest.TC(TC_SeatTest.java:96)
	at java.base/jdk.internal.reflect.DirectMethodHandleAccessor.invoke(DirectMethodHandleAccessor.java:103)
	at java.base/java.lang.reflect.Method.invoke(Method.java:580)
	at org.testng.internal.invokers.MethodInvocationHelper.invokeMethod(MethodInvocationHelper.java:141)
	at org.testng.internal.invokers.TestInvoker.invokeMethod(TestInvoker.java:687)
	at org.testng.internal.invokers.TestInvoker.invokeTestMethod(TestInvoker.java:230)
	at org.testng.internal.invokers.MethodRunner.runInSequence(MethodRunner.java:63)
	at org.testng.internal.invokers.TestInvoker$MethodInvocationAgent.invoke(TestInvoker.java:995)
	at org.testng.internal.invokers.TestInvoker.invokeTestMethods(TestInvoker.java:203)
	at org.testng.internal.invokers.TestMethodWorker.invokeTestMethods(TestMethodWorker.java:154)
	at org.testng.internal.invokers.TestMethodWorker.run(TestMethodWorker.java:134)
	at java.base/java.util.concurrent.Executors$RunnableAdapter.call(Executors.java:572)
	at java.base/java.util.concurrent.FutureTask.run(FutureTask.java:317)
	at org.testng.internal.thread.graph.TestNGFutureTask.run(TestNGFutureTask.java:22)
	at java.base/java.util.concurrent.ThreadPoolExecutor.runWorker(ThreadPoolExecutor.java:1144)
	at java.base/java.util.concurrent.ThreadPoolExecutor$Worker.run(ThreadPoolExecutor.java:642)
	at java.base/java.lang.Thread.run(Thread.java:1583)
[2025-12-05 16:18:25] [INFO ] TC_SeatTest - After Method executed
[2025-12-05 16:18:25] [INFO ] TC_SeatTest - After class executed
[2025-12-05 16:18:25] [INFO ] TestListener - >>> FINISH TEST SUITE: seat test
[2025-12-05 16:18:25] [INFO ] TC_SeatTest - Test Suite completed
[2025-12-05 16:23:10] [INFO ] TC_SeatTest - Before Suite executed
[2025-12-05 16:23:10] [INFO ] TestListener - >>> START TEST SUITE: register test
[2025-12-05 16:23:10] [INFO ] TestListener - >>> FINISH TEST SUITE: register test
[2025-12-05 16:23:10] [INFO ] TestListener - >>> START TEST SUITE: home test
[2025-12-05 16:23:10] [INFO ] TestListener - >>> FINISH TEST SUITE: home test
[2025-12-05 16:23:10] [INFO ] TestListener - >>> START TEST SUITE: showtime test
[2025-12-05 16:23:10] [INFO ] TestListener - >>> FINISH TEST SUITE: showtime test
[2025-12-05 16:23:10] [INFO ] TestListener - >>> START TEST SUITE: seat test
[2025-12-05 16:23:10] [INFO ] TC_SeatTest - Before class executed
[2025-12-05 16:23:13] [INFO ] TopBarNavigation - click: By.xpath: //h3[text()='Đăng Nhập']
[2025-12-05 16:23:13] [INFO ] TopBarNavigation - waitForElementToBeClickable: By.xpath: //h3[text()='Đăng Nhập']
[2025-12-05 16:23:13] [INFO ] LoginPage - enterAccount: cam0592
[2025-12-05 16:23:13] [INFO ] LoginPage - sendKeys: By.id: taiKhoan with cam0592
[2025-12-05 16:23:13] [INFO ] LoginPage - waitForVisibilityOfElementLocated: By.id: taiKhoan
[2025-12-05 16:23:13] [INFO ] LoginPage - enterPassword: Diqit0505@
[2025-12-05 16:23:13] [INFO ] LoginPage - sendKeys: By.id: matKhau with Diqit0505@
[2025-12-05 16:23:13] [INFO ] LoginPage - waitForVisibilityOfElementLocated: By.id: matKhau
[2025-12-05 16:23:13] [INFO ] LoginPage - clickLogin
[2025-12-05 16:23:13] [INFO ] LoginPage - click: By.xpath: //button[.='Đăng nhập']
[2025-12-05 16:23:13] [INFO ] LoginPage - waitForElementToBeClickable: By.xpath: //button[.='Đăng nhập']
[2025-12-05 16:23:14] [INFO ] TC_SeatTest - Before Method executed
[2025-12-05 16:23:14] [INFO ] TestListener - ===== START TEST: TC =====
[2025-12-05 16:23:14] [INFO ] HomePage - waitOptionsDropDownLoaded: By.xpath: //select[@name='film']/option
[2025-12-05 16:23:18] [INFO ] HomePage - waitForElementToBeClickable: By.xpath: //select[@name='film']
[2025-12-05 16:23:18] [INFO ] HomePage - waitOptionsDropDownLoaded: By.xpath: //select[@name='cinema']/option
[2025-12-05 16:23:19] [INFO ] HomePage - waitForElementToBeClickable: By.xpath: //select[@name='cinema']
[2025-12-05 16:23:19] [INFO ] HomePage - waitOptionsDropDownLoaded: By.xpath: //select[@name='date']/option
[2025-12-05 16:23:19] [INFO ] HomePage - waitForElementToBeClickable: By.xpath: //select[@name='date']
[2025-12-05 16:23:19] [INFO ] HomePage - click: By.xpath: //button[.//span[text()='MUA VÉ NGAY']]
[2025-12-05 16:23:19] [INFO ] HomePage - waitForElementToBeClickable: By.xpath: //button[.//span[text()='MUA VÉ NGAY']]
[2025-12-05 16:23:19] [INFO ] SeatPage - getText: By.xpath: //div[h3[contains(text(),'Cụm Rạp:')]]
[2025-12-05 16:23:19] [INFO ] SeatPage - waitForVisibilityOfElementLocated: By.xpath: //div[h3[contains(text(),'Cụm Rạp:')]]
[2025-12-05 16:23:21] [INFO ] SeatPage - getText: By.xpath: //div[h3[contains(text(),'Địa chỉ:')]]
[2025-12-05 16:23:21] [INFO ] SeatPage - waitForVisibilityOfElementLocated: By.xpath: //div[h3[contains(text(),'Địa chỉ:')]]
[2025-12-05 16:23:21] [INFO ] SeatPage - getText: By.xpath: //div[h3[contains(text(),'Ngày giờ chiếu')]]//h3[contains(normalize-space(), ' -')]
[2025-12-05 16:23:21] [INFO ] SeatPage - waitForVisibilityOfElementLocated: By.xpath: //div[h3[contains(text(),'Ngày giờ chiếu')]]//h3[contains(normalize-space(), ' -')]
[2025-12-05 16:23:21] [ERROR] TestListener - ===== FAILED TEST: TC =====
java.time.format.DateTimeParseException: Text '15/10/202108:10' could not be parsed at index 2
	at java.base/java.time.format.DateTimeFormatter.parseResolved0(DateTimeFormatter.java:2108)
	at java.base/java.time.format.DateTimeFormatter.parse(DateTimeFormatter.java:2010)
	at java.base/java.time.LocalDateTime.parse(LocalDateTime.java:494)
	at pages.SeatPage.getDateOfShowTime(SeatPage.java:121)
	at testcases.seat.TC_SeatTest.TC(TC_SeatTest.java:96)
	at java.base/jdk.internal.reflect.DirectMethodHandleAccessor.invoke(DirectMethodHandleAccessor.java:103)
	at java.base/java.lang.reflect.Method.invoke(Method.java:580)
	at org.testng.internal.invokers.MethodInvocationHelper.invokeMethod(MethodInvocationHelper.java:141)
	at org.testng.internal.invokers.TestInvoker.invokeMethod(TestInvoker.java:687)
	at org.testng.internal.invokers.TestInvoker.invokeTestMethod(TestInvoker.java:230)
	at org.testng.internal.invokers.MethodRunner.runInSequence(MethodRunner.java:63)
	at org.testng.internal.invokers.TestInvoker$MethodInvocationAgent.invoke(TestInvoker.java:995)
	at org.testng.internal.invokers.TestInvoker.invokeTestMethods(TestInvoker.java:203)
	at org.testng.internal.invokers.TestMethodWorker.invokeTestMethods(TestMethodWorker.java:154)
	at org.testng.internal.invokers.TestMethodWorker.run(TestMethodWorker.java:134)
	at java.base/java.util.concurrent.Executors$RunnableAdapter.call(Executors.java:572)
	at java.base/java.util.concurrent.FutureTask.run(FutureTask.java:317)
	at org.testng.internal.thread.graph.TestNGFutureTask.run(TestNGFutureTask.java:22)
	at java.base/java.util.concurrent.ThreadPoolExecutor.runWorker(ThreadPoolExecutor.java:1144)
	at java.base/java.util.concurrent.ThreadPoolExecutor$Worker.run(ThreadPoolExecutor.java:642)
	at java.base/java.lang.Thread.run(Thread.java:1583)
[2025-12-05 16:23:21] [INFO ] TC_SeatTest - After Method executed
[2025-12-05 16:23:21] [INFO ] TC_SeatTest - After class executed
[2025-12-05 16:23:21] [INFO ] TestListener - >>> FINISH TEST SUITE: seat test
[2025-12-05 16:23:22] [INFO ] TC_SeatTest - Test Suite completed
